[ 2016-03-12T20:37:26+08:00 ] ::1 /tp/Home/User/login
INFO: [ app_begin ] --START--
INFO: Run Behavior\ReadHtmlCacheBehavior [ RunTime:0.000681s ]
INFO: [ app_begin ] --END-- [ RunTime:0.001227s ]
NOTIC: [2048] Declaration of Think\Model\MongoModel::setInc() should be compatible with Think\Model::setInc($field, $step = 1, $lazyTime = 0) D:\xampp\htdocs\tp\ThinkPHP\Library\Think\Model\MongoModel.class.php ç¬¬ 17 è¡Œ.
NOTIC: [2048] Declaration of Think\Model\MongoModel::setDec() should be compatible with Think\Model::setDec($field, $step = 1, $lazyTime = 0) D:\xampp\htdocs\tp\ThinkPHP\Library\Think\Model\MongoModel.class.php ç¬¬ 17 è¡Œ.
NOTIC: [2048] Declaration of Think\Db\Driver\Mongo::connect() should be compatible with Think\Db\Driver::connect($config = '', $linkNum = 0, $autoConnection = false) D:\xampp\htdocs\tp\ThinkPHP\Library\Think\Db\Driver\Mongo.class.php ç¬¬ 18 è¡Œ.
NOTIC: [2048] Declaration of Think\Db\Driver\Mongo::insertAll() should be compatible with Think\Db\Driver::insertAll($dataSet, $options = Array, $replace = false) D:\xampp\htdocs\tp\ThinkPHP\Library\Think\Db\Driver\Mongo.class.php ç¬¬ 18 è¡Œ.
ERR: Failed to connect to: localhost:27017: ÓÉÓÚÄ¿±ê¼ÆËã»ú»ý¼«¾Ü¾ø£¬ÎÞ·¨Á¬½Ó¡£


[ 2016-03-12T20:37:27+08:00 ] ::1 /tp/Home/User/login
INFO: [ app_begin ] --START--
INFO: Run Behavior\ReadHtmlCacheBehavior [ RunTime:0.000486s ]
INFO: [ app_begin ] --END-- [ RunTime:0.000864s ]
NOTIC: [2048] Declaration of Think\Model\MongoModel::setInc() should be compatible with Think\Model::setInc($field, $step = 1, $lazyTime = 0) D:\xampp\htdocs\tp\ThinkPHP\Library\Think\Model\MongoModel.class.php ç¬¬ 17 è¡Œ.
NOTIC: [2048] Declaration of Think\Model\MongoModel::setDec() should be compatible with Think\Model::setDec($field, $step = 1, $lazyTime = 0) D:\xampp\htdocs\tp\ThinkPHP\Library\Think\Model\MongoModel.class.php ç¬¬ 17 è¡Œ.
NOTIC: [2048] Declaration of Think\Db\Driver\Mongo::connect() should be compatible with Think\Db\Driver::connect($config = '', $linkNum = 0, $autoConnection = false) D:\xampp\htdocs\tp\ThinkPHP\Library\Think\Db\Driver\Mongo.class.php ç¬¬ 18 è¡Œ.
NOTIC: [2048] Declaration of Think\Db\Driver\Mongo::insertAll() should be compatible with Think\Db\Driver::insertAll($dataSet, $options = Array, $replace = false) D:\xampp\htdocs\tp\ThinkPHP\Library\Think\Db\Driver\Mongo.class.php ç¬¬ 18 è¡Œ.
ERR: Failed to connect to: localhost:27017: Previous connection attempts failed, server blacklisted

[ 2016-03-12T20:37:40+08:00 ] ::1 /tp/Home/User/login
INFO: [ app_begin ] --START--
INFO: Run Behavior\ReadHtmlCacheBehavior [ RunTime:0.000793s ]
INFO: [ app_begin ] --END-- [ RunTime:0.001511s ]
NOTIC: [2048] Declaration of Think\Model\MongoModel::setInc() should be compatible with Think\Model::setInc($field, $step = 1, $lazyTime = 0) D:\xampp\htdocs\tp\ThinkPHP\Library\Think\Model\MongoModel.class.php ç¬¬ 17 è¡Œ.
NOTIC: [2048] Declaration of Think\Model\MongoModel::setDec() should be compatible with Think\Model::setDec($field, $step = 1, $lazyTime = 0) D:\xampp\htdocs\tp\ThinkPHP\Library\Think\Model\MongoModel.class.php ç¬¬ 17 è¡Œ.
NOTIC: [2048] Declaration of Think\Db\Driver\Mongo::connect() should be compatible with Think\Db\Driver::connect($config = '', $linkNum = 0, $autoConnection = false) D:\xampp\htdocs\tp\ThinkPHP\Library\Think\Db\Driver\Mongo.class.php ç¬¬ 18 è¡Œ.
NOTIC: [2048] Declaration of Think\Db\Driver\Mongo::insertAll() should be compatible with Think\Db\Driver::insertAll($dataSet, $options = Array, $replace = false) D:\xampp\htdocs\tp\ThinkPHP\Library\Think\Db\Driver\Mongo.class.php ç¬¬ 18 è¡Œ.
ERR: Failed to connect to: localhost:27017: ÓÉÓÚÄ¿±ê¼ÆËã»ú»ý¼«¾Ü¾ø£¬ÎÞ·¨Á¬½Ó¡£


[ 2016-03-12T20:38:28+08:00 ] ::1 /tp/Home/User/login
INFO: [ app_begin ] --START--
INFO: Run Behavior\ReadHtmlCacheBehavior [ RunTime:0.000510s ]
INFO: [ app_begin ] --END-- [ RunTime:0.001225s ]
NOTIC: [2048] Declaration of Think\Model\MongoModel::setInc() should be compatible with Think\Model::setInc($field, $step = 1, $lazyTime = 0) D:\xampp\htdocs\tp\ThinkPHP\Library\Think\Model\MongoModel.class.php ç¬¬ 17 è¡Œ.
NOTIC: [2048] Declaration of Think\Model\MongoModel::setDec() should be compatible with Think\Model::setDec($field, $step = 1, $lazyTime = 0) D:\xampp\htdocs\tp\ThinkPHP\Library\Think\Model\MongoModel.class.php ç¬¬ 17 è¡Œ.
NOTIC: [2048] Declaration of Think\Db\Driver\Mongo::connect() should be compatible with Think\Db\Driver::connect($config = '', $linkNum = 0, $autoConnection = false) D:\xampp\htdocs\tp\ThinkPHP\Library\Think\Db\Driver\Mongo.class.php ç¬¬ 18 è¡Œ.
NOTIC: [2048] Declaration of Think\Db\Driver\Mongo::insertAll() should be compatible with Think\Db\Driver::insertAll($dataSet, $options = Array, $replace = false) D:\xampp\htdocs\tp\ThinkPHP\Library\Think\Db\Driver\Mongo.class.php ç¬¬ 18 è¡Œ.
SQL: test.getCollection(user) [ RunTime:0.3491s ]
NOTIC: [8] Undefined variable: datas D:\xampp\htdocs\tp\Application\Home\Controller\UserController.class.php ç¬¬ 67 è¡Œ.
NOTIC: [8] Undefined variable: data D:\xampp\htdocs\tp\Application\Home\Controller\UserController.class.php ç¬¬ 42 è¡Œ.
SQL: test.user.find({"username":null}) [ RunTime:0.0002s ]
NOTIC: [8] Undefined index: password D:\xampp\htdocs\tp\Application\Home\Controller\UserController.class.php ç¬¬ 44 è¡Œ.
NOTIC: [8] Undefined variable: data D:\xampp\htdocs\tp\Application\Home\Controller\UserController.class.php ç¬¬ 44 è¡Œ.
INFO: [ app_end ] --START--
INFO: Run Behavior\ShowPageTraceBehavior [ RunTime:0.002203s ]
INFO: [ app_end ] --END-- [ RunTime:0.002367s ]

[ 2016-03-12T20:46:30+08:00 ] ::1 /tp/Home/User/login
INFO: [ app_begin ] --START--
INFO: Run Behavior\ReadHtmlCacheBehavior [ RunTime:0.000486s ]
INFO: [ app_begin ] --END-- [ RunTime:0.000867s ]
NOTIC: [2048] Declaration of Think\Model\MongoModel::setInc() should be compatible with Think\Model::setInc($field, $step = 1, $lazyTime = 0) D:\xampp\htdocs\tp\ThinkPHP\Library\Think\Model\MongoModel.class.php ç¬¬ 17 è¡Œ.
NOTIC: [2048] Declaration of Think\Model\MongoModel::setDec() should be compatible with Think\Model::setDec($field, $step = 1, $lazyTime = 0) D:\xampp\htdocs\tp\ThinkPHP\Library\Think\Model\MongoModel.class.php ç¬¬ 17 è¡Œ.
NOTIC: [2048] Declaration of Think\Db\Driver\Mongo::connect() should be compatible with Think\Db\Driver::connect($config = '', $linkNum = 0, $autoConnection = false) D:\xampp\htdocs\tp\ThinkPHP\Library\Think\Db\Driver\Mongo.class.php ç¬¬ 18 è¡Œ.
NOTIC: [2048] Declaration of Think\Db\Driver\Mongo::insertAll() should be compatible with Think\Db\Driver::insertAll($dataSet, $options = Array, $replace = false) D:\xampp\htdocs\tp\ThinkPHP\Library\Think\Db\Driver\Mongo.class.php ç¬¬ 18 è¡Œ.
SQL: test.getCollection(user) [ RunTime:0.0001s ]
NOTIC: [8] Undefined variable: datas D:\xampp\htdocs\tp\Application\Home\Controller\UserController.class.php ç¬¬ 67 è¡Œ.
NOTIC: [8] Undefined variable: data D:\xampp\htdocs\tp\Application\Home\Controller\UserController.class.php ç¬¬ 42 è¡Œ.
SQL: test.user.find({"username":null}) [ RunTime:0.0001s ]
NOTIC: [8] Undefined index: password D:\xampp\htdocs\tp\Application\Home\Controller\UserController.class.php ç¬¬ 44 è¡Œ.
NOTIC: [8] Undefined variable: data D:\xampp\htdocs\tp\Application\Home\Controller\UserController.class.php ç¬¬ 44 è¡Œ.
INFO: [ app_end ] --START--
INFO: Run Behavior\ShowPageTraceBehavior [ RunTime:0.002591s ]
INFO: [ app_end ] --END-- [ RunTime:0.002775s ]

[ 2016-03-12T20:49:11+08:00 ] ::1 /tp/Home/User/login
INFO: [ app_begin ] --START--
INFO: Run Behavior\ReadHtmlCacheBehavior [ RunTime:0.000487s ]
INFO: [ app_begin ] --END-- [ RunTime:0.000873s ]
NOTIC: [2048] Declaration of Think\Model\MongoModel::setInc() should be compatible with Think\Model::setInc($field, $step = 1, $lazyTime = 0) D:\xampp\htdocs\tp\ThinkPHP\Library\Think\Model\MongoModel.class.php ç¬¬ 17 è¡Œ.
NOTIC: [2048] Declaration of Think\Model\MongoModel::setDec() should be compatible with Think\Model::setDec($field, $step = 1, $lazyTime = 0) D:\xampp\htdocs\tp\ThinkPHP\Library\Think\Model\MongoModel.class.php ç¬¬ 17 è¡Œ.
NOTIC: [2048] Declaration of Think\Db\Driver\Mongo::connect() should be compatible with Think\Db\Driver::connect($config = '', $linkNum = 0, $autoConnection = false) D:\xampp\htdocs\tp\ThinkPHP\Library\Think\Db\Driver\Mongo.class.php ç¬¬ 18 è¡Œ.
NOTIC: [2048] Declaration of Think\Db\Driver\Mongo::insertAll() should be compatible with Think\Db\Driver::insertAll($dataSet, $options = Array, $replace = false) D:\xampp\htdocs\tp\ThinkPHP\Library\Think\Db\Driver\Mongo.class.php ç¬¬ 18 è¡Œ.
SQL: test.getCollection(user) [ RunTime:0.0001s ]
NOTIC: [8] Undefined variable: datas D:\xampp\htdocs\tp\Application\Home\Controller\UserController.class.php ç¬¬ 67 è¡Œ.
NOTIC: [8] Undefined variable: data D:\xampp\htdocs\tp\Application\Home\Controller\UserController.class.php ç¬¬ 42 è¡Œ.
SQL: test.user.find({"username":null}) [ RunTime:0.0001s ]
NOTIC: [8] Undefined index: password D:\xampp\htdocs\tp\Application\Home\Controller\UserController.class.php ç¬¬ 44 è¡Œ.
NOTIC: [8] Undefined variable: data D:\xampp\htdocs\tp\Application\Home\Controller\UserController.class.php ç¬¬ 44 è¡Œ.
INFO: [ app_end ] --START--
INFO: Run Behavior\ShowPageTraceBehavior [ RunTime:0.002049s ]
INFO: [ app_end ] --END-- [ RunTime:0.002211s ]

[ 2016-03-12T20:49:17+08:00 ] ::1 /tp/Home/User/login
INFO: [ app_begin ] --START--
INFO: Run Behavior\ReadHtmlCacheBehavior [ RunTime:0.000493s ]
INFO: [ app_begin ] --END-- [ RunTime:0.000876s ]
NOTIC: [2048] Declaration of Think\Model\MongoModel::setInc() should be compatible with Think\Model::setInc($field, $step = 1, $lazyTime = 0) D:\xampp\htdocs\tp\ThinkPHP\Library\Think\Model\MongoModel.class.php ç¬¬ 17 è¡Œ.
NOTIC: [2048] Declaration of Think\Model\MongoModel::setDec() should be compatible with Think\Model::setDec($field, $step = 1, $lazyTime = 0) D:\xampp\htdocs\tp\ThinkPHP\Library\Think\Model\MongoModel.class.php ç¬¬ 17 è¡Œ.
NOTIC: [2048] Declaration of Think\Db\Driver\Mongo::connect() should be compatible with Think\Db\Driver::connect($config = '', $linkNum = 0, $autoConnection = false) D:\xampp\htdocs\tp\ThinkPHP\Library\Think\Db\Driver\Mongo.class.php ç¬¬ 18 è¡Œ.
NOTIC: [2048] Declaration of Think\Db\Driver\Mongo::insertAll() should be compatible with Think\Db\Driver::insertAll($dataSet, $options = Array, $replace = false) D:\xampp\htdocs\tp\ThinkPHP\Library\Think\Db\Driver\Mongo.class.php ç¬¬ 18 è¡Œ.
SQL: test.getCollection(user) [ RunTime:0.0001s ]
NOTIC: [8] Undefined variable: datas D:\xampp\htdocs\tp\Application\Home\Controller\UserController.class.php ç¬¬ 67 è¡Œ.
NOTIC: [8] Undefined variable: data D:\xampp\htdocs\tp\Application\Home\Controller\UserController.class.php ç¬¬ 42 è¡Œ.
SQL: test.user.find({"username":null}) [ RunTime:0.0001s ]
NOTIC: [8] Undefined index: password D:\xampp\htdocs\tp\Application\Home\Controller\UserController.class.php ç¬¬ 44 è¡Œ.
NOTIC: [8] Undefined variable: data D:\xampp\htdocs\tp\Application\Home\Controller\UserController.class.php ç¬¬ 44 è¡Œ.
INFO: [ app_end ] --START--
INFO: Run Behavior\ShowPageTraceBehavior [ RunTime:0.002599s ]
INFO: [ app_end ] --END-- [ RunTime:0.002819s ]

