[ 2016-03-06T00:22:52+08:00 ] ::1 /tp/home/index/login
ERR: Think\Model:login方法不存在！

[ 2016-03-06T00:23:16+08:00 ] ::1 /tp/home/index/login
ERR: Think\Model:login方法不存在！

[ 2016-03-06T00:23:17+08:00 ] ::1 /tp/home/index/login
ERR: Think\Model:login方法不存在！

[ 2016-03-06T00:23:28+08:00 ] ::1 /tp/home/index/login
ERR: 1146:Table 'buct_shop.tp_index' doesn't exist
 [ SQL语句 ] : SHOW COLUMNS FROM `tp_index`

[ 2016-03-06T00:30:37+08:00 ] ::1 /tp/Home/User/login
INFO: [ app_begin ] --START--
INFO: Run Behavior\ReadHtmlCacheBehavior [ RunTime:0.001906s ]
INFO: [ app_begin ] --END-- [ RunTime:0.003077s ]

[ 2016-03-06T00:31:07+08:00 ] ::1 /tp/Home/User/login
INFO: [ app_begin ] --START--
INFO: Run Behavior\ReadHtmlCacheBehavior [ RunTime:0.000476s ]
INFO: [ app_begin ] --END-- [ RunTime:0.000864s ]
SQL: SHOW COLUMNS FROM `tp_user` [ RunTime:0.0098s ]
NOTIC: [2] Missing argument 1 for Home\Model\UserModel::login(), called in D:\xampp\htdocs\tp\Application\Home\Controller\UserController.class.php on line 24 and defined D:\xampp\htdocs\tp\Application\Home\Model\UserModel.class.php 第 5 行.
SQL: SHOW COLUMNS FROM `tp_user` [ RunTime:0.0044s ]
NOTIC: [8] Undefined variable: data D:\xampp\htdocs\tp\Application\Home\Model\UserModel.class.php 第 7 行.
SQL: SELECT * FROM `tp_user`  [ RunTime:0.0004s ]
NOTIC: [8] Undefined variable: datas D:\xampp\htdocs\tp\Application\Home\Model\UserModel.class.php 第 11 行.
INFO: [ app_end ] --START--
INFO: Run Behavior\ShowPageTraceBehavior [ RunTime:0.000879s ]
INFO: [ app_end ] --END-- [ RunTime:0.000925s ]

[ 2016-03-06T00:31:18+08:00 ] ::1 /tp/Home/User/login
INFO: [ app_begin ] --START--
INFO: Run Behavior\ReadHtmlCacheBehavior [ RunTime:0.000552s ]
INFO: [ app_begin ] --END-- [ RunTime:0.001277s ]
SQL: SHOW COLUMNS FROM `tp_user` [ RunTime:0.0708s ]
NOTIC: [2] Missing argument 1 for Home\Model\UserModel::login(), called in D:\xampp\htdocs\tp\Application\Home\Controller\UserController.class.php on line 24 and defined D:\xampp\htdocs\tp\Application\Home\Model\UserModel.class.php 第 5 行.
SQL: SHOW COLUMNS FROM `tp_user` [ RunTime:0.0044s ]
NOTIC: [8] Undefined variable: data D:\xampp\htdocs\tp\Application\Home\Model\UserModel.class.php 第 7 行.
SQL: SELECT * FROM `tp_user`  [ RunTime:0.0004s ]
NOTIC: [8] Undefined variable: datas D:\xampp\htdocs\tp\Application\Home\Model\UserModel.class.php 第 11 行.
INFO: [ app_end ] --START--
INFO: Run Behavior\ShowPageTraceBehavior [ RunTime:0.000643s ]
INFO: [ app_end ] --END-- [ RunTime:0.000688s ]

[ 2016-03-06T00:32:40+08:00 ] ::1 /tp/Home/User/login
INFO: [ app_begin ] --START--
INFO: Run Behavior\ReadHtmlCacheBehavior [ RunTime:0.000780s ]
INFO: [ app_begin ] --END-- [ RunTime:0.001327s ]
SQL: SHOW COLUMNS FROM `tp_user` [ RunTime:0.0120s ]
SQL: SHOW COLUMNS FROM `tp_user` [ RunTime:0.0281s ]
SQL: SELECT * FROM `tp_user` WHERE `username` = 'admin' AND `password` = 'admin'  [ RunTime:0.0185s ]
INFO: [ app_end ] --START--
INFO: Run Behavior\ShowPageTraceBehavior [ RunTime:0.000654s ]
INFO: [ app_end ] --END-- [ RunTime:0.000699s ]

[ 2016-03-06T00:33:31+08:00 ] ::1 /tp/Home/User/login
INFO: [ app_begin ] --START--
INFO: Run Behavior\ReadHtmlCacheBehavior [ RunTime:0.000913s ]
INFO: [ app_begin ] --END-- [ RunTime:0.001556s ]
SQL: SHOW COLUMNS FROM `tp_user` [ RunTime:0.0090s ]
SQL: SHOW COLUMNS FROM `tp_user` [ RunTime:0.0087s ]
SQL: SELECT * FROM `tp_user` WHERE `username` = 'admin' AND `password` = 'admin'  [ RunTime:0.0004s ]
INFO: [ app_end ] --START--
INFO: Run Behavior\ShowPageTraceBehavior [ RunTime:0.000975s ]
INFO: [ app_end ] --END-- [ RunTime:0.021761s ]

[ 2016-03-06T00:35:10+08:00 ] ::1 /tp/Home/User/login
INFO: [ app_begin ] --START--
INFO: Run Behavior\ReadHtmlCacheBehavior [ RunTime:0.000755s ]
INFO: [ app_begin ] --END-- [ RunTime:0.001219s ]
SQL: SHOW COLUMNS FROM `tp_user` [ RunTime:0.0098s ]
SQL: SHOW COLUMNS FROM `tp_user` [ RunTime:0.0043s ]
SQL: SELECT * FROM `tp_user`  [ RunTime:0.0004s ]
INFO: [ app_end ] --START--
INFO: Run Behavior\ShowPageTraceBehavior [ RunTime:0.000674s ]
INFO: [ app_end ] --END-- [ RunTime:0.000719s ]

[ 2016-03-06T01:01:17+08:00 ] ::1 /tp/Home/User/login
INFO: [ app_begin ] --START--
INFO: Run Behavior\ReadHtmlCacheBehavior [ RunTime:0.000508s ]
INFO: [ app_begin ] --END-- [ RunTime:0.000901s ]
SQL: SHOW COLUMNS FROM `tp_user` [ RunTime:0.0099s ]
SQL: SHOW COLUMNS FROM `tp_user` [ RunTime:0.0043s ]
SQL: SELECT * FROM `tp_user`  [ RunTime:0.0004s ]
INFO: [ app_end ] --START--
INFO: Run Behavior\ShowPageTraceBehavior [ RunTime:0.000660s ]
INFO: [ app_end ] --END-- [ RunTime:0.000710s ]

[ 2016-03-06T01:03:23+08:00 ] ::1 /tp/Home/User/login
INFO: [ app_begin ] --START--
INFO: Run Behavior\ReadHtmlCacheBehavior [ RunTime:0.000511s ]
INFO: [ app_begin ] --END-- [ RunTime:0.001040s ]
SQL: SHOW COLUMNS FROM `tp_user` [ RunTime:0.0101s ]
SQL: SHOW COLUMNS FROM `tp_user` [ RunTime:0.0047s ]
SQL: SELECT * FROM `tp_user`  [ RunTime:0.0004s ]
INFO: [ app_end ] --START--
INFO: Run Behavior\ShowPageTraceBehavior [ RunTime:0.000831s ]
INFO: [ app_end ] --END-- [ RunTime:0.000903s ]

[ 2016-03-06T01:04:41+08:00 ] ::1 /tp/Home/User/login
INFO: [ app_begin ] --START--
INFO: Run Behavior\ReadHtmlCacheBehavior [ RunTime:0.000895s ]
INFO: [ app_begin ] --END-- [ RunTime:0.001454s ]
SQL: SHOW COLUMNS FROM `tp_user` [ RunTime:0.0106s ]
SQL: SHOW COLUMNS FROM `tp_user` [ RunTime:0.0046s ]
SQL: SELECT * FROM `tp_user`  [ RunTime:0.0003s ]
INFO: [ app_end ] --START--
INFO: Run Behavior\ShowPageTraceBehavior [ RunTime:0.000884s ]
INFO: [ app_end ] --END-- [ RunTime:0.000931s ]

[ 2016-03-06T01:06:55+08:00 ] ::1 /tp/Home/User/login
INFO: [ app_begin ] --START--
INFO: Run Behavior\ReadHtmlCacheBehavior [ RunTime:0.000749s ]
INFO: [ app_begin ] --END-- [ RunTime:0.001216s ]
SQL: SHOW COLUMNS FROM `tp_user` [ RunTime:0.0088s ]
SQL: SHOW COLUMNS FROM `tp_user` [ RunTime:0.0047s ]
SQL: SELECT * FROM `tp_user`  [ RunTime:0.0004s ]
INFO: [ app_end ] --START--
INFO: Run Behavior\ShowPageTraceBehavior [ RunTime:0.000891s ]
INFO: [ app_end ] --END-- [ RunTime:0.000938s ]

[ 2016-03-06T01:08:08+08:00 ] ::1 /tp/Home/User/login
INFO: [ app_begin ] --START--
INFO: Run Behavior\ReadHtmlCacheBehavior [ RunTime:0.000858s ]
INFO: [ app_begin ] --END-- [ RunTime:0.001962s ]
SQL: SHOW COLUMNS FROM `tp_user` [ RunTime:0.0097s ]
SQL: SHOW COLUMNS FROM `tp_user` [ RunTime:0.0046s ]
SQL: SELECT * FROM `tp_user` WHERE `username` = 'admin'  [ RunTime:0.0003s ]
INFO: [ app_end ] --START--
INFO: Run Behavior\ShowPageTraceBehavior [ RunTime:0.000853s ]
INFO: [ app_end ] --END-- [ RunTime:0.000906s ]

[ 2016-03-06T01:08:28+08:00 ] ::1 /tp/Home/User/login
INFO: [ app_begin ] --START--
INFO: Run Behavior\ReadHtmlCacheBehavior [ RunTime:0.000972s ]
INFO: [ app_begin ] --END-- [ RunTime:0.001982s ]
SQL: SHOW COLUMNS FROM `tp_user` [ RunTime:0.0108s ]
SQL: SHOW COLUMNS FROM `tp_user` [ RunTime:0.0041s ]
SQL: SELECT * FROM `tp_user` WHERE `username` = 'view'  [ RunTime:0.0003s ]
INFO: [ app_end ] --START--
INFO: Run Behavior\ShowPageTraceBehavior [ RunTime:0.000864s ]
INFO: [ app_end ] --END-- [ RunTime:0.000934s ]

[ 2016-03-06T01:08:34+08:00 ] ::1 /tp/Home/User/login
INFO: [ app_begin ] --START--
INFO: Run Behavior\ReadHtmlCacheBehavior [ RunTime:0.000497s ]
INFO: [ app_begin ] --END-- [ RunTime:0.000877s ]
SQL: SHOW COLUMNS FROM `tp_user` [ RunTime:0.0096s ]
SQL: SHOW COLUMNS FROM `tp_user` [ RunTime:0.0042s ]
SQL: SELECT * FROM `tp_user` WHERE `username` = 'view'  [ RunTime:0.0004s ]
INFO: [ app_end ] --START--
INFO: Run Behavior\ShowPageTraceBehavior [ RunTime:0.000657s ]
INFO: [ app_end ] --END-- [ RunTime:0.000703s ]

[ 2016-03-06T01:08:38+08:00 ] ::1 /tp/Home/User/login
INFO: [ app_begin ] --START--
INFO: Run Behavior\ReadHtmlCacheBehavior [ RunTime:0.000479s ]
INFO: [ app_begin ] --END-- [ RunTime:0.000861s ]
SQL: SHOW COLUMNS FROM `tp_user` [ RunTime:0.0092s ]
SQL: SHOW COLUMNS FROM `tp_user` [ RunTime:0.0043s ]
SQL: SELECT * FROM `tp_user` WHERE `username` = 'view'  [ RunTime:0.0004s ]
INFO: [ app_end ] --START--
INFO: Run Behavior\ShowPageTraceBehavior [ RunTime:0.000667s ]
INFO: [ app_end ] --END-- [ RunTime:0.000711s ]

[ 2016-03-06T01:08:47+08:00 ] ::1 /tp/Home/User/login
INFO: [ app_begin ] --START--
INFO: Run Behavior\ReadHtmlCacheBehavior [ RunTime:0.000503s ]
INFO: [ app_begin ] --END-- [ RunTime:0.000908s ]
SQL: SHOW COLUMNS FROM `tp_user` [ RunTime:0.0094s ]
SQL: SHOW COLUMNS FROM `tp_user` [ RunTime:0.0046s ]
SQL: SELECT * FROM `tp_user` WHERE `username` = 'view'  [ RunTime:0.0004s ]
INFO: [ app_end ] --START--
INFO: Run Behavior\ShowPageTraceBehavior [ RunTime:0.000667s ]
INFO: [ app_end ] --END-- [ RunTime:0.000713s ]

[ 2016-03-06T01:08:49+08:00 ] ::1 /tp/Home/User/login
INFO: [ app_begin ] --START--
INFO: Run Behavior\ReadHtmlCacheBehavior [ RunTime:0.000767s ]
INFO: [ app_begin ] --END-- [ RunTime:0.001377s ]
SQL: SHOW COLUMNS FROM `tp_user` [ RunTime:0.0114s ]
SQL: SHOW COLUMNS FROM `tp_user` [ RunTime:0.0048s ]
SQL: SELECT * FROM `tp_user` WHERE `username` = 'view'  [ RunTime:0.0004s ]
INFO: [ app_end ] --START--
INFO: Run Behavior\ShowPageTraceBehavior [ RunTime:0.000869s ]
INFO: [ app_end ] --END-- [ RunTime:0.000942s ]

[ 2016-03-06T01:08:50+08:00 ] ::1 /tp/Home/User/login
INFO: [ app_begin ] --START--
INFO: Run Behavior\ReadHtmlCacheBehavior [ RunTime:0.000501s ]
INFO: [ app_begin ] --END-- [ RunTime:0.000897s ]
SQL: SHOW COLUMNS FROM `tp_user` [ RunTime:0.0093s ]
SQL: SHOW COLUMNS FROM `tp_user` [ RunTime:0.0044s ]
SQL: SELECT * FROM `tp_user` WHERE `username` = 'view'  [ RunTime:0.0003s ]
INFO: [ app_end ] --START--
INFO: Run Behavior\ShowPageTraceBehavior [ RunTime:0.000668s ]
INFO: [ app_end ] --END-- [ RunTime:0.000716s ]

[ 2016-03-06T01:08:51+08:00 ] ::1 /tp/Home/User/login
INFO: [ app_begin ] --START--
INFO: Run Behavior\ReadHtmlCacheBehavior [ RunTime:0.000587s ]
INFO: [ app_begin ] --END-- [ RunTime:0.001072s ]
SQL: SHOW COLUMNS FROM `tp_user` [ RunTime:0.0100s ]
SQL: SHOW COLUMNS FROM `tp_user` [ RunTime:0.0043s ]
SQL: SELECT * FROM `tp_user` WHERE `username` = 'view'  [ RunTime:0.0004s ]
INFO: [ app_end ] --START--
INFO: Run Behavior\ShowPageTraceBehavior [ RunTime:0.000661s ]
INFO: [ app_end ] --END-- [ RunTime:0.000706s ]

[ 2016-03-06T01:08:52+08:00 ] ::1 /tp/Home/User/login
INFO: [ app_begin ] --START--
INFO: Run Behavior\ReadHtmlCacheBehavior [ RunTime:0.000547s ]
INFO: [ app_begin ] --END-- [ RunTime:0.001077s ]
SQL: SHOW COLUMNS FROM `tp_user` [ RunTime:0.0151s ]
SQL: SHOW COLUMNS FROM `tp_user` [ RunTime:0.0052s ]
SQL: SELECT * FROM `tp_user` WHERE `username` = 'view'  [ RunTime:0.0004s ]
INFO: [ app_end ] --START--
INFO: Run Behavior\ShowPageTraceBehavior [ RunTime:0.000800s ]
INFO: [ app_end ] --END-- [ RunTime:0.000871s ]

[ 2016-03-06T01:08:52+08:00 ] ::1 /tp/Home/User/login
INFO: [ app_begin ] --START--
INFO: Run Behavior\ReadHtmlCacheBehavior [ RunTime:0.000479s ]
INFO: [ app_begin ] --END-- [ RunTime:0.000872s ]
SQL: SHOW COLUMNS FROM `tp_user` [ RunTime:0.0043s ]
SQL: SHOW COLUMNS FROM `tp_user` [ RunTime:0.0039s ]
SQL: SELECT * FROM `tp_user` WHERE `username` = 'view'  [ RunTime:0.0004s ]
INFO: [ app_end ] --START--
INFO: Run Behavior\ShowPageTraceBehavior [ RunTime:0.000748s ]
INFO: [ app_end ] --END-- [ RunTime:0.000799s ]

[ 2016-03-06T01:08:55+08:00 ] ::1 /tp/Home/User/login
INFO: [ app_begin ] --START--
INFO: Run Behavior\ReadHtmlCacheBehavior [ RunTime:0.000498s ]
INFO: [ app_begin ] --END-- [ RunTime:0.000919s ]
SQL: SHOW COLUMNS FROM `tp_user` [ RunTime:0.0097s ]
SQL: SHOW COLUMNS FROM `tp_user` [ RunTime:0.0043s ]
SQL: SELECT * FROM `tp_user` WHERE `username` = 'view'  [ RunTime:0.0004s ]
INFO: [ app_end ] --START--
INFO: Run Behavior\ShowPageTraceBehavior [ RunTime:0.000669s ]
INFO: [ app_end ] --END-- [ RunTime:0.000713s ]

[ 2016-03-06T01:08:55+08:00 ] ::1 /tp/Home/User/login
INFO: [ app_begin ] --START--
INFO: Run Behavior\ReadHtmlCacheBehavior [ RunTime:0.000496s ]
INFO: [ app_begin ] --END-- [ RunTime:0.000893s ]
SQL: SHOW COLUMNS FROM `tp_user` [ RunTime:0.0048s ]
SQL: SHOW COLUMNS FROM `tp_user` [ RunTime:0.0042s ]
SQL: SELECT * FROM `tp_user` WHERE `username` = 'view'  [ RunTime:0.0004s ]
INFO: [ app_end ] --START--
INFO: Run Behavior\ShowPageTraceBehavior [ RunTime:0.000665s ]
INFO: [ app_end ] --END-- [ RunTime:0.000711s ]

[ 2016-03-06T01:08:55+08:00 ] ::1 /tp/Home/User/login
INFO: [ app_begin ] --START--
INFO: Run Behavior\ReadHtmlCacheBehavior [ RunTime:0.000708s ]
INFO: [ app_begin ] --END-- [ RunTime:0.001275s ]
SQL: SHOW COLUMNS FROM `tp_user` [ RunTime:0.0048s ]
SQL: SHOW COLUMNS FROM `tp_user` [ RunTime:0.0044s ]
SQL: SELECT * FROM `tp_user` WHERE `username` = 'view'  [ RunTime:0.0004s ]
INFO: [ app_end ] --START--
INFO: Run Behavior\ShowPageTraceBehavior [ RunTime:0.000685s ]
INFO: [ app_end ] --END-- [ RunTime:0.000731s ]

[ 2016-03-06T01:08:56+08:00 ] ::1 /tp/Home/User/login
INFO: [ app_begin ] --START--
INFO: Run Behavior\ReadHtmlCacheBehavior [ RunTime:0.001161s ]
INFO: [ app_begin ] --END-- [ RunTime:0.001852s ]
SQL: SHOW COLUMNS FROM `tp_user` [ RunTime:0.0125s ]
SQL: SHOW COLUMNS FROM `tp_user` [ RunTime:0.0044s ]
SQL: SELECT * FROM `tp_user` WHERE `username` = 'view'  [ RunTime:0.0003s ]
INFO: [ app_end ] --START--
INFO: Run Behavior\ShowPageTraceBehavior [ RunTime:0.000894s ]
INFO: [ app_end ] --END-- [ RunTime:0.000947s ]

[ 2016-03-06T01:08:56+08:00 ] ::1 /tp/Home/User/login
INFO: [ app_begin ] --START--
INFO: Run Behavior\ReadHtmlCacheBehavior [ RunTime:0.000480s ]
INFO: [ app_begin ] --END-- [ RunTime:0.000878s ]
SQL: SHOW COLUMNS FROM `tp_user` [ RunTime:0.0045s ]
SQL: SHOW COLUMNS FROM `tp_user` [ RunTime:0.0044s ]
SQL: SELECT * FROM `tp_user` WHERE `username` = 'view'  [ RunTime:0.0004s ]
INFO: [ app_end ] --START--
INFO: Run Behavior\ShowPageTraceBehavior [ RunTime:0.000849s ]
INFO: [ app_end ] --END-- [ RunTime:0.000925s ]

[ 2016-03-06T01:08:56+08:00 ] ::1 /tp/Home/User/login
INFO: [ app_begin ] --START--
INFO: Run Behavior\ReadHtmlCacheBehavior [ RunTime:0.000506s ]
INFO: [ app_begin ] --END-- [ RunTime:0.000911s ]
SQL: SHOW COLUMNS FROM `tp_user` [ RunTime:0.0049s ]
SQL: SHOW COLUMNS FROM `tp_user` [ RunTime:0.0043s ]
SQL: SELECT * FROM `tp_user` WHERE `username` = 'view'  [ RunTime:0.0004s ]
INFO: [ app_end ] --START--
INFO: Run Behavior\ShowPageTraceBehavior [ RunTime:0.000696s ]
INFO: [ app_end ] --END-- [ RunTime:0.000741s ]

[ 2016-03-06T01:08:56+08:00 ] ::1 /tp/Home/User/login
INFO: [ app_begin ] --START--
INFO: Run Behavior\ReadHtmlCacheBehavior [ RunTime:0.000760s ]
INFO: [ app_begin ] --END-- [ RunTime:0.001311s ]
SQL: SHOW COLUMNS FROM `tp_user` [ RunTime:0.0069s ]
SQL: SHOW COLUMNS FROM `tp_user` [ RunTime:0.0056s ]
SQL: SELECT * FROM `tp_user` WHERE `username` = 'view'  [ RunTime:0.0004s ]
INFO: [ app_end ] --START--
INFO: Run Behavior\ShowPageTraceBehavior [ RunTime:0.000844s ]
INFO: [ app_end ] --END-- [ RunTime:0.000921s ]

[ 2016-03-06T01:09:11+08:00 ] ::1 /tp/Home/User/login
INFO: [ app_begin ] --START--
INFO: Run Behavior\ReadHtmlCacheBehavior [ RunTime:0.000771s ]
INFO: [ app_begin ] --END-- [ RunTime:0.001275s ]
SQL: SHOW COLUMNS FROM `tp_user` [ RunTime:0.0094s ]
SQL: SHOW COLUMNS FROM `tp_user` [ RunTime:0.0044s ]
SQL: SELECT * FROM `tp_user` WHERE `username` = 'admin'  [ RunTime:0.0004s ]
INFO: [ app_end ] --START--
INFO: Run Behavior\ShowPageTraceBehavior [ RunTime:0.000887s ]
INFO: [ app_end ] --END-- [ RunTime:0.000934s ]

[ 2016-03-06T01:09:22+08:00 ] ::1 /tp/Home/User/login
INFO: [ app_begin ] --START--
INFO: Run Behavior\ReadHtmlCacheBehavior [ RunTime:0.000735s ]
INFO: [ app_begin ] --END-- [ RunTime:0.001311s ]
SQL: SHOW COLUMNS FROM `tp_user` [ RunTime:0.0106s ]
SQL: SHOW COLUMNS FROM `tp_user` [ RunTime:0.0047s ]
SQL: SELECT * FROM `tp_user` WHERE `username` = 'admin'  [ RunTime:0.0004s ]
INFO: [ app_end ] --START--
INFO: Run Behavior\ShowPageTraceBehavior [ RunTime:0.000657s ]
INFO: [ app_end ] --END-- [ RunTime:0.000704s ]

[ 2016-03-06T01:09:26+08:00 ] ::1 /tp/Home/User/login
INFO: [ app_begin ] --START--
INFO: Run Behavior\ReadHtmlCacheBehavior [ RunTime:0.000765s ]
INFO: [ app_begin ] --END-- [ RunTime:0.001384s ]
SQL: SHOW COLUMNS FROM `tp_user` [ RunTime:0.0106s ]
SQL: SHOW COLUMNS FROM `tp_user` [ RunTime:0.0047s ]
SQL: SELECT * FROM `tp_user` WHERE `username` = 'admin'  [ RunTime:0.0004s ]
INFO: [ app_end ] --START--
INFO: Run Behavior\ShowPageTraceBehavior [ RunTime:0.000714s ]
INFO: [ app_end ] --END-- [ RunTime:0.000768s ]

[ 2016-03-06T01:09:36+08:00 ] ::1 /tp/Home/User/login
INFO: [ app_begin ] --START--
INFO: Run Behavior\ReadHtmlCacheBehavior [ RunTime:0.000509s ]
INFO: [ app_begin ] --END-- [ RunTime:0.000920s ]
SQL: SHOW COLUMNS FROM `tp_user` [ RunTime:0.0098s ]
SQL: SHOW COLUMNS FROM `tp_user` [ RunTime:0.0044s ]
SQL: SELECT * FROM `tp_user` WHERE `username` = 'admin'  [ RunTime:0.0004s ]
INFO: [ app_end ] --START--
INFO: Run Behavior\ShowPageTraceBehavior [ RunTime:0.000683s ]
INFO: [ app_end ] --END-- [ RunTime:0.000728s ]

[ 2016-03-06T01:09:49+08:00 ] ::1 /tp/Home/User/login
INFO: [ app_begin ] --START--
INFO: Run Behavior\ReadHtmlCacheBehavior [ RunTime:0.000600s ]
INFO: [ app_begin ] --END-- [ RunTime:0.001032s ]
SQL: SHOW COLUMNS FROM `tp_user` [ RunTime:0.0086s ]
SQL: SHOW COLUMNS FROM `tp_user` [ RunTime:0.0040s ]
SQL: SELECT * FROM `tp_user` WHERE `username` = 'view'  [ RunTime:0.0004s ]
INFO: [ app_end ] --START--
INFO: Run Behavior\ShowPageTraceBehavior [ RunTime:0.000913s ]
INFO: [ app_end ] --END-- [ RunTime:0.000986s ]

[ 2016-03-06T11:21:26+08:00 ] ::1 /tp/Home/User/login
INFO: [ app_begin ] --START--
INFO: Run Behavior\ReadHtmlCacheBehavior [ RunTime:0.000911s ]
INFO: [ app_begin ] --END-- [ RunTime:0.001400s ]
SQL: SHOW COLUMNS FROM `tp_user` [ RunTime:0.2741s ]
SQL: SHOW COLUMNS FROM `tp_user` [ RunTime:0.0173s ]
SQL: SELECT * FROM `tp_user` WHERE `username` = 'admin'  [ RunTime:0.0010s ]

[ 2016-03-06T11:21:32+08:00 ] ::1 /tp/Home/User/login
INFO: [ app_begin ] --START--
INFO: Run Behavior\ReadHtmlCacheBehavior [ RunTime:0.000935s ]
INFO: [ app_begin ] --END-- [ RunTime:0.001709s ]
SQL: SHOW COLUMNS FROM `tp_user` [ RunTime:0.0158s ]
SQL: SHOW COLUMNS FROM `tp_user` [ RunTime:0.0053s ]
SQL: SELECT * FROM `tp_user` WHERE `username` = 'admin'  [ RunTime:0.0004s ]

[ 2016-03-06T11:22:03+08:00 ] ::1 /tp/Home/User/login
INFO: [ app_begin ] --START--
INFO: Run Behavior\ReadHtmlCacheBehavior [ RunTime:0.001463s ]
INFO: [ app_begin ] --END-- [ RunTime:0.002932s ]
SQL: SHOW COLUMNS FROM `tp_user` [ RunTime:0.0209s ]
SQL: SHOW COLUMNS FROM `tp_user` [ RunTime:0.0063s ]
SQL: SELECT * FROM `tp_user` WHERE `username` = 'admin'  [ RunTime:0.0004s ]
INFO: [ app_end ] --START--
INFO: Run Behavior\ShowPageTraceBehavior [ RunTime:0.001014s ]
INFO: [ app_end ] --END-- [ RunTime:0.001102s ]

[ 2016-03-06T11:38:15+08:00 ] ::1 /tp/Home/User/login
INFO: [ app_begin ] --START--
INFO: Run Behavior\ReadHtmlCacheBehavior [ RunTime:0.000500s ]
INFO: [ app_begin ] --END-- [ RunTime:0.000933s ]
SQL: SHOW COLUMNS FROM `tp_user` [ RunTime:0.0369s ]
SQL: SHOW COLUMNS FROM `tp_user` [ RunTime:0.0038s ]
SQL: SELECT * FROM `tp_user` WHERE `username` = 'admin'  [ RunTime:0.0004s ]
INFO: [ app_end ] --START--
INFO: Run Behavior\ShowPageTraceBehavior [ RunTime:0.000783s ]
INFO: [ app_end ] --END-- [ RunTime:0.000845s ]

[ 2016-03-06T17:13:55+08:00 ] ::1 /tp/Home/User/regist
INFO: [ app_begin ] --START--
INFO: Run Behavior\ReadHtmlCacheBehavior [ RunTime:0.000989s ]
INFO: [ app_begin ] --END-- [ RunTime:0.001649s ]
SQL: SHOW COLUMNS FROM `tp_user` [ RunTime:0.0140s ]
NOTIC: [8] Undefined index: validate D:\xampp\htdocs\tp\ThinkPHP\Library\Think\Model.class.php 第 1185 行.
NOTIC: [8] Undefined index: auto D:\xampp\htdocs\tp\ThinkPHP\Library\Think\Model.class.php 第 1128 行.
SQL: INSERT INTO `tp_user` (`username`,`email`,`password`) VALUES ('asdfasdf','admin@123.sss','25d55ad283aa400af464c76d713c07ad') [ RunTime:0.1417s ]
INFO: [ app_end ] --START--
INFO: Run Behavior\ShowPageTraceBehavior [ RunTime:0.002648s ]
INFO: [ app_end ] --END-- [ RunTime:0.002791s ]

[ 2016-03-06T17:18:12+08:00 ] ::1 /tp/Home/User/regist
INFO: [ app_begin ] --START--
INFO: Run Behavior\ReadHtmlCacheBehavior [ RunTime:0.000762s ]
INFO: [ app_begin ] --END-- [ RunTime:0.001266s ]
SQL: SHOW COLUMNS FROM `tp_user` [ RunTime:0.0131s ]
SQL: SHOW COLUMNS FROM `tp_user` [ RunTime:0.0050s ]
NOTIC: [8] Undefined index: validate D:\xampp\htdocs\tp\ThinkPHP\Library\Think\Model.class.php 第 1185 行.
NOTIC: [8] Undefined index: auto D:\xampp\htdocs\tp\ThinkPHP\Library\Think\Model.class.php 第 1128 行.
SQL: INSERT INTO `tp_user` (`username`,`email`,`password`) VALUES ('asdfasdf','admin@123.sss','25d55ad283aa400af464c76d713c07ad') [ RunTime:0.5780s ]
NOTIC: [8] Undefined index: validate D:\xampp\htdocs\tp\ThinkPHP\Library\Think\Model.class.php 第 1185 行.
NOTIC: [8] Undefined index: auto D:\xampp\htdocs\tp\ThinkPHP\Library\Think\Model.class.php 第 1128 行.
SQL: INSERT INTO `tp_user` (`username`,`email`,`password`) VALUES ('asdfasdf','admin@123.sss','25d55ad283aa400af464c76d713c07ad') [ RunTime:0.0560s ]
INFO: [ app_end ] --START--
INFO: Run Behavior\ShowPageTraceBehavior [ RunTime:0.000917s ]
INFO: [ app_end ] --END-- [ RunTime:0.000964s ]

[ 2016-03-06T17:18:24+08:00 ] ::1 /tp/Home/User/regist
INFO: [ app_begin ] --START--
INFO: Run Behavior\ReadHtmlCacheBehavior [ RunTime:0.000577s ]
INFO: [ app_begin ] --END-- [ RunTime:0.000973s ]
SQL: SHOW COLUMNS FROM `tp_user` [ RunTime:0.0133s ]
SQL: SHOW COLUMNS FROM `tp_user` [ RunTime:0.0040s ]
NOTIC: [8] Undefined index: validate D:\xampp\htdocs\tp\ThinkPHP\Library\Think\Model.class.php 第 1185 行.
NOTIC: [8] Undefined index: auto D:\xampp\htdocs\tp\ThinkPHP\Library\Think\Model.class.php 第 1128 行.
SQL: INSERT INTO `tp_user` (`username`,`email`,`password`) VALUES ('asdfasdf','admin@123.sss','25d55ad283aa400af464c76d713c07ad') [ RunTime:0.1548s ]
NOTIC: [8] Undefined index: validate D:\xampp\htdocs\tp\ThinkPHP\Library\Think\Model.class.php 第 1185 行.
NOTIC: [8] Undefined index: auto D:\xampp\htdocs\tp\ThinkPHP\Library\Think\Model.class.php 第 1128 行.
SQL: INSERT INTO `tp_user` (`username`,`email`,`password`) VALUES ('asdfasdf','admin@123.sss','25d55ad283aa400af464c76d713c07ad') [ RunTime:0.1085s ]
INFO: [ app_end ] --START--
INFO: Run Behavior\ShowPageTraceBehavior [ RunTime:0.001385s ]
INFO: [ app_end ] --END-- [ RunTime:0.001464s ]

[ 2016-03-06T17:30:28+08:00 ] ::1 /tp/Home/User/regist
INFO: [ app_begin ] --START--
INFO: Run Behavior\ReadHtmlCacheBehavior [ RunTime:0.001320s ]
INFO: [ app_begin ] --END-- [ RunTime:0.001889s ]
SQL: SHOW COLUMNS FROM `tp_user` [ RunTime:0.0134s ]
SQL: SHOW COLUMNS FROM `tp_user` [ RunTime:0.0045s ]
SQL: SELECT * FROM `tp_user` WHERE `username` = 'admin'  [ RunTime:0.0004s ]
INFO: [ app_end ] --START--
INFO: Run Behavior\ShowPageTraceBehavior [ RunTime:0.000854s ]
INFO: [ app_end ] --END-- [ RunTime:0.000898s ]

[ 2016-03-06T17:31:34+08:00 ] ::1 /tp/Home/User/regist
INFO: [ app_begin ] --START--
INFO: Run Behavior\ReadHtmlCacheBehavior [ RunTime:0.000705s ]
INFO: [ app_begin ] --END-- [ RunTime:0.001156s ]
SQL: SHOW COLUMNS FROM `tp_user` [ RunTime:0.0812s ]
SQL: SHOW COLUMNS FROM `tp_user` [ RunTime:0.0127s ]
SQL: SELECT * FROM `tp_user` WHERE `username` = 'admin'  [ RunTime:0.0009s ]
INFO: [ app_end ] --START--
INFO: Run Behavior\ShowPageTraceBehavior [ RunTime:0.001591s ]
INFO: [ app_end ] --END-- [ RunTime:0.001687s ]

[ 2016-03-06T17:31:39+08:00 ] ::1 /tp/Home/User/regist
INFO: [ app_begin ] --START--
INFO: Run Behavior\ReadHtmlCacheBehavior [ RunTime:0.000520s ]
INFO: [ app_begin ] --END-- [ RunTime:0.000934s ]
SQL: SHOW COLUMNS FROM `tp_user` [ RunTime:0.0128s ]
SQL: SHOW COLUMNS FROM `tp_user` [ RunTime:0.0040s ]
SQL: SELECT * FROM `tp_user` WHERE `username` = 'admin2'  [ RunTime:0.0003s ]
NOTIC: [8] Undefined index: validate D:\xampp\htdocs\tp\ThinkPHP\Library\Think\Model.class.php 第 1185 行.
NOTIC: [8] Undefined index: auto D:\xampp\htdocs\tp\ThinkPHP\Library\Think\Model.class.php 第 1128 行.
SQL: INSERT INTO `tp_user` (`username`,`email`,`password`) VALUES ('admin2','admin@123.ccc','25d55ad283aa400af464c76d713c07ad') [ RunTime:0.1550s ]
INFO: [ app_end ] --START--
INFO: Run Behavior\ShowPageTraceBehavior [ RunTime:0.001806s ]
INFO: [ app_end ] --END-- [ RunTime:0.001955s ]

