[ 2016-02-17T01:19:39+08:00 ] ::1 /tp/
INFO: [ app_init ] --START--
INFO: Run Behavior\BuildLiteBehavior [ RunTime:0.000022s ]
INFO: [ app_init ] --END-- [ RunTime:0.020809s ]
INFO: [ app_begin ] --START--
INFO: Run Behavior\ReadHtmlCacheBehavior [ RunTime:0.009655s ]
INFO: [ app_begin ] --END-- [ RunTime:0.009731s ]
NOTIC: [2] Missing argument 1 for Think\Controller::show(), called in D:\xampp\htdocs\tp\Application\Home\Controller\IndexController.class.php on line 6 and defined D:\xampp\htdocs\tp\ThinkPHP\Library\Think\Controller.class.php 第 68 行.
NOTIC: [8] Undefined variable: content D:\xampp\htdocs\tp\ThinkPHP\Library\Think\Controller.class.php 第 69 行.
INFO: [ view_parse ] --START--
INFO: [ template_filter ] --START--
INFO: Run Behavior\ContentReplaceBehavior [ RunTime:0.017863s ]
INFO: [ template_filter ] --END-- [ RunTime:0.017945s ]
INFO: Run Behavior\ParseTemplateBehavior [ RunTime:0.353813s ]
INFO: [ view_parse ] --END-- [ RunTime:0.353907s ]
INFO: [ view_filter ] --START--
INFO: Run Behavior\WriteHtmlCacheBehavior [ RunTime:0.020559s ]
INFO: [ view_filter ] --END-- [ RunTime:0.020633s ]
INFO: [ app_end ] --START--
INFO: Run Behavior\ShowPageTraceBehavior [ RunTime:0.026918s ]
INFO: [ app_end ] --END-- [ RunTime:0.027025s ]

[ 2016-02-17T11:44:42+08:00 ] ::1 /tp/
INFO: [ app_init ] --START--
INFO: Run Behavior\BuildLiteBehavior [ RunTime:0.000027s ]
INFO: [ app_init ] --END-- [ RunTime:0.028380s ]
INFO: [ app_begin ] --START--
INFO: Run Behavior\ReadHtmlCacheBehavior [ RunTime:0.011531s ]
INFO: [ app_begin ] --END-- [ RunTime:0.011621s ]
NOTIC: [2] Missing argument 1 for Think\Controller::show(), called in D:\xampp\htdocs\tp\Application\Home\Controller\IndexController.class.php on line 6 and defined D:\xampp\htdocs\tp\ThinkPHP\Library\Think\Controller.class.php 第 68 行.
NOTIC: [8] Undefined variable: content D:\xampp\htdocs\tp\ThinkPHP\Library\Think\Controller.class.php 第 69 行.
INFO: [ view_parse ] --START--
INFO: [ template_filter ] --START--
INFO: Run Behavior\ContentReplaceBehavior [ RunTime:0.000332s ]
INFO: [ template_filter ] --END-- [ RunTime:0.000413s ]
INFO: Run Behavior\ParseTemplateBehavior [ RunTime:0.190706s ]
INFO: [ view_parse ] --END-- [ RunTime:0.190801s ]
INFO: [ view_filter ] --START--
INFO: Run Behavior\WriteHtmlCacheBehavior [ RunTime:0.026742s ]
INFO: [ view_filter ] --END-- [ RunTime:0.026803s ]
INFO: [ app_end ] --START--
INFO: Run Behavior\ShowPageTraceBehavior [ RunTime:0.022729s ]
INFO: [ app_end ] --END-- [ RunTime:0.022841s ]

