[ 2016-05-16T10:58:12+08:00 ] ::1 /mall/Home/Passport/login
INFO: [ app_begin ] --START--
INFO: Run Behavior\ReadHtmlCacheBehavior [ RunTime:0.000679s ]
INFO: [ app_begin ] --END-- [ RunTime:0.001293s ]
NOTIC: [2048] Declaration of Think\Model\MongoModel::setInc() should be compatible with Think\Model::setInc($field, $step = 1, $lazyTime = 0) D:\xampp\htdocs\mall\ThinkPHP\Library\Think\Model\MongoModel.class.php 第 17 行.
NOTIC: [2048] Declaration of Think\Model\MongoModel::setDec() should be compatible with Think\Model::setDec($field, $step = 1, $lazyTime = 0) D:\xampp\htdocs\mall\ThinkPHP\Library\Think\Model\MongoModel.class.php 第 17 行.
NOTIC: [2048] Declaration of Think\Db\Driver\Mongo::connect() should be compatible with Think\Db\Driver::connect($config = '', $linkNum = 0, $autoConnection = false) D:\xampp\htdocs\mall\ThinkPHP\Library\Think\Db\Driver\Mongo.class.php 第 18 行.
NOTIC: [2048] Declaration of Think\Db\Driver\Mongo::insertAll() should be compatible with Think\Db\Driver::insertAll($dataSet, $options = Array, $replace = false) D:\xampp\htdocs\mall\ThinkPHP\Library\Think\Db\Driver\Mongo.class.php 第 18 行.
SQL: tp_mall.getCollection(user) [ RunTime:0.0000s ]
SQL: tp_mall.user.find({"username":"admin"}).limit(1) [ RunTime:0.0000s ]
NOTIC: [2] urlencode() expects parameter 1 to be string, array given D:\xampp\htdocs\mall\ThinkPHP\Common\functions.php 第 1414 行.
INFO: [ app_end ] --START--
INFO: Run Behavior\ShowPageTraceBehavior [ RunTime:0.001033s ]
INFO: [ app_end ] --END-- [ RunTime:0.001120s ]

[ 2016-05-16T11:03:15+08:00 ] ::1 /mall/logout
INFO: [ app_begin ] --START--
INFO: Run Behavior\ReadHtmlCacheBehavior [ RunTime:0.001207s ]
INFO: [ app_begin ] --END-- [ RunTime:0.001901s ]

[ 2016-05-16T11:03:22+08:00 ] ::1 /mall/Home/Passport/login
INFO: [ app_begin ] --START--
INFO: Run Behavior\ReadHtmlCacheBehavior [ RunTime:0.000490s ]
INFO: [ app_begin ] --END-- [ RunTime:0.000883s ]
NOTIC: [2048] Declaration of Think\Model\MongoModel::setInc() should be compatible with Think\Model::setInc($field, $step = 1, $lazyTime = 0) D:\xampp\htdocs\mall\ThinkPHP\Library\Think\Model\MongoModel.class.php 第 17 行.
NOTIC: [2048] Declaration of Think\Model\MongoModel::setDec() should be compatible with Think\Model::setDec($field, $step = 1, $lazyTime = 0) D:\xampp\htdocs\mall\ThinkPHP\Library\Think\Model\MongoModel.class.php 第 17 行.
NOTIC: [2048] Declaration of Think\Db\Driver\Mongo::connect() should be compatible with Think\Db\Driver::connect($config = '', $linkNum = 0, $autoConnection = false) D:\xampp\htdocs\mall\ThinkPHP\Library\Think\Db\Driver\Mongo.class.php 第 18 行.
NOTIC: [2048] Declaration of Think\Db\Driver\Mongo::insertAll() should be compatible with Think\Db\Driver::insertAll($dataSet, $options = Array, $replace = false) D:\xampp\htdocs\mall\ThinkPHP\Library\Think\Db\Driver\Mongo.class.php 第 18 行.
SQL: tp_mall.getCollection(user) [ RunTime:0.0000s ]
SQL: tp_mall.user.find({"username":"test123"}).limit(1) [ RunTime:0.0000s ]
NOTIC: [2] urlencode() expects parameter 1 to be string, array given D:\xampp\htdocs\mall\ThinkPHP\Common\functions.php 第 1414 行.
NOTIC: [2] urlencode() expects parameter 1 to be string, array given D:\xampp\htdocs\mall\ThinkPHP\Common\functions.php 第 1414 行.
INFO: [ app_end ] --START--
INFO: Run Behavior\ShowPageTraceBehavior [ RunTime:0.000776s ]
INFO: [ app_end ] --END-- [ RunTime:0.000830s ]

[ 2016-05-16T11:03:33+08:00 ] ::1 /mall/Home/Cart/add
INFO: [ app_begin ] --START--
INFO: Run Behavior\ReadHtmlCacheBehavior [ RunTime:0.000492s ]
INFO: [ app_begin ] --END-- [ RunTime:0.000889s ]
NOTIC: [2048] Declaration of Think\Model\MongoModel::setInc() should be compatible with Think\Model::setInc($field, $step = 1, $lazyTime = 0) D:\xampp\htdocs\mall\ThinkPHP\Library\Think\Model\MongoModel.class.php 第 17 行.
NOTIC: [2048] Declaration of Think\Model\MongoModel::setDec() should be compatible with Think\Model::setDec($field, $step = 1, $lazyTime = 0) D:\xampp\htdocs\mall\ThinkPHP\Library\Think\Model\MongoModel.class.php 第 17 行.
NOTIC: [2048] Declaration of Think\Db\Driver\Mongo::connect() should be compatible with Think\Db\Driver::connect($config = '', $linkNum = 0, $autoConnection = false) D:\xampp\htdocs\mall\ThinkPHP\Library\Think\Db\Driver\Mongo.class.php 第 18 行.
NOTIC: [2048] Declaration of Think\Db\Driver\Mongo::insertAll() should be compatible with Think\Db\Driver::insertAll($dataSet, $options = Array, $replace = false) D:\xampp\htdocs\mall\ThinkPHP\Library\Think\Db\Driver\Mongo.class.php 第 18 行.
SQL: tp_mall.getCollection(user) [ RunTime:0.0000s ]
SQL: tp_mall.user.find({"_id":{"$id":"5714ffbb206f1e4f2b8b4567"}}).limit(1) [ RunTime:0.0000s ]
SQL: tp_mall.user.update({"_id":{"$id":"5714ffbb206f1e4f2b8b4567"}},{"$addToSet":{"cart":{"id":"570a47e389d15e44758b4568","opt":"0,0","num":1}}}) [ RunTime:0.0008s ]

[ 2016-05-16T11:03:42+08:00 ] ::1 /mall/Home/Cart/add
INFO: [ app_begin ] --START--
INFO: Run Behavior\ReadHtmlCacheBehavior [ RunTime:0.000634s ]
INFO: [ app_begin ] --END-- [ RunTime:0.001141s ]
NOTIC: [2048] Declaration of Think\Model\MongoModel::setInc() should be compatible with Think\Model::setInc($field, $step = 1, $lazyTime = 0) D:\xampp\htdocs\mall\ThinkPHP\Library\Think\Model\MongoModel.class.php 第 17 行.
NOTIC: [2048] Declaration of Think\Model\MongoModel::setDec() should be compatible with Think\Model::setDec($field, $step = 1, $lazyTime = 0) D:\xampp\htdocs\mall\ThinkPHP\Library\Think\Model\MongoModel.class.php 第 17 行.
NOTIC: [2048] Declaration of Think\Db\Driver\Mongo::connect() should be compatible with Think\Db\Driver::connect($config = '', $linkNum = 0, $autoConnection = false) D:\xampp\htdocs\mall\ThinkPHP\Library\Think\Db\Driver\Mongo.class.php 第 18 行.
NOTIC: [2048] Declaration of Think\Db\Driver\Mongo::insertAll() should be compatible with Think\Db\Driver::insertAll($dataSet, $options = Array, $replace = false) D:\xampp\htdocs\mall\ThinkPHP\Library\Think\Db\Driver\Mongo.class.php 第 18 行.
SQL: tp_mall.getCollection(user) [ RunTime:0.0000s ]
SQL: tp_mall.user.find({"_id":{"$id":"5714ffbb206f1e4f2b8b4567"}}).limit(1) [ RunTime:0.0000s ]
SQL: tp_mall.user.update({"_id":{"$id":"5714ffbb206f1e4f2b8b4567"}},{"$addToSet":{"cart":{"id":"570a659889d15e787e8b456d","opt":"0","num":1}}}) [ RunTime:0.0005s ]

[ 2016-05-16T12:00:06+08:00 ] ::1 /mall/logout
INFO: [ app_begin ] --START--
INFO: Run Behavior\ReadHtmlCacheBehavior [ RunTime:0.000632s ]
INFO: [ app_begin ] --END-- [ RunTime:0.001132s ]

[ 2016-05-16T12:00:13+08:00 ] ::1 /mall/Home/Passport/login
INFO: [ app_begin ] --START--
INFO: Run Behavior\ReadHtmlCacheBehavior [ RunTime:0.000976s ]
INFO: [ app_begin ] --END-- [ RunTime:0.001743s ]
NOTIC: [2048] Declaration of Think\Model\MongoModel::setInc() should be compatible with Think\Model::setInc($field, $step = 1, $lazyTime = 0) D:\xampp\htdocs\mall\ThinkPHP\Library\Think\Model\MongoModel.class.php 第 17 行.
NOTIC: [2048] Declaration of Think\Model\MongoModel::setDec() should be compatible with Think\Model::setDec($field, $step = 1, $lazyTime = 0) D:\xampp\htdocs\mall\ThinkPHP\Library\Think\Model\MongoModel.class.php 第 17 行.
NOTIC: [2048] Declaration of Think\Db\Driver\Mongo::connect() should be compatible with Think\Db\Driver::connect($config = '', $linkNum = 0, $autoConnection = false) D:\xampp\htdocs\mall\ThinkPHP\Library\Think\Db\Driver\Mongo.class.php 第 18 行.
NOTIC: [2048] Declaration of Think\Db\Driver\Mongo::insertAll() should be compatible with Think\Db\Driver::insertAll($dataSet, $options = Array, $replace = false) D:\xampp\htdocs\mall\ThinkPHP\Library\Think\Db\Driver\Mongo.class.php 第 18 行.
SQL: tp_mall.getCollection(user) [ RunTime:0.0000s ]
SQL: tp_mall.user.find({"username":"admin"}).limit(1) [ RunTime:0.0000s ]
NOTIC: [2] urlencode() expects parameter 1 to be string, array given D:\xampp\htdocs\mall\ThinkPHP\Common\functions.php 第 1414 行.
INFO: [ app_end ] --START--
INFO: Run Behavior\ShowPageTraceBehavior [ RunTime:0.001092s ]
INFO: [ app_end ] --END-- [ RunTime:0.001189s ]

[ 2016-05-16T12:03:49+08:00 ] ::1 /mall/Home/User/user_order
ERR: XML标签语法错误 : condition="count($order.items) 

[ 2016-05-16T12:04:09+08:00 ] ::1 /mall/Home/User/user_order
ERR: XML标签语法错误 : condition="count($order.items) 

[ 2016-05-16T12:04:13+08:00 ] ::1 /mall/Home/User/user_order
ERR: XML标签语法错误 : condition="count($order.items) 

[ 2016-05-16T12:04:26+08:00 ] ::1 /mall/Home/User/user_order
ERR: XML标签语法错误 : condition="count($order['items']) 

