[ 2016-03-21T12:59:44+08:00 ] ::1 /mall/home/item/test
ERR: 无法加载控制器:Item

[ 2016-03-21T13:22:13+08:00 ] ::1 /mall/home/item/test
ERR: 无法加载控制器:Item

[ 2016-03-21T22:11:49+08:00 ] ::1 /mall/Home/Items/asdf.html
ERR: 非法操作:asdf

[ 2016-03-21T22:12:02+08:00 ] ::1 /mall/Home/Items/asdf.html
ERR: 非法操作:asdf

[ 2016-03-21T22:12:04+08:00 ] ::1 /mall/Home/Items/asdf.html
ERR: 非法操作:asdf

[ 2016-03-21T22:13:06+08:00 ] ::1 /mall/Home/Items/asdf.html
ERR: 非法操作:asdf

[ 2016-03-21T22:14:44+08:00 ] ::1 /mall/home/items/index/asdf.html
ERR: Invalid object ID

[ 2016-03-21T22:15:29+08:00 ] ::1 /mall/home/items/index/asdf.html
ERR: Invalid object ID

[ 2016-03-21T22:16:18+08:00 ] ::1 /mall/home/items/index/12345676543dscvfgdc.html
ERR: Invalid object ID

[ 2016-03-21T22:17:06+08:00 ] ::1 /mall/item/12345676543dscvfgdc.html
ERR: Invalid object ID

[ 2016-03-21T22:22:54+08:00 ] ::1 /mall/item/56eec8eb5bf7678010l00029.html
ERR: ID must be valid hex characters

[ 2016-03-21T23:17:51+08:00 ] ::1 /mall/home/test/updatePrice
ERR: 参数错误或者未定义:name

[ 2016-03-21T23:17:55+08:00 ] ::1 /mall/home/test/updatePrice/asdf/asdf
ERR: 参数错误或者未定义:name

