[ 2016-03-10T22:50:06+08:00 ] ::1 /tp/home/test
ERR: 无法加载控制器:Test

[ 2016-03-10T22:50:27+08:00 ] ::1 /tp/home/test
ERR: 无法加载控制器:Test

[ 2016-03-10T22:50:27+08:00 ] ::1 /tp/home/test
ERR: 无法加载控制器:Test

[ 2016-03-10T22:50:27+08:00 ] ::1 /tp/home/test
ERR: 无法加载控制器:Test

[ 2016-03-10T22:50:28+08:00 ] ::1 /tp/home/test
ERR: 无法加载控制器:Test

[ 2016-03-10T22:50:28+08:00 ] ::1 /tp/home/test
ERR: 无法加载控制器:Test

[ 2016-03-10T22:50:28+08:00 ] ::1 /tp/home/test
ERR: 无法加载控制器:Test

[ 2016-03-10T22:50:28+08:00 ] ::1 /tp/home/test
ERR: 无法加载控制器:Test

[ 2016-03-10T22:50:28+08:00 ] ::1 /tp/home/test
ERR: 无法加载控制器:Test

[ 2016-03-10T22:51:13+08:00 ] ::1 /tp/home/test
ERR: 1146:Table 'buct_shop.tp_test' doesn't exist
 [ SQL语句 ] : SHOW COLUMNS FROM `tp_test`

[ 2016-03-10T22:51:38+08:00 ] ::1 /tp/home/test
ERR: 系统不支持:Mongo

[ 2016-03-10T22:55:40+08:00 ] ::1 /tp/home/test
ERR: 系统不支持:Mongo

[ 2016-03-10T22:55:42+08:00 ] ::1 /tp/home/test
ERR: 系统不支持:Mongo

[ 2016-03-10T22:56:17+08:00 ] ::1 /tp/home/test
ERR: 系统不支持:Mongo

[ 2016-03-10T22:56:18+08:00 ] ::1 /tp/home/test
ERR: 系统不支持:Mongo

[ 2016-03-10T22:57:25+08:00 ] ::1 /tp/home/test
ERR: 系统不支持:Mongo

[ 2016-03-10T22:57:26+08:00 ] ::1 /tp/home/test
ERR: 系统不支持:Mongo

[ 2016-03-10T22:57:26+08:00 ] ::1 /tp/home/test
ERR: 系统不支持:Mongo

[ 2016-03-10T22:58:59+08:00 ] ::1 /tp/home/test
ERR: 系统不支持:Mongo

[ 2016-03-10T22:59:00+08:00 ] ::1 /tp/home/test
ERR: 系统不支持:Mongo

[ 2016-03-10T22:59:01+08:00 ] ::1 /tp/home/test
ERR: 系统不支持:Mongo

[ 2016-03-10T22:59:01+08:00 ] ::1 /tp/home/test
ERR: 系统不支持:Mongo

[ 2016-03-10T22:59:01+08:00 ] ::1 /tp/home/test
ERR: 系统不支持:Mongo

[ 2016-03-10T22:59:01+08:00 ] ::1 /tp/home/test
ERR: 系统不支持:Mongo

[ 2016-03-10T22:59:02+08:00 ] ::1 /tp/home/test
ERR: 系统不支持:Mongo

[ 2016-03-10T23:08:53+08:00 ] ::1 /tp/home/test
ERR: 系统不支持:Mongo

[ 2016-03-10T23:08:54+08:00 ] ::1 /tp/home/test
ERR: 系统不支持:Mongo

[ 2016-03-10T23:08:54+08:00 ] ::1 /tp/home/test
ERR: 系统不支持:Mongo

[ 2016-03-10T23:08:55+08:00 ] ::1 /tp/home/test
ERR: 系统不支持:Mongo

[ 2016-03-10T23:08:55+08:00 ] ::1 /tp/home/test
ERR: 系统不支持:Mongo

[ 2016-03-10T23:08:55+08:00 ] ::1 /tp/home/test
ERR: 系统不支持:Mongo

[ 2016-03-10T23:08:55+08:00 ] ::1 /tp/home/test
ERR: 系统不支持:Mongo

[ 2016-03-10T23:08:55+08:00 ] ::1 /tp/home/test
ERR: 系统不支持:Mongo

[ 2016-03-10T23:08:56+08:00 ] ::1 /tp/home/test
ERR: 系统不支持:Mongo

[ 2016-03-10T23:08:56+08:00 ] ::1 /tp/home/test
ERR: 系统不支持:Mongo

[ 2016-03-10T23:08:56+08:00 ] ::1 /tp/home/test
ERR: 系统不支持:Mongo

[ 2016-03-10T23:08:59+08:00 ] ::1 /tp/home/test
ERR: 系统不支持:Mongo

[ 2016-03-10T23:09:01+08:00 ] ::1 /tp/home/test
ERR: 系统不支持:Mongo

[ 2016-03-10T23:39:41+08:00 ] ::1 /tp/Home/User/regist
INFO: [ app_begin ] --START--
INFO: Run Behavior\ReadHtmlCacheBehavior [ RunTime:0.000748s ]
INFO: [ app_begin ] --END-- [ RunTime:0.001222s ]
NOTIC: [2048] Declaration of Think\Model\MongoModel::setInc() should be compatible with Think\Model::setInc($field, $step = 1, $lazyTime = 0) D:\xampp\htdocs\tp\ThinkPHP\Library\Think\Model\MongoModel.class.php 第 17 行.
NOTIC: [2048] Declaration of Think\Model\MongoModel::setDec() should be compatible with Think\Model::setDec($field, $step = 1, $lazyTime = 0) D:\xampp\htdocs\tp\ThinkPHP\Library\Think\Model\MongoModel.class.php 第 17 行.
NOTIC: [2048] Declaration of Think\Db\Driver\Mongo::connect() should be compatible with Think\Db\Driver::connect($config = '', $linkNum = 0, $autoConnection = false) D:\xampp\htdocs\tp\ThinkPHP\Library\Think\Db\Driver\Mongo.class.php 第 18 行.
NOTIC: [2048] Declaration of Think\Db\Driver\Mongo::insertAll() should be compatible with Think\Db\Driver::insertAll($dataSet, $options = Array, $replace = false) D:\xampp\htdocs\tp\ThinkPHP\Library\Think\Db\Driver\Mongo.class.php 第 18 行.
SQL: test.getCollection(user) [ RunTime:0.0001s ]
NOTIC: [8] Array to string conversion D:\xampp\htdocs\tp\Application\Home\Controller\UserController.class.php 第 20 行.
INFO: [ app_end ] --START--
INFO: Run Behavior\ShowPageTraceBehavior [ RunTime:0.002967s ]
INFO: [ app_end ] --END-- [ RunTime:0.003146s ]

[ 2016-03-10T23:40:10+08:00 ] ::1 /tp/Home/User/regist
INFO: [ app_begin ] --START--
INFO: Run Behavior\ReadHtmlCacheBehavior [ RunTime:0.000488s ]
INFO: [ app_begin ] --END-- [ RunTime:0.000877s ]
NOTIC: [2048] Declaration of Think\Model\MongoModel::setInc() should be compatible with Think\Model::setInc($field, $step = 1, $lazyTime = 0) D:\xampp\htdocs\tp\ThinkPHP\Library\Think\Model\MongoModel.class.php 第 17 行.
NOTIC: [2048] Declaration of Think\Model\MongoModel::setDec() should be compatible with Think\Model::setDec($field, $step = 1, $lazyTime = 0) D:\xampp\htdocs\tp\ThinkPHP\Library\Think\Model\MongoModel.class.php 第 17 行.
NOTIC: [2048] Declaration of Think\Db\Driver\Mongo::connect() should be compatible with Think\Db\Driver::connect($config = '', $linkNum = 0, $autoConnection = false) D:\xampp\htdocs\tp\ThinkPHP\Library\Think\Db\Driver\Mongo.class.php 第 18 行.
NOTIC: [2048] Declaration of Think\Db\Driver\Mongo::insertAll() should be compatible with Think\Db\Driver::insertAll($dataSet, $options = Array, $replace = false) D:\xampp\htdocs\tp\ThinkPHP\Library\Think\Db\Driver\Mongo.class.php 第 18 行.
SQL: test.getCollection(user) [ RunTime:0.0001s ]
INFO: [ app_end ] --START--
INFO: Run Behavior\ShowPageTraceBehavior [ RunTime:0.002524s ]
INFO: [ app_end ] --END-- [ RunTime:0.002751s ]

[ 2016-03-10T23:40:31+08:00 ] ::1 /tp/Home/User/regist
INFO: [ app_begin ] --START--
INFO: Run Behavior\ReadHtmlCacheBehavior [ RunTime:0.000490s ]
INFO: [ app_begin ] --END-- [ RunTime:0.000879s ]
NOTIC: [2048] Declaration of Think\Model\MongoModel::setInc() should be compatible with Think\Model::setInc($field, $step = 1, $lazyTime = 0) D:\xampp\htdocs\tp\ThinkPHP\Library\Think\Model\MongoModel.class.php 第 17 行.
NOTIC: [2048] Declaration of Think\Model\MongoModel::setDec() should be compatible with Think\Model::setDec($field, $step = 1, $lazyTime = 0) D:\xampp\htdocs\tp\ThinkPHP\Library\Think\Model\MongoModel.class.php 第 17 行.
NOTIC: [2048] Declaration of Think\Db\Driver\Mongo::connect() should be compatible with Think\Db\Driver::connect($config = '', $linkNum = 0, $autoConnection = false) D:\xampp\htdocs\tp\ThinkPHP\Library\Think\Db\Driver\Mongo.class.php 第 18 行.
NOTIC: [2048] Declaration of Think\Db\Driver\Mongo::insertAll() should be compatible with Think\Db\Driver::insertAll($dataSet, $options = Array, $replace = false) D:\xampp\htdocs\tp\ThinkPHP\Library\Think\Db\Driver\Mongo.class.php 第 18 行.
SQL: test.getCollection(user) [ RunTime:0.0000s ]
NOTIC: [8] Undefined index: validate D:\xampp\htdocs\tp\ThinkPHP\Library\Think\Model.class.php 第 1185 行.
NOTIC: [8] Undefined index: auto D:\xampp\htdocs\tp\ThinkPHP\Library\Think\Model.class.php 第 1128 行.
SQL: test.user.insert({"username":"aaaasdfasdf","email":"admin@123.com","password":"0659c7992e268962384eb17fafe88364","repassword":"abc123456"}) [ RunTime:0.0015s ]
INFO: [ app_end ] --START--
INFO: Run Behavior\ShowPageTraceBehavior [ RunTime:0.002084s ]
INFO: [ app_end ] --END-- [ RunTime:0.002253s ]

[ 2016-03-10T23:47:29+08:00 ] ::1 /tp/Home/User/regist
INFO: [ app_begin ] --START--
INFO: Run Behavior\ReadHtmlCacheBehavior [ RunTime:0.000723s ]
INFO: [ app_begin ] --END-- [ RunTime:0.001210s ]
NOTIC: [2048] Declaration of Think\Model\MongoModel::setInc() should be compatible with Think\Model::setInc($field, $step = 1, $lazyTime = 0) D:\xampp\htdocs\tp\ThinkPHP\Library\Think\Model\MongoModel.class.php 第 17 行.
NOTIC: [2048] Declaration of Think\Model\MongoModel::setDec() should be compatible with Think\Model::setDec($field, $step = 1, $lazyTime = 0) D:\xampp\htdocs\tp\ThinkPHP\Library\Think\Model\MongoModel.class.php 第 17 行.
NOTIC: [2048] Declaration of Think\Db\Driver\Mongo::connect() should be compatible with Think\Db\Driver::connect($config = '', $linkNum = 0, $autoConnection = false) D:\xampp\htdocs\tp\ThinkPHP\Library\Think\Db\Driver\Mongo.class.php 第 18 行.
NOTIC: [2048] Declaration of Think\Db\Driver\Mongo::insertAll() should be compatible with Think\Db\Driver::insertAll($dataSet, $options = Array, $replace = false) D:\xampp\htdocs\tp\ThinkPHP\Library\Think\Db\Driver\Mongo.class.php 第 18 行.
SQL: test.getCollection(user) [ RunTime:0.0001s ]
INFO: [ app_end ] --START--
INFO: Run Behavior\ShowPageTraceBehavior [ RunTime:0.003483s ]
INFO: [ app_end ] --END-- [ RunTime:0.003702s ]

[ 2016-03-10T23:47:41+08:00 ] ::1 /tp/Home/User/regist
INFO: [ app_begin ] --START--
INFO: Run Behavior\ReadHtmlCacheBehavior [ RunTime:0.000561s ]
INFO: [ app_begin ] --END-- [ RunTime:0.001325s ]
NOTIC: [2048] Declaration of Think\Model\MongoModel::setInc() should be compatible with Think\Model::setInc($field, $step = 1, $lazyTime = 0) D:\xampp\htdocs\tp\ThinkPHP\Library\Think\Model\MongoModel.class.php 第 17 行.
NOTIC: [2048] Declaration of Think\Model\MongoModel::setDec() should be compatible with Think\Model::setDec($field, $step = 1, $lazyTime = 0) D:\xampp\htdocs\tp\ThinkPHP\Library\Think\Model\MongoModel.class.php 第 17 行.
NOTIC: [2048] Declaration of Think\Db\Driver\Mongo::connect() should be compatible with Think\Db\Driver::connect($config = '', $linkNum = 0, $autoConnection = false) D:\xampp\htdocs\tp\ThinkPHP\Library\Think\Db\Driver\Mongo.class.php 第 18 行.
NOTIC: [2048] Declaration of Think\Db\Driver\Mongo::insertAll() should be compatible with Think\Db\Driver::insertAll($dataSet, $options = Array, $replace = false) D:\xampp\htdocs\tp\ThinkPHP\Library\Think\Db\Driver\Mongo.class.php 第 18 行.
SQL: test.getCollection(user) [ RunTime:0.0000s ]
INFO: [ app_end ] --START--
INFO: Run Behavior\ShowPageTraceBehavior [ RunTime:0.001536s ]
INFO: [ app_end ] --END-- [ RunTime:0.001788s ]

[ 2016-03-10T23:48:23+08:00 ] ::1 /tp/Home/User/regist
INFO: [ app_begin ] --START--
INFO: Run Behavior\ReadHtmlCacheBehavior [ RunTime:0.000754s ]
INFO: [ app_begin ] --END-- [ RunTime:0.001252s ]
NOTIC: [2048] Declaration of Think\Model\MongoModel::setInc() should be compatible with Think\Model::setInc($field, $step = 1, $lazyTime = 0) D:\xampp\htdocs\tp\ThinkPHP\Library\Think\Model\MongoModel.class.php 第 17 行.
NOTIC: [2048] Declaration of Think\Model\MongoModel::setDec() should be compatible with Think\Model::setDec($field, $step = 1, $lazyTime = 0) D:\xampp\htdocs\tp\ThinkPHP\Library\Think\Model\MongoModel.class.php 第 17 行.
NOTIC: [2048] Declaration of Think\Db\Driver\Mongo::connect() should be compatible with Think\Db\Driver::connect($config = '', $linkNum = 0, $autoConnection = false) D:\xampp\htdocs\tp\ThinkPHP\Library\Think\Db\Driver\Mongo.class.php 第 18 行.
NOTIC: [2048] Declaration of Think\Db\Driver\Mongo::insertAll() should be compatible with Think\Db\Driver::insertAll($dataSet, $options = Array, $replace = false) D:\xampp\htdocs\tp\ThinkPHP\Library\Think\Db\Driver\Mongo.class.php 第 18 行.
SQL: test.getCollection(user) [ RunTime:0.0001s ]
INFO: [ app_end ] --START--
INFO: Run Behavior\ShowPageTraceBehavior [ RunTime:0.005624s ]
INFO: [ app_end ] --END-- [ RunTime:0.005840s ]

[ 2016-03-10T23:52:47+08:00 ] ::1 /tp/Home/User/regist
INFO: [ app_begin ] --START--
INFO: Run Behavior\ReadHtmlCacheBehavior [ RunTime:0.001083s ]
INFO: [ app_begin ] --END-- [ RunTime:0.001568s ]
NOTIC: [2048] Declaration of Think\Model\MongoModel::setInc() should be compatible with Think\Model::setInc($field, $step = 1, $lazyTime = 0) D:\xampp\htdocs\tp\ThinkPHP\Library\Think\Model\MongoModel.class.php 第 17 行.
NOTIC: [2048] Declaration of Think\Model\MongoModel::setDec() should be compatible with Think\Model::setDec($field, $step = 1, $lazyTime = 0) D:\xampp\htdocs\tp\ThinkPHP\Library\Think\Model\MongoModel.class.php 第 17 行.
NOTIC: [2048] Declaration of Think\Db\Driver\Mongo::connect() should be compatible with Think\Db\Driver::connect($config = '', $linkNum = 0, $autoConnection = false) D:\xampp\htdocs\tp\ThinkPHP\Library\Think\Db\Driver\Mongo.class.php 第 18 行.
NOTIC: [2048] Declaration of Think\Db\Driver\Mongo::insertAll() should be compatible with Think\Db\Driver::insertAll($dataSet, $options = Array, $replace = false) D:\xampp\htdocs\tp\ThinkPHP\Library\Think\Db\Driver\Mongo.class.php 第 18 行.
SQL: test.getCollection(user) [ RunTime:0.0000s ]
ERR: Think\Model\MongoModel:regist方法不存在！

[ 2016-03-10T23:54:07+08:00 ] ::1 /tp/Home/User/regist
INFO: [ app_begin ] --START--
INFO: Run Behavior\ReadHtmlCacheBehavior [ RunTime:0.000485s ]
INFO: [ app_begin ] --END-- [ RunTime:0.000895s ]

[ 2016-03-10T23:55:09+08:00 ] ::1 /tp/Home/User/regist
INFO: [ app_begin ] --START--
INFO: Run Behavior\ReadHtmlCacheBehavior [ RunTime:0.001065s ]
INFO: [ app_begin ] --END-- [ RunTime:0.001933s ]
NOTIC: [2048] Declaration of Think\Model\MongoModel::setInc() should be compatible with Think\Model::setInc($field, $step = 1, $lazyTime = 0) D:\xampp\htdocs\tp\ThinkPHP\Library\Think\Model\MongoModel.class.php 第 17 行.
NOTIC: [2048] Declaration of Think\Model\MongoModel::setDec() should be compatible with Think\Model::setDec($field, $step = 1, $lazyTime = 0) D:\xampp\htdocs\tp\ThinkPHP\Library\Think\Model\MongoModel.class.php 第 17 行.
NOTIC: [2048] Declaration of Think\Db\Driver\Mongo::connect() should be compatible with Think\Db\Driver::connect($config = '', $linkNum = 0, $autoConnection = false) D:\xampp\htdocs\tp\ThinkPHP\Library\Think\Db\Driver\Mongo.class.php 第 18 行.
NOTIC: [2048] Declaration of Think\Db\Driver\Mongo::insertAll() should be compatible with Think\Db\Driver::insertAll($dataSet, $options = Array, $replace = false) D:\xampp\htdocs\tp\ThinkPHP\Library\Think\Db\Driver\Mongo.class.php 第 18 行.
SQL: test.getCollection(user) [ RunTime:0.0000s ]
SQL: test.user.find({"username":"admin"}) [ RunTime:0.0000s ]
ERR: Think\Model\MongoModel:creat方法不存在！

[ 2016-03-10T23:58:58+08:00 ] ::1 /tp/Home/User/regist
INFO: [ app_begin ] --START--
INFO: Run Behavior\ReadHtmlCacheBehavior [ RunTime:0.000771s ]
INFO: [ app_begin ] --END-- [ RunTime:0.001255s ]
NOTIC: [2048] Declaration of Think\Model\MongoModel::setInc() should be compatible with Think\Model::setInc($field, $step = 1, $lazyTime = 0) D:\xampp\htdocs\tp\ThinkPHP\Library\Think\Model\MongoModel.class.php 第 17 行.
NOTIC: [2048] Declaration of Think\Model\MongoModel::setDec() should be compatible with Think\Model::setDec($field, $step = 1, $lazyTime = 0) D:\xampp\htdocs\tp\ThinkPHP\Library\Think\Model\MongoModel.class.php 第 17 行.
NOTIC: [2048] Declaration of Think\Db\Driver\Mongo::connect() should be compatible with Think\Db\Driver::connect($config = '', $linkNum = 0, $autoConnection = false) D:\xampp\htdocs\tp\ThinkPHP\Library\Think\Db\Driver\Mongo.class.php 第 18 行.
NOTIC: [2048] Declaration of Think\Db\Driver\Mongo::insertAll() should be compatible with Think\Db\Driver::insertAll($dataSet, $options = Array, $replace = false) D:\xampp\htdocs\tp\ThinkPHP\Library\Think\Db\Driver\Mongo.class.php 第 18 行.
SQL: test.getCollection(user) [ RunTime:0.0001s ]
SQL: test.user.find({"username":"admin"}) [ RunTime:0.0000s ]
SQL: test.user.insert({"username":"admin","email":"admin@153.com","password":"0192023a7bbd73250516f069df18b500"}) [ RunTime:0.0007s ]
INFO: [ app_end ] --START--
INFO: Run Behavior\ShowPageTraceBehavior [ RunTime:0.001883s ]
INFO: [ app_end ] --END-- [ RunTime:0.001985s ]

[ 2016-03-10T23:59:35+08:00 ] ::1 /tp/Home/User/regist
INFO: [ app_begin ] --START--
INFO: Run Behavior\ReadHtmlCacheBehavior [ RunTime:0.000758s ]
INFO: [ app_begin ] --END-- [ RunTime:0.001238s ]
NOTIC: [2048] Declaration of Think\Model\MongoModel::setInc() should be compatible with Think\Model::setInc($field, $step = 1, $lazyTime = 0) D:\xampp\htdocs\tp\ThinkPHP\Library\Think\Model\MongoModel.class.php 第 17 行.
NOTIC: [2048] Declaration of Think\Model\MongoModel::setDec() should be compatible with Think\Model::setDec($field, $step = 1, $lazyTime = 0) D:\xampp\htdocs\tp\ThinkPHP\Library\Think\Model\MongoModel.class.php 第 17 行.
NOTIC: [2048] Declaration of Think\Db\Driver\Mongo::connect() should be compatible with Think\Db\Driver::connect($config = '', $linkNum = 0, $autoConnection = false) D:\xampp\htdocs\tp\ThinkPHP\Library\Think\Db\Driver\Mongo.class.php 第 18 行.
NOTIC: [2048] Declaration of Think\Db\Driver\Mongo::insertAll() should be compatible with Think\Db\Driver::insertAll($dataSet, $options = Array, $replace = false) D:\xampp\htdocs\tp\ThinkPHP\Library\Think\Db\Driver\Mongo.class.php 第 18 行.
SQL: test.getCollection(user) [ RunTime:0.0001s ]
SQL: test.user.find({"username":"admin"}) [ RunTime:0.0000s ]
INFO: [ app_end ] --START--
INFO: Run Behavior\ShowPageTraceBehavior [ RunTime:0.001712s ]
INFO: [ app_end ] --END-- [ RunTime:0.001823s ]

[ 2016-03-10T23:59:39+08:00 ] ::1 /tp/Home/User/regist
INFO: [ app_begin ] --START--
INFO: Run Behavior\ReadHtmlCacheBehavior [ RunTime:0.000495s ]
INFO: [ app_begin ] --END-- [ RunTime:0.000899s ]
NOTIC: [2048] Declaration of Think\Model\MongoModel::setInc() should be compatible with Think\Model::setInc($field, $step = 1, $lazyTime = 0) D:\xampp\htdocs\tp\ThinkPHP\Library\Think\Model\MongoModel.class.php 第 17 行.
NOTIC: [2048] Declaration of Think\Model\MongoModel::setDec() should be compatible with Think\Model::setDec($field, $step = 1, $lazyTime = 0) D:\xampp\htdocs\tp\ThinkPHP\Library\Think\Model\MongoModel.class.php 第 17 行.
NOTIC: [2048] Declaration of Think\Db\Driver\Mongo::connect() should be compatible with Think\Db\Driver::connect($config = '', $linkNum = 0, $autoConnection = false) D:\xampp\htdocs\tp\ThinkPHP\Library\Think\Db\Driver\Mongo.class.php 第 18 行.
NOTIC: [2048] Declaration of Think\Db\Driver\Mongo::insertAll() should be compatible with Think\Db\Driver::insertAll($dataSet, $options = Array, $replace = false) D:\xampp\htdocs\tp\ThinkPHP\Library\Think\Db\Driver\Mongo.class.php 第 18 行.
SQL: test.getCollection(user) [ RunTime:0.0001s ]
SQL: test.user.find({"username":"admin"}) [ RunTime:0.0001s ]
INFO: [ app_end ] --START--
INFO: Run Behavior\ShowPageTraceBehavior [ RunTime:0.001958s ]
INFO: [ app_end ] --END-- [ RunTime:0.002129s ]

