[ 2016-03-11T00:14:13+08:00 ] ::1 /tp/Home/User/login
INFO: [ app_begin ] --START--
INFO: Run Behavior\ReadHtmlCacheBehavior [ RunTime:0.000765s ]
INFO: [ app_begin ] --END-- [ RunTime:0.001527s ]
NOTIC: [2048] Declaration of Think\Db\Driver\Mongo::connect() should be compatible with Think\Db\Driver::connect($config = '', $linkNum = 0, $autoConnection = false) D:\xampp\htdocs\tp\ThinkPHP\Library\Think\Db\Driver\Mongo.class.php Á¨¨ 18 Ë°å.
NOTIC: [2048] Declaration of Think\Db\Driver\Mongo::insertAll() should be compatible with Think\Db\Driver::insertAll($dataSet, $options = Array, $replace = false) D:\xampp\htdocs\tp\ThinkPHP\Library\Think\Db\Driver\Mongo.class.php Á¨¨ 18 Ë°å.

[ 2016-03-11T00:14:24+08:00 ] ::1 /tp/Home/User/login
INFO: [ app_begin ] --START--
INFO: Run Behavior\ReadHtmlCacheBehavior [ RunTime:0.001363s ]
INFO: [ app_begin ] --END-- [ RunTime:0.002333s ]
NOTIC: [2048] Declaration of Think\Db\Driver\Mongo::connect() should be compatible with Think\Db\Driver::connect($config = '', $linkNum = 0, $autoConnection = false) D:\xampp\htdocs\tp\ThinkPHP\Library\Think\Db\Driver\Mongo.class.php Á¨¨ 18 Ë°å.
NOTIC: [2048] Declaration of Think\Db\Driver\Mongo::insertAll() should be compatible with Think\Db\Driver::insertAll($dataSet, $options = Array, $replace = false) D:\xampp\htdocs\tp\ThinkPHP\Library\Think\Db\Driver\Mongo.class.php Á¨¨ 18 Ë°å.

[ 2016-03-11T00:15:51+08:00 ] ::1 /tp/Home/User/login
INFO: [ app_begin ] --START--
INFO: Run Behavior\ReadHtmlCacheBehavior [ RunTime:0.000973s ]
INFO: [ app_begin ] --END-- [ RunTime:0.001522s ]
NOTIC: [2048] Declaration of Think\Db\Driver\Mongo::connect() should be compatible with Think\Db\Driver::connect($config = '', $linkNum = 0, $autoConnection = false) D:\xampp\htdocs\tp\ThinkPHP\Library\Think\Db\Driver\Mongo.class.php Á¨¨ 18 Ë°å.
NOTIC: [2048] Declaration of Think\Db\Driver\Mongo::insertAll() should be compatible with Think\Db\Driver::insertAll($dataSet, $options = Array, $replace = false) D:\xampp\htdocs\tp\ThinkPHP\Library\Think\Db\Driver\Mongo.class.php Á¨¨ 18 Ë°å.

[ 2016-03-11T00:17:01+08:00 ] ::1 /tp/Home/User/login
INFO: [ app_begin ] --START--
INFO: Run Behavior\ReadHtmlCacheBehavior [ RunTime:0.000781s ]
INFO: [ app_begin ] --END-- [ RunTime:0.001257s ]
NOTIC: [2048] Declaration of Think\Db\Driver\Mongo::connect() should be compatible with Think\Db\Driver::connect($config = '', $linkNum = 0, $autoConnection = false) D:\xampp\htdocs\tp\ThinkPHP\Library\Think\Db\Driver\Mongo.class.php Á¨¨ 18 Ë°å.
NOTIC: [2048] Declaration of Think\Db\Driver\Mongo::insertAll() should be compatible with Think\Db\Driver::insertAll($dataSet, $options = Array, $replace = false) D:\xampp\htdocs\tp\ThinkPHP\Library\Think\Db\Driver\Mongo.class.php Á¨¨ 18 Ë°å.

[ 2016-03-11T00:18:15+08:00 ] ::1 /tp/Home/User/login
INFO: [ app_begin ] --START--
INFO: Run Behavior\ReadHtmlCacheBehavior [ RunTime:0.000599s ]
INFO: [ app_begin ] --END-- [ RunTime:0.001028s ]
NOTIC: [2048] Declaration of Think\Db\Driver\Mongo::connect() should be compatible with Think\Db\Driver::connect($config = '', $linkNum = 0, $autoConnection = false) D:\xampp\htdocs\tp\ThinkPHP\Library\Think\Db\Driver\Mongo.class.php Á¨¨ 18 Ë°å.
NOTIC: [2048] Declaration of Think\Db\Driver\Mongo::insertAll() should be compatible with Think\Db\Driver::insertAll($dataSet, $options = Array, $replace = false) D:\xampp\htdocs\tp\ThinkPHP\Library\Think\Db\Driver\Mongo.class.php Á¨¨ 18 Ë°å.

[ 2016-03-11T00:18:35+08:00 ] ::1 /tp/Home/User/login
INFO: [ app_begin ] --START--
INFO: Run Behavior\ReadHtmlCacheBehavior [ RunTime:0.000526s ]
INFO: [ app_begin ] --END-- [ RunTime:0.000900s ]
NOTIC: [2048] Declaration of Think\Db\Driver\Mongo::connect() should be compatible with Think\Db\Driver::connect($config = '', $linkNum = 0, $autoConnection = false) D:\xampp\htdocs\tp\ThinkPHP\Library\Think\Db\Driver\Mongo.class.php Á¨¨ 18 Ë°å.
NOTIC: [2048] Declaration of Think\Db\Driver\Mongo::insertAll() should be compatible with Think\Db\Driver::insertAll($dataSet, $options = Array, $replace = false) D:\xampp\htdocs\tp\ThinkPHP\Library\Think\Db\Driver\Mongo.class.php Á¨¨ 18 Ë°å.

[ 2016-03-11T00:19:15+08:00 ] ::1 /tp/Home/User/login
INFO: [ app_begin ] --START--
INFO: Run Behavior\ReadHtmlCacheBehavior [ RunTime:0.000691s ]
INFO: [ app_begin ] --END-- [ RunTime:0.001180s ]
NOTIC: [2048] Declaration of Think\Model\MongoModel::setInc() should be compatible with Think\Model::setInc($field, $step = 1, $lazyTime = 0) D:\xampp\htdocs\tp\ThinkPHP\Library\Think\Model\MongoModel.class.php Á¨¨ 17 Ë°å.
NOTIC: [2048] Declaration of Think\Model\MongoModel::setDec() should be compatible with Think\Model::setDec($field, $step = 1, $lazyTime = 0) D:\xampp\htdocs\tp\ThinkPHP\Library\Think\Model\MongoModel.class.php Á¨¨ 17 Ë°å.
NOTIC: [2048] Declaration of Think\Db\Driver\Mongo::connect() should be compatible with Think\Db\Driver::connect($config = '', $linkNum = 0, $autoConnection = false) D:\xampp\htdocs\tp\ThinkPHP\Library\Think\Db\Driver\Mongo.class.php Á¨¨ 18 Ë°å.
NOTIC: [2048] Declaration of Think\Db\Driver\Mongo::insertAll() should be compatible with Think\Db\Driver::insertAll($dataSet, $options = Array, $replace = false) D:\xampp\htdocs\tp\ThinkPHP\Library\Think\Db\Driver\Mongo.class.php Á¨¨ 18 Ë°å.
SQL: test.getCollection(user) [ RunTime:0.0000s ]

[ 2016-03-11T00:21:31+08:00 ] ::1 /tp/Home/User/login
INFO: [ app_begin ] --START--
INFO: Run Behavior\ReadHtmlCacheBehavior [ RunTime:0.000668s ]
INFO: [ app_begin ] --END-- [ RunTime:0.001100s ]
NOTIC: [2048] Declaration of Think\Model\MongoModel::setInc() should be compatible with Think\Model::setInc($field, $step = 1, $lazyTime = 0) D:\xampp\htdocs\tp\ThinkPHP\Library\Think\Model\MongoModel.class.php Á¨¨ 17 Ë°å.
NOTIC: [2048] Declaration of Think\Model\MongoModel::setDec() should be compatible with Think\Model::setDec($field, $step = 1, $lazyTime = 0) D:\xampp\htdocs\tp\ThinkPHP\Library\Think\Model\MongoModel.class.php Á¨¨ 17 Ë°å.
NOTIC: [2048] Declaration of Think\Db\Driver\Mongo::connect() should be compatible with Think\Db\Driver::connect($config = '', $linkNum = 0, $autoConnection = false) D:\xampp\htdocs\tp\ThinkPHP\Library\Think\Db\Driver\Mongo.class.php Á¨¨ 18 Ë°å.
NOTIC: [2048] Declaration of Think\Db\Driver\Mongo::insertAll() should be compatible with Think\Db\Driver::insertAll($dataSet, $options = Array, $replace = false) D:\xampp\htdocs\tp\ThinkPHP\Library\Think\Db\Driver\Mongo.class.php Á¨¨ 18 Ë°å.

[ 2016-03-11T00:21:31+08:00 ] ::1 /tp/Home/User/login
INFO: [ app_begin ] --START--
INFO: Run Behavior\ReadHtmlCacheBehavior [ RunTime:0.000743s ]
INFO: [ app_begin ] --END-- [ RunTime:0.001211s ]

[ 2016-03-11T00:21:31+08:00 ] ::1 /tp/Home/User/login
INFO: [ app_begin ] --START--
INFO: Run Behavior\ReadHtmlCacheBehavior [ RunTime:0.000740s ]
INFO: [ app_begin ] --END-- [ RunTime:0.001175s ]
NOTIC: [2048] Declaration of Think\Model\MongoModel::setInc() should be compatible with Think\Model::setInc($field, $step = 1, $lazyTime = 0) D:\xampp\htdocs\tp\ThinkPHP\Library\Think\Model\MongoModel.class.php Á¨¨ 17 Ë°å.
NOTIC: [2048] Declaration of Think\Model\MongoModel::setDec() should be compatible with Think\Model::setDec($field, $step = 1, $lazyTime = 0) D:\xampp\htdocs\tp\ThinkPHP\Library\Think\Model\MongoModel.class.php Á¨¨ 17 Ë°å.
NOTIC: [2048] Declaration of Think\Db\Driver\Mongo::connect() should be compatible with Think\Db\Driver::connect($config = '', $linkNum = 0, $autoConnection = false) D:\xampp\htdocs\tp\ThinkPHP\Library\Think\Db\Driver\Mongo.class.php Á¨¨ 18 Ë°å.
NOTIC: [2048] Declaration of Think\Db\Driver\Mongo::insertAll() should be compatible with Think\Db\Driver::insertAll($dataSet, $options = Array, $replace = false) D:\xampp\htdocs\tp\ThinkPHP\Library\Think\Db\Driver\Mongo.class.php Á¨¨ 18 Ë°å.
SQL: test.getCollection(user) [ RunTime:0.0000s ]

[ 2016-03-11T00:22:32+08:00 ] ::1 /tp/Home/User/login
INFO: [ app_begin ] --START--
INFO: Run Behavior\ReadHtmlCacheBehavior [ RunTime:0.000777s ]
INFO: [ app_begin ] --END-- [ RunTime:0.001325s ]
NOTIC: [2048] Declaration of Think\Model\MongoModel::setInc() should be compatible with Think\Model::setInc($field, $step = 1, $lazyTime = 0) D:\xampp\htdocs\tp\ThinkPHP\Library\Think\Model\MongoModel.class.php Á¨¨ 17 Ë°å.
NOTIC: [2048] Declaration of Think\Model\MongoModel::setDec() should be compatible with Think\Model::setDec($field, $step = 1, $lazyTime = 0) D:\xampp\htdocs\tp\ThinkPHP\Library\Think\Model\MongoModel.class.php Á¨¨ 17 Ë°å.
NOTIC: [2048] Declaration of Think\Db\Driver\Mongo::connect() should be compatible with Think\Db\Driver::connect($config = '', $linkNum = 0, $autoConnection = false) D:\xampp\htdocs\tp\ThinkPHP\Library\Think\Db\Driver\Mongo.class.php Á¨¨ 18 Ë°å.
NOTIC: [2048] Declaration of Think\Db\Driver\Mongo::insertAll() should be compatible with Think\Db\Driver::insertAll($dataSet, $options = Array, $replace = false) D:\xampp\htdocs\tp\ThinkPHP\Library\Think\Db\Driver\Mongo.class.php Á¨¨ 18 Ë°å.

[ 2016-03-11T00:23:41+08:00 ] ::1 /tp/Home/User/login
INFO: [ app_begin ] --START--
INFO: Run Behavior\ReadHtmlCacheBehavior [ RunTime:0.000801s ]
INFO: [ app_begin ] --END-- [ RunTime:0.001368s ]
NOTIC: [2048] Declaration of Think\Model\MongoModel::setInc() should be compatible with Think\Model::setInc($field, $step = 1, $lazyTime = 0) D:\xampp\htdocs\tp\ThinkPHP\Library\Think\Model\MongoModel.class.php Á¨¨ 17 Ë°å.
NOTIC: [2048] Declaration of Think\Model\MongoModel::setDec() should be compatible with Think\Model::setDec($field, $step = 1, $lazyTime = 0) D:\xampp\htdocs\tp\ThinkPHP\Library\Think\Model\MongoModel.class.php Á¨¨ 17 Ë°å.
NOTIC: [2048] Declaration of Think\Db\Driver\Mongo::connect() should be compatible with Think\Db\Driver::connect($config = '', $linkNum = 0, $autoConnection = false) D:\xampp\htdocs\tp\ThinkPHP\Library\Think\Db\Driver\Mongo.class.php Á¨¨ 18 Ë°å.
NOTIC: [2048] Declaration of Think\Db\Driver\Mongo::insertAll() should be compatible with Think\Db\Driver::insertAll($dataSet, $options = Array, $replace = false) D:\xampp\htdocs\tp\ThinkPHP\Library\Think\Db\Driver\Mongo.class.php Á¨¨ 18 Ë°å.

[ 2016-03-11T00:23:41+08:00 ] ::1 /tp/Home/User/login
INFO: [ app_begin ] --START--
INFO: Run Behavior\ReadHtmlCacheBehavior [ RunTime:0.000770s ]
INFO: [ app_begin ] --END-- [ RunTime:0.001287s ]

[ 2016-03-11T00:25:02+08:00 ] ::1 /tp/Home/User/login
INFO: [ app_begin ] --START--
INFO: Run Behavior\ReadHtmlCacheBehavior [ RunTime:0.000590s ]
INFO: [ app_begin ] --END-- [ RunTime:0.001107s ]
NOTIC: [2048] Declaration of Think\Db\Driver\Mongo::connect() should be compatible with Think\Db\Driver::connect($config = '', $linkNum = 0, $autoConnection = false) D:\xampp\htdocs\tp\ThinkPHP\Library\Think\Db\Driver\Mongo.class.php Á¨¨ 18 Ë°å.
NOTIC: [2048] Declaration of Think\Db\Driver\Mongo::insertAll() should be compatible with Think\Db\Driver::insertAll($dataSet, $options = Array, $replace = false) D:\xampp\htdocs\tp\ThinkPHP\Library\Think\Db\Driver\Mongo.class.php Á¨¨ 18 Ë°å.

[ 2016-03-11T00:25:57+08:00 ] ::1 /tp/Home/User/login
INFO: [ app_begin ] --START--
INFO: Run Behavior\ReadHtmlCacheBehavior [ RunTime:0.000754s ]
INFO: [ app_begin ] --END-- [ RunTime:0.001234s ]
NOTIC: [2048] Declaration of Think\Db\Driver\Mongo::connect() should be compatible with Think\Db\Driver::connect($config = '', $linkNum = 0, $autoConnection = false) D:\xampp\htdocs\tp\ThinkPHP\Library\Think\Db\Driver\Mongo.class.php Á¨¨ 18 Ë°å.
NOTIC: [2048] Declaration of Think\Db\Driver\Mongo::insertAll() should be compatible with Think\Db\Driver::insertAll($dataSet, $options = Array, $replace = false) D:\xampp\htdocs\tp\ThinkPHP\Library\Think\Db\Driver\Mongo.class.php Á¨¨ 18 Ë°å.

[ 2016-03-11T00:27:37+08:00 ] ::1 /tp/Home/User/login
INFO: [ app_begin ] --START--
INFO: Run Behavior\ReadHtmlCacheBehavior [ RunTime:0.001008s ]
INFO: [ app_begin ] --END-- [ RunTime:0.001762s ]
NOTIC: [2048] Declaration of Think\Model\MongoModel::setInc() should be compatible with Think\Model::setInc($field, $step = 1, $lazyTime = 0) D:\xampp\htdocs\tp\ThinkPHP\Library\Think\Model\MongoModel.class.php Á¨¨ 17 Ë°å.
NOTIC: [2048] Declaration of Think\Model\MongoModel::setDec() should be compatible with Think\Model::setDec($field, $step = 1, $lazyTime = 0) D:\xampp\htdocs\tp\ThinkPHP\Library\Think\Model\MongoModel.class.php Á¨¨ 17 Ë°å.
NOTIC: [2048] Declaration of Think\Db\Driver\Mongo::connect() should be compatible with Think\Db\Driver::connect($config = '', $linkNum = 0, $autoConnection = false) D:\xampp\htdocs\tp\ThinkPHP\Library\Think\Db\Driver\Mongo.class.php Á¨¨ 18 Ë°å.
NOTIC: [2048] Declaration of Think\Db\Driver\Mongo::insertAll() should be compatible with Think\Db\Driver::insertAll($dataSet, $options = Array, $replace = false) D:\xampp\htdocs\tp\ThinkPHP\Library\Think\Db\Driver\Mongo.class.php Á¨¨ 18 Ë°å.
SQL: test.getCollection(user) [ RunTime:0.0000s ]

[ 2016-03-11T00:28:11+08:00 ] ::1 /tp/Home/User/login
INFO: [ app_begin ] --START--
INFO: Run Behavior\ReadHtmlCacheBehavior [ RunTime:0.000751s ]
INFO: [ app_begin ] --END-- [ RunTime:0.001212s ]
NOTIC: [2048] Declaration of Think\Model\MongoModel::setInc() should be compatible with Think\Model::setInc($field, $step = 1, $lazyTime = 0) D:\xampp\htdocs\tp\ThinkPHP\Library\Think\Model\MongoModel.class.php Á¨¨ 17 Ë°å.
NOTIC: [2048] Declaration of Think\Model\MongoModel::setDec() should be compatible with Think\Model::setDec($field, $step = 1, $lazyTime = 0) D:\xampp\htdocs\tp\ThinkPHP\Library\Think\Model\MongoModel.class.php Á¨¨ 17 Ë°å.
NOTIC: [2048] Declaration of Think\Db\Driver\Mongo::connect() should be compatible with Think\Db\Driver::connect($config = '', $linkNum = 0, $autoConnection = false) D:\xampp\htdocs\tp\ThinkPHP\Library\Think\Db\Driver\Mongo.class.php Á¨¨ 18 Ë°å.
NOTIC: [2048] Declaration of Think\Db\Driver\Mongo::insertAll() should be compatible with Think\Db\Driver::insertAll($dataSet, $options = Array, $replace = false) D:\xampp\htdocs\tp\ThinkPHP\Library\Think\Db\Driver\Mongo.class.php Á¨¨ 18 Ë°å.
SQL: test.getCollection(user) [ RunTime:0.0000s ]
NOTIC: [8] Undefined variable: datas D:\xampp\htdocs\tp\Application\Home\Controller\UserController.class.php Á¨¨ 10 Ë°å.
ERR: Think\Model\MongoModel:loginÊñπÊ≥ï‰∏çÂ≠òÂú®ÔºÅ

[ 2016-03-11T00:30:14+08:00 ] ::1 /tp/Home/User/login
INFO: [ app_begin ] --START--
INFO: Run Behavior\ReadHtmlCacheBehavior [ RunTime:0.000752s ]
INFO: [ app_begin ] --END-- [ RunTime:0.001226s ]
NOTIC: [2048] Declaration of Think\Model\MongoModel::setInc() should be compatible with Think\Model::setInc($field, $step = 1, $lazyTime = 0) D:\xampp\htdocs\tp\ThinkPHP\Library\Think\Model\MongoModel.class.php Á¨¨ 17 Ë°å.
NOTIC: [2048] Declaration of Think\Model\MongoModel::setDec() should be compatible with Think\Model::setDec($field, $step = 1, $lazyTime = 0) D:\xampp\htdocs\tp\ThinkPHP\Library\Think\Model\MongoModel.class.php Á¨¨ 17 Ë°å.
NOTIC: [2048] Declaration of Think\Db\Driver\Mongo::connect() should be compatible with Think\Db\Driver::connect($config = '', $linkNum = 0, $autoConnection = false) D:\xampp\htdocs\tp\ThinkPHP\Library\Think\Db\Driver\Mongo.class.php Á¨¨ 18 Ë°å.
NOTIC: [2048] Declaration of Think\Db\Driver\Mongo::insertAll() should be compatible with Think\Db\Driver::insertAll($dataSet, $options = Array, $replace = false) D:\xampp\htdocs\tp\ThinkPHP\Library\Think\Db\Driver\Mongo.class.php Á¨¨ 18 Ë°å.
SQL: test.getCollection(user) [ RunTime:0.0001s ]
NOTIC: [8] Undefined variable: u D:\xampp\htdocs\tp\Application\Home\Controller\UserController.class.php Á¨¨ 29 Ë°å.
NOTIC: [8] Undefined variable: datas D:\xampp\htdocs\tp\Application\Home\Controller\UserController.class.php Á¨¨ 11 Ë°å.

[ 2016-03-11T00:30:32+08:00 ] ::1 /tp/Home/User/login
INFO: [ app_begin ] --START--
INFO: Run Behavior\ReadHtmlCacheBehavior [ RunTime:0.000975s ]
INFO: [ app_begin ] --END-- [ RunTime:0.001625s ]
NOTIC: [2048] Declaration of Think\Model\MongoModel::setInc() should be compatible with Think\Model::setInc($field, $step = 1, $lazyTime = 0) D:\xampp\htdocs\tp\ThinkPHP\Library\Think\Model\MongoModel.class.php Á¨¨ 17 Ë°å.
NOTIC: [2048] Declaration of Think\Model\MongoModel::setDec() should be compatible with Think\Model::setDec($field, $step = 1, $lazyTime = 0) D:\xampp\htdocs\tp\ThinkPHP\Library\Think\Model\MongoModel.class.php Á¨¨ 17 Ë°å.
NOTIC: [2048] Declaration of Think\Db\Driver\Mongo::connect() should be compatible with Think\Db\Driver::connect($config = '', $linkNum = 0, $autoConnection = false) D:\xampp\htdocs\tp\ThinkPHP\Library\Think\Db\Driver\Mongo.class.php Á¨¨ 18 Ë°å.
NOTIC: [2048] Declaration of Think\Db\Driver\Mongo::insertAll() should be compatible with Think\Db\Driver::insertAll($dataSet, $options = Array, $replace = false) D:\xampp\htdocs\tp\ThinkPHP\Library\Think\Db\Driver\Mongo.class.php Á¨¨ 18 Ë°å.
SQL: test.getCollection(user) [ RunTime:0.0000s ]
NOTIC: [8] Undefined variable: u D:\xampp\htdocs\tp\Application\Home\Controller\UserController.class.php Á¨¨ 29 Ë°å.
NOTIC: [8] Undefined variable: datas D:\xampp\htdocs\tp\Application\Home\Controller\UserController.class.php Á¨¨ 11 Ë°å.
NOTIC: [8] Undefined variable: data D:\xampp\htdocs\tp\Application\Home\Controller\UserController.class.php Á¨¨ 35 Ë°å.
NOTIC: [8] Undefined variable: u D:\xampp\htdocs\tp\Application\Home\Controller\UserController.class.php Á¨¨ 53 Ë°å.
NOTIC: [8] Undefined variable: u D:\xampp\htdocs\tp\Application\Home\Controller\UserController.class.php Á¨¨ 54 Ë°å.

[ 2016-03-11T00:31:06+08:00 ] ::1 /tp/Home/User/login
INFO: [ app_begin ] --START--
INFO: Run Behavior\ReadHtmlCacheBehavior [ RunTime:0.000505s ]
INFO: [ app_begin ] --END-- [ RunTime:0.000903s ]
NOTIC: [2048] Declaration of Think\Model\MongoModel::setInc() should be compatible with Think\Model::setInc($field, $step = 1, $lazyTime = 0) D:\xampp\htdocs\tp\ThinkPHP\Library\Think\Model\MongoModel.class.php Á¨¨ 17 Ë°å.
NOTIC: [2048] Declaration of Think\Model\MongoModel::setDec() should be compatible with Think\Model::setDec($field, $step = 1, $lazyTime = 0) D:\xampp\htdocs\tp\ThinkPHP\Library\Think\Model\MongoModel.class.php Á¨¨ 17 Ë°å.
NOTIC: [2048] Declaration of Think\Db\Driver\Mongo::connect() should be compatible with Think\Db\Driver::connect($config = '', $linkNum = 0, $autoConnection = false) D:\xampp\htdocs\tp\ThinkPHP\Library\Think\Db\Driver\Mongo.class.php Á¨¨ 18 Ë°å.
NOTIC: [2048] Declaration of Think\Db\Driver\Mongo::insertAll() should be compatible with Think\Db\Driver::insertAll($dataSet, $options = Array, $replace = false) D:\xampp\htdocs\tp\ThinkPHP\Library\Think\Db\Driver\Mongo.class.php Á¨¨ 18 Ë°å.
SQL: test.getCollection(user) [ RunTime:0.0000s ]
NOTIC: [8] Undefined variable: u D:\xampp\htdocs\tp\Application\Home\Controller\UserController.class.php Á¨¨ 29 Ë°å.
NOTIC: [8] Undefined variable: datas D:\xampp\htdocs\tp\Application\Home\Controller\UserController.class.php Á¨¨ 11 Ë°å.
NOTIC: [8] Undefined variable: data D:\xampp\htdocs\tp\Application\Home\Controller\UserController.class.php Á¨¨ 35 Ë°å.
NOTIC: [8] Undefined variable: u D:\xampp\htdocs\tp\Application\Home\Controller\UserController.class.php Á¨¨ 54 Ë°å.

[ 2016-03-11T00:32:20+08:00 ] ::1 /tp/Home/User/login
INFO: [ app_begin ] --START--
INFO: Run Behavior\ReadHtmlCacheBehavior [ RunTime:0.001209s ]
INFO: [ app_begin ] --END-- [ RunTime:0.001957s ]

[ 2016-03-11T00:32:32+08:00 ] ::1 /tp/Home/User/login
INFO: [ app_begin ] --START--
INFO: Run Behavior\ReadHtmlCacheBehavior [ RunTime:0.000484s ]
INFO: [ app_begin ] --END-- [ RunTime:0.000871s ]
NOTIC: [2048] Declaration of Think\Model\MongoModel::setInc() should be compatible with Think\Model::setInc($field, $step = 1, $lazyTime = 0) D:\xampp\htdocs\tp\ThinkPHP\Library\Think\Model\MongoModel.class.php Á¨¨ 17 Ë°å.
NOTIC: [2048] Declaration of Think\Model\MongoModel::setDec() should be compatible with Think\Model::setDec($field, $step = 1, $lazyTime = 0) D:\xampp\htdocs\tp\ThinkPHP\Library\Think\Model\MongoModel.class.php Á¨¨ 17 Ë°å.
NOTIC: [2048] Declaration of Think\Db\Driver\Mongo::connect() should be compatible with Think\Db\Driver::connect($config = '', $linkNum = 0, $autoConnection = false) D:\xampp\htdocs\tp\ThinkPHP\Library\Think\Db\Driver\Mongo.class.php Á¨¨ 18 Ë°å.
NOTIC: [2048] Declaration of Think\Db\Driver\Mongo::insertAll() should be compatible with Think\Db\Driver::insertAll($dataSet, $options = Array, $replace = false) D:\xampp\htdocs\tp\ThinkPHP\Library\Think\Db\Driver\Mongo.class.php Á¨¨ 18 Ë°å.
SQL: test.getCollection(user) [ RunTime:0.0000s ]
NOTIC: [8] Undefined variable: u D:\xampp\htdocs\tp\Application\Home\Controller\UserController.class.php Á¨¨ 29 Ë°å.
NOTIC: [8] Undefined variable: datas D:\xampp\htdocs\tp\Application\Home\Controller\UserController.class.php Á¨¨ 11 Ë°å.
NOTIC: [8] Undefined variable: data D:\xampp\htdocs\tp\Application\Home\Controller\UserController.class.php Á¨¨ 35 Ë°å.
NOTIC: [8] Undefined variable: u D:\xampp\htdocs\tp\Application\Home\Controller\UserController.class.php Á¨¨ 54 Ë°å.
NOTIC: [8] Undefined variable: u D:\xampp\htdocs\tp\Application\Home\Controller\UserController.class.php Á¨¨ 55 Ë°å.

[ 2016-03-11T00:33:56+08:00 ] ::1 /tp/Home/User/login
INFO: [ app_begin ] --START--
INFO: Run Behavior\ReadHtmlCacheBehavior [ RunTime:0.000754s ]
INFO: [ app_begin ] --END-- [ RunTime:0.001234s ]
NOTIC: [2048] Declaration of Think\Model\MongoModel::setInc() should be compatible with Think\Model::setInc($field, $step = 1, $lazyTime = 0) D:\xampp\htdocs\tp\ThinkPHP\Library\Think\Model\MongoModel.class.php Á¨¨ 17 Ë°å.
NOTIC: [2048] Declaration of Think\Model\MongoModel::setDec() should be compatible with Think\Model::setDec($field, $step = 1, $lazyTime = 0) D:\xampp\htdocs\tp\ThinkPHP\Library\Think\Model\MongoModel.class.php Á¨¨ 17 Ë°å.
NOTIC: [2048] Declaration of Think\Db\Driver\Mongo::connect() should be compatible with Think\Db\Driver::connect($config = '', $linkNum = 0, $autoConnection = false) D:\xampp\htdocs\tp\ThinkPHP\Library\Think\Db\Driver\Mongo.class.php Á¨¨ 18 Ë°å.
NOTIC: [2048] Declaration of Think\Db\Driver\Mongo::insertAll() should be compatible with Think\Db\Driver::insertAll($dataSet, $options = Array, $replace = false) D:\xampp\htdocs\tp\ThinkPHP\Library\Think\Db\Driver\Mongo.class.php Á¨¨ 18 Ë°å.
SQL: test.getCollection(user) [ RunTime:0.0000s ]
NOTIC: [8] Undefined variable: u D:\xampp\htdocs\tp\Application\Home\Controller\UserController.class.php Á¨¨ 29 Ë°å.
NOTIC: [8] Undefined variable: datas D:\xampp\htdocs\tp\Application\Home\Controller\UserController.class.php Á¨¨ 11 Ë°å.
NOTIC: [8] Undefined variable: data D:\xampp\htdocs\tp\Application\Home\Controller\UserController.class.php Á¨¨ 35 Ë°å.
NOTIC: [8] Undefined variable: u D:\xampp\htdocs\tp\Application\Home\Controller\UserController.class.php Á¨¨ 56 Ë°å.

[ 2016-03-11T00:34:30+08:00 ] ::1 /tp/Home/User/login
INFO: [ app_begin ] --START--
INFO: Run Behavior\ReadHtmlCacheBehavior [ RunTime:0.000516s ]
INFO: [ app_begin ] --END-- [ RunTime:0.001311s ]

[ 2016-03-11T00:34:40+08:00 ] ::1 /tp/Home/User/login
INFO: [ app_begin ] --START--
INFO: Run Behavior\ReadHtmlCacheBehavior [ RunTime:0.000486s ]
INFO: [ app_begin ] --END-- [ RunTime:0.000870s ]
NOTIC: [2048] Declaration of Think\Model\MongoModel::setInc() should be compatible with Think\Model::setInc($field, $step = 1, $lazyTime = 0) D:\xampp\htdocs\tp\ThinkPHP\Library\Think\Model\MongoModel.class.php Á¨¨ 17 Ë°å.
NOTIC: [2048] Declaration of Think\Model\MongoModel::setDec() should be compatible with Think\Model::setDec($field, $step = 1, $lazyTime = 0) D:\xampp\htdocs\tp\ThinkPHP\Library\Think\Model\MongoModel.class.php Á¨¨ 17 Ë°å.
NOTIC: [2048] Declaration of Think\Db\Driver\Mongo::connect() should be compatible with Think\Db\Driver::connect($config = '', $linkNum = 0, $autoConnection = false) D:\xampp\htdocs\tp\ThinkPHP\Library\Think\Db\Driver\Mongo.class.php Á¨¨ 18 Ë°å.
NOTIC: [2048] Declaration of Think\Db\Driver\Mongo::insertAll() should be compatible with Think\Db\Driver::insertAll($dataSet, $options = Array, $replace = false) D:\xampp\htdocs\tp\ThinkPHP\Library\Think\Db\Driver\Mongo.class.php Á¨¨ 18 Ë°å.
SQL: test.getCollection(user) [ RunTime:0.0000s ]
NOTIC: [8] Undefined variable: datas D:\xampp\htdocs\tp\Application\Home\Controller\UserController.class.php Á¨¨ 11 Ë°å.
NOTIC: [8] Undefined variable: data D:\xampp\htdocs\tp\Application\Home\Controller\UserController.class.php Á¨¨ 35 Ë°å.
SQL: test.user.find({"username":null}) [ RunTime:0.0000s ]
NOTIC: [8] Undefined index: password D:\xampp\htdocs\tp\Application\Home\Controller\UserController.class.php Á¨¨ 37 Ë°å.
NOTIC: [8] Undefined variable: data D:\xampp\htdocs\tp\Application\Home\Controller\UserController.class.php Á¨¨ 37 Ë°å.
INFO: [ app_end ] --START--
INFO: Run Behavior\ShowPageTraceBehavior [ RunTime:0.000815s ]
INFO: [ app_end ] --END-- [ RunTime:0.000867s ]

[ 2016-03-11T00:35:24+08:00 ] ::1 /tp/Home/User/login
INFO: [ app_begin ] --START--
INFO: Run Behavior\ReadHtmlCacheBehavior [ RunTime:0.000485s ]
INFO: [ app_begin ] --END-- [ RunTime:0.000880s ]
NOTIC: [2048] Declaration of Think\Model\MongoModel::setInc() should be compatible with Think\Model::setInc($field, $step = 1, $lazyTime = 0) D:\xampp\htdocs\tp\ThinkPHP\Library\Think\Model\MongoModel.class.php Á¨¨ 17 Ë°å.
NOTIC: [2048] Declaration of Think\Model\MongoModel::setDec() should be compatible with Think\Model::setDec($field, $step = 1, $lazyTime = 0) D:\xampp\htdocs\tp\ThinkPHP\Library\Think\Model\MongoModel.class.php Á¨¨ 17 Ë°å.
NOTIC: [2048] Declaration of Think\Db\Driver\Mongo::connect() should be compatible with Think\Db\Driver::connect($config = '', $linkNum = 0, $autoConnection = false) D:\xampp\htdocs\tp\ThinkPHP\Library\Think\Db\Driver\Mongo.class.php Á¨¨ 18 Ë°å.
NOTIC: [2048] Declaration of Think\Db\Driver\Mongo::insertAll() should be compatible with Think\Db\Driver::insertAll($dataSet, $options = Array, $replace = false) D:\xampp\htdocs\tp\ThinkPHP\Library\Think\Db\Driver\Mongo.class.php Á¨¨ 18 Ë°å.
ERR: Failed to connect to: localhost:27017: ”…”⁄ƒø±Íº∆À„ª˙ª˝º´æ‹æ¯£¨Œﬁ∑®¡¨Ω”°£


