[ 2016-05-15T19:58:21+08:00 ] ::1 /mall/Home/Cart/add
INFO: [ app_begin ] --START--
INFO: Run Behavior\ReadHtmlCacheBehavior [ RunTime:0.001099s ]
INFO: [ app_begin ] --END-- [ RunTime:0.002106s ]

[ 2016-05-15T19:58:27+08:00 ] ::1 /mall/Home/Passport/login
INFO: [ app_begin ] --START--
INFO: Run Behavior\ReadHtmlCacheBehavior [ RunTime:0.000555s ]
INFO: [ app_begin ] --END-- [ RunTime:0.001035s ]
NOTIC: [2048] Declaration of Think\Model\MongoModel::setInc() should be compatible with Think\Model::setInc($field, $step = 1, $lazyTime = 0) D:\xampp\htdocs\mall\ThinkPHP\Library\Think\Model\MongoModel.class.php 第 17 行.
NOTIC: [2048] Declaration of Think\Model\MongoModel::setDec() should be compatible with Think\Model::setDec($field, $step = 1, $lazyTime = 0) D:\xampp\htdocs\mall\ThinkPHP\Library\Think\Model\MongoModel.class.php 第 17 行.
NOTIC: [2048] Declaration of Think\Db\Driver\Mongo::connect() should be compatible with Think\Db\Driver::connect($config = '', $linkNum = 0, $autoConnection = false) D:\xampp\htdocs\mall\ThinkPHP\Library\Think\Db\Driver\Mongo.class.php 第 18 行.
NOTIC: [2048] Declaration of Think\Db\Driver\Mongo::insertAll() should be compatible with Think\Db\Driver::insertAll($dataSet, $options = Array, $replace = false) D:\xampp\htdocs\mall\ThinkPHP\Library\Think\Db\Driver\Mongo.class.php 第 18 行.
SQL: tp_mall.getCollection(user) [ RunTime:0.0000s ]
SQL: tp_mall.user.find({"username":"admin"}).limit(1) [ RunTime:0.0000s ]
NOTIC: [2] urlencode() expects parameter 1 to be string, array given D:\xampp\htdocs\mall\ThinkPHP\Common\functions.php 第 1414 行.
INFO: [ app_end ] --START--
INFO: Run Behavior\ShowPageTraceBehavior [ RunTime:0.001025s ]
INFO: [ app_end ] --END-- [ RunTime:0.001119s ]

[ 2016-05-15T19:58:35+08:00 ] ::1 /mall/Home/Cart/add
INFO: [ app_begin ] --START--
INFO: Run Behavior\ReadHtmlCacheBehavior [ RunTime:0.000529s ]
INFO: [ app_begin ] --END-- [ RunTime:0.000966s ]
NOTIC: [2048] Declaration of Think\Model\MongoModel::setInc() should be compatible with Think\Model::setInc($field, $step = 1, $lazyTime = 0) D:\xampp\htdocs\mall\ThinkPHP\Library\Think\Model\MongoModel.class.php 第 17 行.
NOTIC: [2048] Declaration of Think\Model\MongoModel::setDec() should be compatible with Think\Model::setDec($field, $step = 1, $lazyTime = 0) D:\xampp\htdocs\mall\ThinkPHP\Library\Think\Model\MongoModel.class.php 第 17 行.
NOTIC: [2048] Declaration of Think\Db\Driver\Mongo::connect() should be compatible with Think\Db\Driver::connect($config = '', $linkNum = 0, $autoConnection = false) D:\xampp\htdocs\mall\ThinkPHP\Library\Think\Db\Driver\Mongo.class.php 第 18 行.
NOTIC: [2048] Declaration of Think\Db\Driver\Mongo::insertAll() should be compatible with Think\Db\Driver::insertAll($dataSet, $options = Array, $replace = false) D:\xampp\htdocs\mall\ThinkPHP\Library\Think\Db\Driver\Mongo.class.php 第 18 行.
SQL: tp_mall.getCollection(user) [ RunTime:0.0000s ]
SQL: tp_mall.user.find({"_id":{"$id":"56f2c0765bf7676818000029"}}).limit(1) [ RunTime:0.0000s ]
SQL: tp_mall.user.update({"_id":{"$id":"56f2c0765bf7676818000029"}},{"$addToSet":{"cart":{"id":"5701e18389d15e6b56af87b4","opt":"0,0","num":1}}}) [ RunTime:0.0015s ]

[ 2016-05-15T19:58:39+08:00 ] ::1 /mall/Home/Cart/add
INFO: [ app_begin ] --START--
INFO: Run Behavior\ReadHtmlCacheBehavior [ RunTime:0.000544s ]
INFO: [ app_begin ] --END-- [ RunTime:0.000967s ]
NOTIC: [2048] Declaration of Think\Model\MongoModel::setInc() should be compatible with Think\Model::setInc($field, $step = 1, $lazyTime = 0) D:\xampp\htdocs\mall\ThinkPHP\Library\Think\Model\MongoModel.class.php 第 17 行.
NOTIC: [2048] Declaration of Think\Model\MongoModel::setDec() should be compatible with Think\Model::setDec($field, $step = 1, $lazyTime = 0) D:\xampp\htdocs\mall\ThinkPHP\Library\Think\Model\MongoModel.class.php 第 17 行.
NOTIC: [2048] Declaration of Think\Db\Driver\Mongo::connect() should be compatible with Think\Db\Driver::connect($config = '', $linkNum = 0, $autoConnection = false) D:\xampp\htdocs\mall\ThinkPHP\Library\Think\Db\Driver\Mongo.class.php 第 18 行.
NOTIC: [2048] Declaration of Think\Db\Driver\Mongo::insertAll() should be compatible with Think\Db\Driver::insertAll($dataSet, $options = Array, $replace = false) D:\xampp\htdocs\mall\ThinkPHP\Library\Think\Db\Driver\Mongo.class.php 第 18 行.
SQL: tp_mall.getCollection(user) [ RunTime:0.0000s ]
SQL: tp_mall.user.find({"_id":{"$id":"56f2c0765bf7676818000029"}}).limit(1) [ RunTime:0.0000s ]
SQL: tp_mall.user.update({"_id":{"$id":"56f2c0765bf7676818000029"}},{"$addToSet":{"cart":{"id":"5701e18389d15e6b56af87b4","opt":"3,1","num":1}}}) [ RunTime:0.0011s ]

[ 2016-05-15T19:58:47+08:00 ] ::1 /mall/Home/Cart/add
INFO: [ app_begin ] --START--
INFO: Run Behavior\ReadHtmlCacheBehavior [ RunTime:0.000698s ]
INFO: [ app_begin ] --END-- [ RunTime:0.001267s ]
NOTIC: [2048] Declaration of Think\Model\MongoModel::setInc() should be compatible with Think\Model::setInc($field, $step = 1, $lazyTime = 0) D:\xampp\htdocs\mall\ThinkPHP\Library\Think\Model\MongoModel.class.php 第 17 行.
NOTIC: [2048] Declaration of Think\Model\MongoModel::setDec() should be compatible with Think\Model::setDec($field, $step = 1, $lazyTime = 0) D:\xampp\htdocs\mall\ThinkPHP\Library\Think\Model\MongoModel.class.php 第 17 行.
NOTIC: [2048] Declaration of Think\Db\Driver\Mongo::connect() should be compatible with Think\Db\Driver::connect($config = '', $linkNum = 0, $autoConnection = false) D:\xampp\htdocs\mall\ThinkPHP\Library\Think\Db\Driver\Mongo.class.php 第 18 行.
NOTIC: [2048] Declaration of Think\Db\Driver\Mongo::insertAll() should be compatible with Think\Db\Driver::insertAll($dataSet, $options = Array, $replace = false) D:\xampp\htdocs\mall\ThinkPHP\Library\Think\Db\Driver\Mongo.class.php 第 18 行.
SQL: tp_mall.getCollection(user) [ RunTime:0.0000s ]
SQL: tp_mall.user.find({"_id":{"$id":"56f2c0765bf7676818000029"}}).limit(1) [ RunTime:0.0001s ]
SQL: tp_mall.user.update({"_id":{"$id":"56f2c0765bf7676818000029"}},{"$addToSet":{"cart":{"id":"5701e27889d15e6a56af87b7","opt":"1","num":1}}}) [ RunTime:0.0006s ]

[ 2016-05-15T19:58:58+08:00 ] ::1 /mall/Home/Cart/add
INFO: [ app_begin ] --START--
INFO: Run Behavior\ReadHtmlCacheBehavior [ RunTime:0.000500s ]
INFO: [ app_begin ] --END-- [ RunTime:0.000879s ]
NOTIC: [2048] Declaration of Think\Model\MongoModel::setInc() should be compatible with Think\Model::setInc($field, $step = 1, $lazyTime = 0) D:\xampp\htdocs\mall\ThinkPHP\Library\Think\Model\MongoModel.class.php 第 17 行.
NOTIC: [2048] Declaration of Think\Model\MongoModel::setDec() should be compatible with Think\Model::setDec($field, $step = 1, $lazyTime = 0) D:\xampp\htdocs\mall\ThinkPHP\Library\Think\Model\MongoModel.class.php 第 17 行.
NOTIC: [2048] Declaration of Think\Db\Driver\Mongo::connect() should be compatible with Think\Db\Driver::connect($config = '', $linkNum = 0, $autoConnection = false) D:\xampp\htdocs\mall\ThinkPHP\Library\Think\Db\Driver\Mongo.class.php 第 18 行.
NOTIC: [2048] Declaration of Think\Db\Driver\Mongo::insertAll() should be compatible with Think\Db\Driver::insertAll($dataSet, $options = Array, $replace = false) D:\xampp\htdocs\mall\ThinkPHP\Library\Think\Db\Driver\Mongo.class.php 第 18 行.
SQL: tp_mall.getCollection(user) [ RunTime:0.0000s ]
SQL: tp_mall.user.find({"_id":{"$id":"56f2c0765bf7676818000029"}}).limit(1) [ RunTime:0.0000s ]
SQL: tp_mall.user.update({"_id":{"$id":"56f2c0765bf7676818000029"}},{"$inc":{"cart.2.num":1}}) [ RunTime:0.0005s ]

[ 2016-05-15T19:59:00+08:00 ] ::1 /mall/Home/Order/generateOrder
INFO: [ app_begin ] --START--
INFO: Run Behavior\ReadHtmlCacheBehavior [ RunTime:0.000624s ]
INFO: [ app_begin ] --END-- [ RunTime:0.001106s ]
NOTIC: [2048] Declaration of Home\Controller\OrderController::success() should be compatible with Think\Controller::success($message = '', $jumpUrl = '', $ajax = false) D:\xampp\htdocs\mall\Application\Home\Controller\OrderController.class.php 第 4 行.
NOTIC: [2048] Declaration of Think\Model\MongoModel::setInc() should be compatible with Think\Model::setInc($field, $step = 1, $lazyTime = 0) D:\xampp\htdocs\mall\ThinkPHP\Library\Think\Model\MongoModel.class.php 第 17 行.
NOTIC: [2048] Declaration of Think\Model\MongoModel::setDec() should be compatible with Think\Model::setDec($field, $step = 1, $lazyTime = 0) D:\xampp\htdocs\mall\ThinkPHP\Library\Think\Model\MongoModel.class.php 第 17 行.
NOTIC: [2048] Declaration of Think\Db\Driver\Mongo::connect() should be compatible with Think\Db\Driver::connect($config = '', $linkNum = 0, $autoConnection = false) D:\xampp\htdocs\mall\ThinkPHP\Library\Think\Db\Driver\Mongo.class.php 第 18 行.
NOTIC: [2048] Declaration of Think\Db\Driver\Mongo::insertAll() should be compatible with Think\Db\Driver::insertAll($dataSet, $options = Array, $replace = false) D:\xampp\htdocs\mall\ThinkPHP\Library\Think\Db\Driver\Mongo.class.php 第 18 行.
SQL: tp_mall.getCollection(catalog) [ RunTime:0.0000s ]
SQL: tp_mall.catalog.find({}) [ RunTime:0.0000s ]
SQL: tp_mall.getCollection(user) [ RunTime:0.0000s ]
SQL: tp_mall.getCollection(order) [ RunTime:0.0000s ]
SQL: tp_mall.getCollection(user) [ RunTime:0.0000s ]
SQL: tp_mall.user.find({"_id":{"$id":"56f2c0765bf7676818000029"}}).limit(1) [ RunTime:0.0000s ]
SQL: tp_mall.getCollection(order) [ RunTime:0.0000s ]
SQL: tp_mall.order.insert({"uid":"56f2c0765bf7676818000029","items":[{"id":"5701e18389d15e6b56af87b4","opt":"0,0","num":1},{"id":"5701e18389d15e6b56af87b4","opt":"3,1","num":1},{"id":"5701e27889d15e6a56af87b7","opt":"1","num":2}],"starttime":1463313540,"statu":0}) [ RunTime:0.0855s ]
SQL: tp_mall.getCollection(user) [ RunTime:0.0000s ]
NOTIC: [8] Undefined offset: 0 D:\xampp\htdocs\mall\ThinkPHP\Library\Think\Db\Driver\Mongo.class.php 第 590 行.
SQL: tp_mall.user.update({"_id":{"$id":"56f2c0765bf7676818000029"}},{"$set":{"cart":[]}}) [ RunTime:0.0005s ]

[ 2016-05-15T20:54:36+08:00 ] ::1 /mall/Home/Passport/login
INFO: [ app_begin ] --START--
INFO: Run Behavior\ReadHtmlCacheBehavior [ RunTime:0.000720s ]
INFO: [ app_begin ] --END-- [ RunTime:0.001467s ]
NOTIC: [2048] Declaration of Think\Model\MongoModel::setInc() should be compatible with Think\Model::setInc($field, $step = 1, $lazyTime = 0) D:\xampp\htdocs\mall\ThinkPHP\Library\Think\Model\MongoModel.class.php 第 17 行.
NOTIC: [2048] Declaration of Think\Model\MongoModel::setDec() should be compatible with Think\Model::setDec($field, $step = 1, $lazyTime = 0) D:\xampp\htdocs\mall\ThinkPHP\Library\Think\Model\MongoModel.class.php 第 17 行.
NOTIC: [2048] Declaration of Think\Db\Driver\Mongo::connect() should be compatible with Think\Db\Driver::connect($config = '', $linkNum = 0, $autoConnection = false) D:\xampp\htdocs\mall\ThinkPHP\Library\Think\Db\Driver\Mongo.class.php 第 18 行.
NOTIC: [2048] Declaration of Think\Db\Driver\Mongo::insertAll() should be compatible with Think\Db\Driver::insertAll($dataSet, $options = Array, $replace = false) D:\xampp\htdocs\mall\ThinkPHP\Library\Think\Db\Driver\Mongo.class.php 第 18 行.
SQL: tp_mall.getCollection(user) [ RunTime:0.0000s ]
SQL: tp_mall.user.find({"username":"admin"}).limit(1) [ RunTime:0.0000s ]
NOTIC: [2] urlencode() expects parameter 1 to be string, array given D:\xampp\htdocs\mall\ThinkPHP\Common\functions.php 第 1414 行.
INFO: [ app_end ] --START--
INFO: Run Behavior\ShowPageTraceBehavior [ RunTime:0.000762s ]
INFO: [ app_end ] --END-- [ RunTime:0.000824s ]

[ 2016-05-15T20:54:51+08:00 ] ::1 /mall/Home/Cart/add
INFO: [ app_begin ] --START--
INFO: Run Behavior\ReadHtmlCacheBehavior [ RunTime:0.000564s ]
INFO: [ app_begin ] --END-- [ RunTime:0.001152s ]
NOTIC: [2048] Declaration of Think\Model\MongoModel::setInc() should be compatible with Think\Model::setInc($field, $step = 1, $lazyTime = 0) D:\xampp\htdocs\mall\ThinkPHP\Library\Think\Model\MongoModel.class.php 第 17 行.
NOTIC: [2048] Declaration of Think\Model\MongoModel::setDec() should be compatible with Think\Model::setDec($field, $step = 1, $lazyTime = 0) D:\xampp\htdocs\mall\ThinkPHP\Library\Think\Model\MongoModel.class.php 第 17 行.
NOTIC: [2048] Declaration of Think\Db\Driver\Mongo::connect() should be compatible with Think\Db\Driver::connect($config = '', $linkNum = 0, $autoConnection = false) D:\xampp\htdocs\mall\ThinkPHP\Library\Think\Db\Driver\Mongo.class.php 第 18 行.
NOTIC: [2048] Declaration of Think\Db\Driver\Mongo::insertAll() should be compatible with Think\Db\Driver::insertAll($dataSet, $options = Array, $replace = false) D:\xampp\htdocs\mall\ThinkPHP\Library\Think\Db\Driver\Mongo.class.php 第 18 行.
SQL: tp_mall.getCollection(user) [ RunTime:0.0000s ]
SQL: tp_mall.user.find({"_id":{"$id":"56f2c0765bf7676818000029"}}).limit(1) [ RunTime:0.0000s ]
SQL: tp_mall.user.update({"_id":{"$id":"56f2c0765bf7676818000029"}},{"$addToSet":{"cart":{"id":"5701e10289d15e6e56af87b4","opt":"0,0","num":1}}}) [ RunTime:0.0017s ]

[ 2016-05-15T20:54:57+08:00 ] ::1 /mall/Home/Order/generateOrder
INFO: [ app_begin ] --START--
INFO: Run Behavior\ReadHtmlCacheBehavior [ RunTime:0.000642s ]
INFO: [ app_begin ] --END-- [ RunTime:0.001275s ]
NOTIC: [2048] Declaration of Home\Controller\OrderController::success() should be compatible with Think\Controller::success($message = '', $jumpUrl = '', $ajax = false) D:\xampp\htdocs\mall\Application\Home\Controller\OrderController.class.php 第 4 行.
NOTIC: [2048] Declaration of Think\Model\MongoModel::setInc() should be compatible with Think\Model::setInc($field, $step = 1, $lazyTime = 0) D:\xampp\htdocs\mall\ThinkPHP\Library\Think\Model\MongoModel.class.php 第 17 行.
NOTIC: [2048] Declaration of Think\Model\MongoModel::setDec() should be compatible with Think\Model::setDec($field, $step = 1, $lazyTime = 0) D:\xampp\htdocs\mall\ThinkPHP\Library\Think\Model\MongoModel.class.php 第 17 行.
NOTIC: [2048] Declaration of Think\Db\Driver\Mongo::connect() should be compatible with Think\Db\Driver::connect($config = '', $linkNum = 0, $autoConnection = false) D:\xampp\htdocs\mall\ThinkPHP\Library\Think\Db\Driver\Mongo.class.php 第 18 行.
NOTIC: [2048] Declaration of Think\Db\Driver\Mongo::insertAll() should be compatible with Think\Db\Driver::insertAll($dataSet, $options = Array, $replace = false) D:\xampp\htdocs\mall\ThinkPHP\Library\Think\Db\Driver\Mongo.class.php 第 18 行.
SQL: tp_mall.getCollection(catalog) [ RunTime:0.0000s ]
SQL: tp_mall.catalog.find({}) [ RunTime:0.0000s ]
SQL: tp_mall.getCollection(user) [ RunTime:0.0000s ]
SQL: tp_mall.getCollection(order) [ RunTime:0.0000s ]
SQL: tp_mall.getCollection(user) [ RunTime:0.0000s ]
SQL: tp_mall.user.find({"_id":{"$id":"56f2c0765bf7676818000029"}}).limit(1) [ RunTime:0.0000s ]
SQL: tp_mall.getCollection(order) [ RunTime:0.0000s ]
SQL: tp_mall.order.insert({"uid":"56f2c0765bf7676818000029","items":[{"id":"5701e10289d15e6e56af87b4","opt":"0,0","num":1}],"starttime":1463316897,"statu":0}) [ RunTime:0.0006s ]
SQL: tp_mall.getCollection(user) [ RunTime:0.0000s ]
NOTIC: [8] Undefined offset: 0 D:\xampp\htdocs\mall\ThinkPHP\Library\Think\Db\Driver\Mongo.class.php 第 590 行.
SQL: tp_mall.user.update({"_id":{"$id":"56f2c0765bf7676818000029"}},{"$set":{"cart":[]}}) [ RunTime:0.0007s ]

