[ 2016-03-15T14:28:54+08:00 ] ::1 /shop/Home/User/regist
INFO: [ app_begin ] --START--
INFO: Run Behavior\ReadHtmlCacheBehavior [ RunTime:0.000417s ]
INFO: [ app_begin ] --END-- [ RunTime:0.000656s ]
NOTIC: [2048] Declaration of Think\Model\MongoModel::setInc() should be compatible with Think\Model::setInc($field, $step = 1, $lazyTime = 0) D:\xampp\htdocs\shop\ThinkPHP\Library\Think\Model\MongoModel.class.php 第 17 行.
NOTIC: [2048] Declaration of Think\Model\MongoModel::setDec() should be compatible with Think\Model::setDec($field, $step = 1, $lazyTime = 0) D:\xampp\htdocs\shop\ThinkPHP\Library\Think\Model\MongoModel.class.php 第 17 行.
NOTIC: [2048] Declaration of Think\Db\Driver\Mongo::connect() should be compatible with Think\Db\Driver::connect($config = '', $linkNum = 0, $autoConnection = false) D:\xampp\htdocs\shop\ThinkPHP\Library\Think\Db\Driver\Mongo.class.php 第 18 行.
NOTIC: [2048] Declaration of Think\Db\Driver\Mongo::insertAll() should be compatible with Think\Db\Driver::insertAll($dataSet, $options = Array, $replace = false) D:\xampp\htdocs\shop\ThinkPHP\Library\Think\Db\Driver\Mongo.class.php 第 18 行.
SQL: tp_mall.getCollection(user) [ RunTime:0.0000s ]
NOTIC: [8] Undefined variable: data D:\xampp\htdocs\shop\Application\Home\Controller\UserController.class.php 第 13 行.
SQL: tp_mall.user.find({"username":null}).limit(1) [ RunTime:0.0001s ]
SQL: tp_mall.user.runCommand({"findandmodify":"ids","update":{"$inc":{"id":1}},"query":{"name":"user"},"new":true,"upsert":true}) [ RunTime:0.1899s ]
ERR: Think\Model\MongoModel:creat方法不存在！

[ 2016-03-15T14:29:24+08:00 ] ::1 /shop/Home/User/regist
INFO: [ app_begin ] --START--
INFO: Run Behavior\ReadHtmlCacheBehavior [ RunTime:0.000310s ]
INFO: [ app_begin ] --END-- [ RunTime:0.000547s ]
NOTIC: [2048] Declaration of Think\Model\MongoModel::setInc() should be compatible with Think\Model::setInc($field, $step = 1, $lazyTime = 0) D:\xampp\htdocs\shop\ThinkPHP\Library\Think\Model\MongoModel.class.php 第 17 行.
NOTIC: [2048] Declaration of Think\Model\MongoModel::setDec() should be compatible with Think\Model::setDec($field, $step = 1, $lazyTime = 0) D:\xampp\htdocs\shop\ThinkPHP\Library\Think\Model\MongoModel.class.php 第 17 行.
NOTIC: [2048] Declaration of Think\Db\Driver\Mongo::connect() should be compatible with Think\Db\Driver::connect($config = '', $linkNum = 0, $autoConnection = false) D:\xampp\htdocs\shop\ThinkPHP\Library\Think\Db\Driver\Mongo.class.php 第 18 行.
NOTIC: [2048] Declaration of Think\Db\Driver\Mongo::insertAll() should be compatible with Think\Db\Driver::insertAll($dataSet, $options = Array, $replace = false) D:\xampp\htdocs\shop\ThinkPHP\Library\Think\Db\Driver\Mongo.class.php 第 18 行.
SQL: tp_mall.getCollection(user) [ RunTime:0.0000s ]
NOTIC: [8] Undefined variable: data D:\xampp\htdocs\shop\Application\Home\Controller\UserController.class.php 第 13 行.
SQL: tp_mall.user.find({"username":null}).limit(1) [ RunTime:0.0001s ]
SQL: tp_mall.user.runCommand({"findandmodify":"ids","update":{"$inc":{"id":1}},"query":{"name":"user"},"new":true,"upsert":true}) [ RunTime:0.0008s ]
SQL: tp_mall.user.insert({"uid":2}) [ RunTime:0.0359s ]
INFO: [ app_end ] --START--
INFO: Run Behavior\ShowPageTraceBehavior [ RunTime:0.001692s ]
INFO: [ app_end ] --END-- [ RunTime:0.001803s ]

[ 2016-03-15T14:32:45+08:00 ] ::1 /shop/Home/User/regist
INFO: [ app_begin ] --START--
INFO: Run Behavior\ReadHtmlCacheBehavior [ RunTime:0.000423s ]
INFO: [ app_begin ] --END-- [ RunTime:0.000667s ]
NOTIC: [2048] Declaration of Think\Model\MongoModel::setInc() should be compatible with Think\Model::setInc($field, $step = 1, $lazyTime = 0) D:\xampp\htdocs\shop\ThinkPHP\Library\Think\Model\MongoModel.class.php 第 17 行.
NOTIC: [2048] Declaration of Think\Model\MongoModel::setDec() should be compatible with Think\Model::setDec($field, $step = 1, $lazyTime = 0) D:\xampp\htdocs\shop\ThinkPHP\Library\Think\Model\MongoModel.class.php 第 17 行.
NOTIC: [2048] Declaration of Think\Db\Driver\Mongo::connect() should be compatible with Think\Db\Driver::connect($config = '', $linkNum = 0, $autoConnection = false) D:\xampp\htdocs\shop\ThinkPHP\Library\Think\Db\Driver\Mongo.class.php 第 18 行.
NOTIC: [2048] Declaration of Think\Db\Driver\Mongo::insertAll() should be compatible with Think\Db\Driver::insertAll($dataSet, $options = Array, $replace = false) D:\xampp\htdocs\shop\ThinkPHP\Library\Think\Db\Driver\Mongo.class.php 第 18 行.
SQL: tp_mall.getCollection(user) [ RunTime:0.0000s ]
NOTIC: [8] Undefined variable: data D:\xampp\htdocs\shop\Application\Home\Controller\UserController.class.php 第 13 行.
SQL: tp_mall.user.find({"username":null}).limit(1) [ RunTime:0.0001s ]
NOTIC: [8] Undefined variable: res D:\xampp\htdocs\shop\Application\Home\Controller\UserController.class.php 第 26 行.
INFO: [ app_end ] --START--
INFO: Run Behavior\ShowPageTraceBehavior [ RunTime:0.001693s ]
INFO: [ app_end ] --END-- [ RunTime:0.001807s ]

[ 2016-03-15T14:33:21+08:00 ] ::1 /shop/Home/User/regist
INFO: [ app_begin ] --START--
INFO: Run Behavior\ReadHtmlCacheBehavior [ RunTime:0.000448s ]
INFO: [ app_begin ] --END-- [ RunTime:0.001270s ]
NOTIC: [2048] Declaration of Think\Model\MongoModel::setInc() should be compatible with Think\Model::setInc($field, $step = 1, $lazyTime = 0) D:\xampp\htdocs\shop\ThinkPHP\Library\Think\Model\MongoModel.class.php 第 17 行.
NOTIC: [2048] Declaration of Think\Model\MongoModel::setDec() should be compatible with Think\Model::setDec($field, $step = 1, $lazyTime = 0) D:\xampp\htdocs\shop\ThinkPHP\Library\Think\Model\MongoModel.class.php 第 17 行.
NOTIC: [2048] Declaration of Think\Db\Driver\Mongo::connect() should be compatible with Think\Db\Driver::connect($config = '', $linkNum = 0, $autoConnection = false) D:\xampp\htdocs\shop\ThinkPHP\Library\Think\Db\Driver\Mongo.class.php 第 18 行.
NOTIC: [2048] Declaration of Think\Db\Driver\Mongo::insertAll() should be compatible with Think\Db\Driver::insertAll($dataSet, $options = Array, $replace = false) D:\xampp\htdocs\shop\ThinkPHP\Library\Think\Db\Driver\Mongo.class.php 第 18 行.
SQL: tp_mall.getCollection(user) [ RunTime:0.0000s ]
SQL: tp_mall.user.find({"username":"testing2"}).limit(1) [ RunTime:0.0000s ]
SQL: tp_mall.user.runCommand({"findandmodify":"ids","update":{"$inc":{"id":1}},"query":{"name":"user"},"new":true,"upsert":true}) [ RunTime:0.0006s ]
SQL: tp_mall.user.insert({"username":"testing2","email":"adf","password":"202cb962ac59075b964b07152d234b70","uid":3}) [ RunTime:0.0004s ]
INFO: [ app_end ] --START--
INFO: Run Behavior\ShowPageTraceBehavior [ RunTime:0.001085s ]
INFO: [ app_end ] --END-- [ RunTime:0.001168s ]

[ 2016-03-15T14:34:23+08:00 ] ::1 /shop/Home/User/regist
INFO: [ app_begin ] --START--
INFO: Run Behavior\ReadHtmlCacheBehavior [ RunTime:0.000464s ]
INFO: [ app_begin ] --END-- [ RunTime:0.000801s ]
NOTIC: [2048] Declaration of Think\Model\MongoModel::setInc() should be compatible with Think\Model::setInc($field, $step = 1, $lazyTime = 0) D:\xampp\htdocs\shop\ThinkPHP\Library\Think\Model\MongoModel.class.php 第 17 行.
NOTIC: [2048] Declaration of Think\Model\MongoModel::setDec() should be compatible with Think\Model::setDec($field, $step = 1, $lazyTime = 0) D:\xampp\htdocs\shop\ThinkPHP\Library\Think\Model\MongoModel.class.php 第 17 行.
NOTIC: [2048] Declaration of Think\Db\Driver\Mongo::connect() should be compatible with Think\Db\Driver::connect($config = '', $linkNum = 0, $autoConnection = false) D:\xampp\htdocs\shop\ThinkPHP\Library\Think\Db\Driver\Mongo.class.php 第 18 行.
NOTIC: [2048] Declaration of Think\Db\Driver\Mongo::insertAll() should be compatible with Think\Db\Driver::insertAll($dataSet, $options = Array, $replace = false) D:\xampp\htdocs\shop\ThinkPHP\Library\Think\Db\Driver\Mongo.class.php 第 18 行.
SQL: tp_mall.getCollection(user) [ RunTime:0.0000s ]
SQL: tp_mall.user.find({"username":"asdf"}).limit(1) [ RunTime:0.0000s ]
SQL: tp_mall.user.runCommand({"findandmodify":"ids","update":{"$inc":{"id":1}},"query":{"name":"user"},"new":true,"upsert":true}) [ RunTime:0.0004s ]
SQL: tp_mall.user.insert({"username":"asdf","email":"qwer","password":"962012d09b8170d912f0669f6d7d9d07","uid":4}) [ RunTime:0.0003s ]
INFO: [ app_end ] --START--
INFO: Run Behavior\ShowPageTraceBehavior [ RunTime:0.000982s ]
INFO: [ app_end ] --END-- [ RunTime:0.001041s ]

[ 2016-03-15T14:35:57+08:00 ] ::1 /shop/Home/User/regist
INFO: [ app_begin ] --START--
INFO: Run Behavior\ReadHtmlCacheBehavior [ RunTime:0.000411s ]
INFO: [ app_begin ] --END-- [ RunTime:0.000684s ]
NOTIC: [2048] Declaration of Think\Model\MongoModel::setInc() should be compatible with Think\Model::setInc($field, $step = 1, $lazyTime = 0) D:\xampp\htdocs\shop\ThinkPHP\Library\Think\Model\MongoModel.class.php 第 17 行.
NOTIC: [2048] Declaration of Think\Model\MongoModel::setDec() should be compatible with Think\Model::setDec($field, $step = 1, $lazyTime = 0) D:\xampp\htdocs\shop\ThinkPHP\Library\Think\Model\MongoModel.class.php 第 17 行.
NOTIC: [2048] Declaration of Think\Db\Driver\Mongo::connect() should be compatible with Think\Db\Driver::connect($config = '', $linkNum = 0, $autoConnection = false) D:\xampp\htdocs\shop\ThinkPHP\Library\Think\Db\Driver\Mongo.class.php 第 18 行.
NOTIC: [2048] Declaration of Think\Db\Driver\Mongo::insertAll() should be compatible with Think\Db\Driver::insertAll($dataSet, $options = Array, $replace = false) D:\xampp\htdocs\shop\ThinkPHP\Library\Think\Db\Driver\Mongo.class.php 第 18 行.
SQL: tp_mall.getCollection(user) [ RunTime:0.0000s ]
SQL: tp_mall.user.find({"username":"asdf"}).limit(1) [ RunTime:0.0000s ]
INFO: [ app_end ] --START--
INFO: Run Behavior\ShowPageTraceBehavior [ RunTime:0.001076s ]
INFO: [ app_end ] --END-- [ RunTime:0.001159s ]

[ 2016-03-15T14:36:02+08:00 ] ::1 /shop/Home/User/regist
INFO: [ app_begin ] --START--
INFO: Run Behavior\ReadHtmlCacheBehavior [ RunTime:0.000328s ]
INFO: [ app_begin ] --END-- [ RunTime:0.000588s ]
NOTIC: [2048] Declaration of Think\Model\MongoModel::setInc() should be compatible with Think\Model::setInc($field, $step = 1, $lazyTime = 0) D:\xampp\htdocs\shop\ThinkPHP\Library\Think\Model\MongoModel.class.php 第 17 行.
NOTIC: [2048] Declaration of Think\Model\MongoModel::setDec() should be compatible with Think\Model::setDec($field, $step = 1, $lazyTime = 0) D:\xampp\htdocs\shop\ThinkPHP\Library\Think\Model\MongoModel.class.php 第 17 行.
NOTIC: [2048] Declaration of Think\Db\Driver\Mongo::connect() should be compatible with Think\Db\Driver::connect($config = '', $linkNum = 0, $autoConnection = false) D:\xampp\htdocs\shop\ThinkPHP\Library\Think\Db\Driver\Mongo.class.php 第 18 行.
NOTIC: [2048] Declaration of Think\Db\Driver\Mongo::insertAll() should be compatible with Think\Db\Driver::insertAll($dataSet, $options = Array, $replace = false) D:\xampp\htdocs\shop\ThinkPHP\Library\Think\Db\Driver\Mongo.class.php 第 18 行.
SQL: tp_mall.getCollection(user) [ RunTime:0.0000s ]
SQL: tp_mall.user.find({"username":"asdfe"}).limit(1) [ RunTime:0.0000s ]
SQL: tp_mall.user.runCommand({"findandmodify":"ids","update":{"$inc":{"id":1}},"query":{"name":"user"},"new":true,"upsert":true}) [ RunTime:0.0008s ]
SQL: tp_mall.user.insert({"username":"asdfe","email":"qwer","password":"962012d09b8170d912f0669f6d7d9d07","uid":5}) [ RunTime:0.0006s ]
SQL: tp_mall.user.find({"username":"asdfe"}).limit(1) [ RunTime:0.0000s ]
INFO: [ app_end ] --START--
INFO: Run Behavior\ShowPageTraceBehavior [ RunTime:0.001451s ]
INFO: [ app_end ] --END-- [ RunTime:0.001573s ]

[ 2016-03-15T14:47:53+08:00 ] ::1 /shop/Home/User/login
INFO: [ app_begin ] --START--
INFO: Run Behavior\ReadHtmlCacheBehavior [ RunTime:0.000422s ]
INFO: [ app_begin ] --END-- [ RunTime:0.000661s ]
NOTIC: [2048] Declaration of Think\Model\MongoModel::setInc() should be compatible with Think\Model::setInc($field, $step = 1, $lazyTime = 0) D:\xampp\htdocs\shop\ThinkPHP\Library\Think\Model\MongoModel.class.php 第 17 行.
NOTIC: [2048] Declaration of Think\Model\MongoModel::setDec() should be compatible with Think\Model::setDec($field, $step = 1, $lazyTime = 0) D:\xampp\htdocs\shop\ThinkPHP\Library\Think\Model\MongoModel.class.php 第 17 行.
NOTIC: [2048] Declaration of Think\Db\Driver\Mongo::connect() should be compatible with Think\Db\Driver::connect($config = '', $linkNum = 0, $autoConnection = false) D:\xampp\htdocs\shop\ThinkPHP\Library\Think\Db\Driver\Mongo.class.php 第 18 行.
NOTIC: [2048] Declaration of Think\Db\Driver\Mongo::insertAll() should be compatible with Think\Db\Driver::insertAll($dataSet, $options = Array, $replace = false) D:\xampp\htdocs\shop\ThinkPHP\Library\Think\Db\Driver\Mongo.class.php 第 18 行.
SQL: tp_mall.getCollection(user) [ RunTime:0.0000s ]
SQL: tp_mall.user.find({"username":"admin"}).limit(1) [ RunTime:0.0000s ]
INFO: [ app_end ] --START--
INFO: Run Behavior\ShowPageTraceBehavior [ RunTime:0.000989s ]
INFO: [ app_end ] --END-- [ RunTime:0.001059s ]

[ 2016-03-15T15:02:14+08:00 ] ::1 /shop/Home/User/login
INFO: [ app_begin ] --START--
INFO: Run Behavior\ReadHtmlCacheBehavior [ RunTime:0.000414s ]
INFO: [ app_begin ] --END-- [ RunTime:0.000649s ]
NOTIC: [2048] Declaration of Think\Model\MongoModel::setInc() should be compatible with Think\Model::setInc($field, $step = 1, $lazyTime = 0) D:\xampp\htdocs\shop\ThinkPHP\Library\Think\Model\MongoModel.class.php 第 17 行.
NOTIC: [2048] Declaration of Think\Model\MongoModel::setDec() should be compatible with Think\Model::setDec($field, $step = 1, $lazyTime = 0) D:\xampp\htdocs\shop\ThinkPHP\Library\Think\Model\MongoModel.class.php 第 17 行.
NOTIC: [2048] Declaration of Think\Db\Driver\Mongo::connect() should be compatible with Think\Db\Driver::connect($config = '', $linkNum = 0, $autoConnection = false) D:\xampp\htdocs\shop\ThinkPHP\Library\Think\Db\Driver\Mongo.class.php 第 18 行.
NOTIC: [2048] Declaration of Think\Db\Driver\Mongo::insertAll() should be compatible with Think\Db\Driver::insertAll($dataSet, $options = Array, $replace = false) D:\xampp\htdocs\shop\ThinkPHP\Library\Think\Db\Driver\Mongo.class.php 第 18 行.
SQL: tp_mall.getCollection(user) [ RunTime:0.0000s ]
SQL: tp_mall.user.find({"username":"admin"}).limit(1) [ RunTime:0.0000s ]
INFO: [ app_end ] --START--
INFO: Run Behavior\ShowPageTraceBehavior [ RunTime:0.000696s ]
INFO: [ app_end ] --END-- [ RunTime:0.000757s ]

[ 2016-03-15T15:03:38+08:00 ] ::1 /shop/Home/User/login
INFO: [ app_begin ] --START--
INFO: Run Behavior\ReadHtmlCacheBehavior [ RunTime:0.000435s ]
INFO: [ app_begin ] --END-- [ RunTime:0.000673s ]
NOTIC: [2048] Declaration of Think\Model\MongoModel::setInc() should be compatible with Think\Model::setInc($field, $step = 1, $lazyTime = 0) D:\xampp\htdocs\shop\ThinkPHP\Library\Think\Model\MongoModel.class.php 第 17 行.
NOTIC: [2048] Declaration of Think\Model\MongoModel::setDec() should be compatible with Think\Model::setDec($field, $step = 1, $lazyTime = 0) D:\xampp\htdocs\shop\ThinkPHP\Library\Think\Model\MongoModel.class.php 第 17 行.
NOTIC: [2048] Declaration of Think\Db\Driver\Mongo::connect() should be compatible with Think\Db\Driver::connect($config = '', $linkNum = 0, $autoConnection = false) D:\xampp\htdocs\shop\ThinkPHP\Library\Think\Db\Driver\Mongo.class.php 第 18 行.
NOTIC: [2048] Declaration of Think\Db\Driver\Mongo::insertAll() should be compatible with Think\Db\Driver::insertAll($dataSet, $options = Array, $replace = false) D:\xampp\htdocs\shop\ThinkPHP\Library\Think\Db\Driver\Mongo.class.php 第 18 行.
SQL: tp_mall.getCollection(user) [ RunTime:0.0000s ]
SQL: tp_mall.user.find({"username":"admin"}).limit(1) [ RunTime:0.0000s ]
INFO: [ app_end ] --START--
INFO: Run Behavior\ShowPageTraceBehavior [ RunTime:0.000975s ]
INFO: [ app_end ] --END-- [ RunTime:0.001041s ]

[ 2016-03-15T15:09:11+08:00 ] ::1 /shop/Home/User/login
INFO: [ app_begin ] --START--
INFO: Run Behavior\ReadHtmlCacheBehavior [ RunTime:0.000380s ]
INFO: [ app_begin ] --END-- [ RunTime:0.000601s ]
NOTIC: [2048] Declaration of Think\Model\MongoModel::setInc() should be compatible with Think\Model::setInc($field, $step = 1, $lazyTime = 0) D:\xampp\htdocs\shop\ThinkPHP\Library\Think\Model\MongoModel.class.php 第 17 行.
NOTIC: [2048] Declaration of Think\Model\MongoModel::setDec() should be compatible with Think\Model::setDec($field, $step = 1, $lazyTime = 0) D:\xampp\htdocs\shop\ThinkPHP\Library\Think\Model\MongoModel.class.php 第 17 行.
NOTIC: [2048] Declaration of Think\Db\Driver\Mongo::connect() should be compatible with Think\Db\Driver::connect($config = '', $linkNum = 0, $autoConnection = false) D:\xampp\htdocs\shop\ThinkPHP\Library\Think\Db\Driver\Mongo.class.php 第 18 行.
NOTIC: [2048] Declaration of Think\Db\Driver\Mongo::insertAll() should be compatible with Think\Db\Driver::insertAll($dataSet, $options = Array, $replace = false) D:\xampp\htdocs\shop\ThinkPHP\Library\Think\Db\Driver\Mongo.class.php 第 18 行.
SQL: tp_mall.getCollection(user) [ RunTime:0.0000s ]
SQL: tp_mall.user.find({"username":"admin"}).limit(1) [ RunTime:0.0000s ]
INFO: [ app_end ] --START--
INFO: Run Behavior\ShowPageTraceBehavior [ RunTime:0.000504s ]
INFO: [ app_end ] --END-- [ RunTime:0.000538s ]

[ 2016-03-15T15:10:49+08:00 ] ::1 /shop/Home/User/login
INFO: [ app_begin ] --START--
INFO: Run Behavior\ReadHtmlCacheBehavior [ RunTime:0.000378s ]
INFO: [ app_begin ] --END-- [ RunTime:0.000617s ]
NOTIC: [2048] Declaration of Think\Model\MongoModel::setInc() should be compatible with Think\Model::setInc($field, $step = 1, $lazyTime = 0) D:\xampp\htdocs\shop\ThinkPHP\Library\Think\Model\MongoModel.class.php 第 17 行.
NOTIC: [2048] Declaration of Think\Model\MongoModel::setDec() should be compatible with Think\Model::setDec($field, $step = 1, $lazyTime = 0) D:\xampp\htdocs\shop\ThinkPHP\Library\Think\Model\MongoModel.class.php 第 17 行.
NOTIC: [2048] Declaration of Think\Db\Driver\Mongo::connect() should be compatible with Think\Db\Driver::connect($config = '', $linkNum = 0, $autoConnection = false) D:\xampp\htdocs\shop\ThinkPHP\Library\Think\Db\Driver\Mongo.class.php 第 18 行.
NOTIC: [2048] Declaration of Think\Db\Driver\Mongo::insertAll() should be compatible with Think\Db\Driver::insertAll($dataSet, $options = Array, $replace = false) D:\xampp\htdocs\shop\ThinkPHP\Library\Think\Db\Driver\Mongo.class.php 第 18 行.
SQL: tp_mall.getCollection(user) [ RunTime:0.0000s ]
SQL: tp_mall.user.find({"username":"admin"}).limit(1) [ RunTime:0.0000s ]
INFO: [ app_end ] --START--
INFO: Run Behavior\ShowPageTraceBehavior [ RunTime:0.000402s ]
INFO: [ app_end ] --END-- [ RunTime:0.000430s ]

[ 2016-03-15T15:17:56+08:00 ] ::1 /shop/Home/User/login
INFO: [ app_begin ] --START--
INFO: Run Behavior\ReadHtmlCacheBehavior [ RunTime:0.000411s ]
INFO: [ app_begin ] --END-- [ RunTime:0.000681s ]
NOTIC: [2048] Declaration of Think\Model\MongoModel::setInc() should be compatible with Think\Model::setInc($field, $step = 1, $lazyTime = 0) D:\xampp\htdocs\shop\ThinkPHP\Library\Think\Model\MongoModel.class.php 第 17 行.
NOTIC: [2048] Declaration of Think\Model\MongoModel::setDec() should be compatible with Think\Model::setDec($field, $step = 1, $lazyTime = 0) D:\xampp\htdocs\shop\ThinkPHP\Library\Think\Model\MongoModel.class.php 第 17 行.
NOTIC: [2048] Declaration of Think\Db\Driver\Mongo::connect() should be compatible with Think\Db\Driver::connect($config = '', $linkNum = 0, $autoConnection = false) D:\xampp\htdocs\shop\ThinkPHP\Library\Think\Db\Driver\Mongo.class.php 第 18 行.
NOTIC: [2048] Declaration of Think\Db\Driver\Mongo::insertAll() should be compatible with Think\Db\Driver::insertAll($dataSet, $options = Array, $replace = false) D:\xampp\htdocs\shop\ThinkPHP\Library\Think\Db\Driver\Mongo.class.php 第 18 行.
SQL: tp_mall.getCollection(user) [ RunTime:0.0000s ]
SQL: tp_mall.user.find({"username":"admin"}).limit(1) [ RunTime:0.0001s ]
INFO: [ app_end ] --START--
INFO: Run Behavior\ShowPageTraceBehavior [ RunTime:0.001710s ]
INFO: [ app_end ] --END-- [ RunTime:0.001832s ]

[ 2016-03-15T16:10:59+08:00 ] ::1 /shop/item/3
ERR: 无法加载控制器:Items

[ 2016-03-15T16:15:10+08:00 ] ::1 /shop/item
ERR: 参数错误或者未定义:id

[ 2016-03-15T16:15:12+08:00 ] ::1 /shop/item
ERR: 参数错误或者未定义:id

