[ 2016-05-12T10:54:23+08:00 ] ::1 /mall/home/buy/order
ERR: 非法操作:order

[ 2016-05-12T22:04:52+08:00 ] ::1 /mall/Home/Cart/add
INFO: [ app_begin ] --START--
INFO: Run Behavior\ReadHtmlCacheBehavior [ RunTime:0.000568s ]
INFO: [ app_begin ] --END-- [ RunTime:0.001221s ]

[ 2016-05-12T22:04:55+08:00 ] ::1 /mall/Home/Cart/add
INFO: [ app_begin ] --START--
INFO: Run Behavior\ReadHtmlCacheBehavior [ RunTime:0.000662s ]
INFO: [ app_begin ] --END-- [ RunTime:0.001185s ]

[ 2016-05-12T22:04:56+08:00 ] ::1 /mall/Home/Collection/add
INFO: [ app_begin ] --START--
INFO: Run Behavior\ReadHtmlCacheBehavior [ RunTime:0.000492s ]
INFO: [ app_begin ] --END-- [ RunTime:0.000973s ]

[ 2016-05-12T22:05:03+08:00 ] ::1 /mall/Home/Cart/add
INFO: [ app_begin ] --START--
INFO: Run Behavior\ReadHtmlCacheBehavior [ RunTime:0.000669s ]
INFO: [ app_begin ] --END-- [ RunTime:0.001512s ]

[ 2016-05-12T22:58:03+08:00 ] ::1 /mall/Home/Passport/login
INFO: [ app_begin ] --START--
INFO: Run Behavior\ReadHtmlCacheBehavior [ RunTime:0.000616s ]
INFO: [ app_begin ] --END-- [ RunTime:0.001158s ]
NOTIC: [2048] Declaration of Think\Model\MongoModel::setInc() should be compatible with Think\Model::setInc($field, $step = 1, $lazyTime = 0) D:\xampp\htdocs\mall\ThinkPHP\Library\Think\Model\MongoModel.class.php 第 17 行.
NOTIC: [2048] Declaration of Think\Model\MongoModel::setDec() should be compatible with Think\Model::setDec($field, $step = 1, $lazyTime = 0) D:\xampp\htdocs\mall\ThinkPHP\Library\Think\Model\MongoModel.class.php 第 17 行.
NOTIC: [2048] Declaration of Think\Db\Driver\Mongo::connect() should be compatible with Think\Db\Driver::connect($config = '', $linkNum = 0, $autoConnection = false) D:\xampp\htdocs\mall\ThinkPHP\Library\Think\Db\Driver\Mongo.class.php 第 18 行.
NOTIC: [2048] Declaration of Think\Db\Driver\Mongo::insertAll() should be compatible with Think\Db\Driver::insertAll($dataSet, $options = Array, $replace = false) D:\xampp\htdocs\mall\ThinkPHP\Library\Think\Db\Driver\Mongo.class.php 第 18 行.
SQL: tp_mall.getCollection(user) [ RunTime:0.0000s ]
SQL: tp_mall.user.find({"username":"test123"}).limit(1) [ RunTime:0.0000s ]
NOTIC: [2] urlencode() expects parameter 1 to be string, array given D:\xampp\htdocs\mall\ThinkPHP\Common\functions.php 第 1414 行.
NOTIC: [2] urlencode() expects parameter 1 to be string, array given D:\xampp\htdocs\mall\ThinkPHP\Common\functions.php 第 1414 行.
INFO: [ app_end ] --START--
INFO: Run Behavior\ShowPageTraceBehavior [ RunTime:0.001076s ]
INFO: [ app_end ] --END-- [ RunTime:0.001176s ]

