[ 2016-03-15T13:17:41+08:00 ] ::1 /shop/Public/js/base.js
ERR: 无法加载模块:Public

ublic

[ 2016-03-15T13:17:49+08:00 ] ::1 /shop/Public/js/jquery-1.12.0.js
ERR: 无法加载模块:Public

[ 2016-03-15T13:17:49+08:00 ] ::1 /shop/Public/js/jquery.validate.js
ERR: 无法加载模块:Public

[ 2016-03-15T13:17:49+08:00 ] ::1 /shop/Public/js/base.js
ERR: 无法加载模块:Public

[ 2016-03-15T13:18:31+08:00 ] ::1 /shop/Public/Common/js/base.js
ERR: 无法加载模块:Public

[ 2016-03-15T13:18:31+08:00 ] ::1 /shop/Public/Common/js/jquery-1.12.0.js
ERR: 无法加载模块:Public

[ 2016-03-15T13:18:31+08:00 ] ::1 /shop/Public/Common/js/jquery.validate.js
ERR: 无法加载模块:Public

[ 2016-03-15T13:19:13+08:00 ] ::1 /shop/Public/Common/js/jquery-1.12.0.js
ERR: 无法加载模块:Public

[ 2016-03-15T13:19:13+08:00 ] ::1 /shop/Public/Common/js/jquery.validate.js
ERR: 无法加载模块:Public

[ 2016-03-15T13:19:13+08:00 ] ::1 /shop/Public/Common/js/base.js
ERR: 无法加载模块:Public

[ 2016-03-15T14:11:03+08:00 ] ::1 /shop/test
ERR: 无法加载模块:Test

[ 2016-03-15T14:25:06+08:00 ] ::1 /shop/Public/Common/js/jquery-1.12.0.js
ERR: 无法加载模块:Public

[ 2016-03-15T14:25:06+08:00 ] ::1 /shop/Public/Common/js/base.js
ERR: 无法加载模块:Public

[ 2016-03-15T14:25:06+08:00 ] ::1 /shop/Public/Common/js/jquery.validate.js
ERR: 无法加载模块:Public

[ 2016-03-15T14:27:58+08:00 ] ::1 /shop/Public/Common/js/jquery-1.12.0.js
ERR: 无法加载模块:Public

[ 2016-03-15T14:27:58+08:00 ] ::1 /shop/Public/Common/js/jquery.validate.js
ERR: 无法加载模块:Public

[ 2016-03-15T14:27:58+08:00 ] ::1 /shop/Public/Common/js/base.js
ERR: 无法加载模块:Public

[ 2016-03-15T14:32:33+08:00 ] ::1 /shop/Public/Common/js/jquery-1.12.0.js
ERR: 无法加载模块:Public

[ 2016-03-15T14:32:33+08:00 ] ::1 /shop/Public/Common/js/base.js
ERR: 无法加载模块:Public

[ 2016-03-15T14:32:33+08:00 ] ::1 /shop/Public/Common/js/jquery.validate.js
ERR: 无法加载模块:Public

[ 2016-03-15T14:34:16+08:00 ] ::1 /shop/Public/Common/js/jquery-1.12.0.js
ERR: 无法加载模块:Public

[ 2016-03-15T14:34:16+08:00 ] ::1 /shop/Public/Common/js/jquery.validate.js
ERR: 无法加载模块:Public

[ 2016-03-15T14:34:16+08:00 ] ::1 /shop/Public/Common/js/base.js
ERR: 无法加载模块:Public

[ 2016-03-15T14:47:47+08:00 ] ::1 /shop/Public/js/base.js
ERR: 无法加载模块:Public

[ 2016-03-15T14:47:47+08:00 ] ::1 /shop/Public/js/jquery-1.12.0.js
ERR: 无法加载模块:Public

[ 2016-03-15T15:02:08+08:00 ] ::1 /shop/Public/js/jquery-1.12.0.js
ERR: 无法加载模块:Public

[ 2016-03-15T15:02:08+08:00 ] ::1 /shop/Public/js/base.js
ERR: 无法加载模块:Public

[ 2016-03-15T15:03:32+08:00 ] ::1 /shop/Public/js/jquery-1.12.0.js
ERR: 无法加载模块:Public

[ 2016-03-15T15:03:32+08:00 ] ::1 /shop/Public/js/base.js
ERR: 无法加载模块:Public

[ 2016-03-15T15:09:08+08:00 ] ::1 /shop/Public/js/jquery-1.12.0.js
ERR: 无法加载模块:Public

[ 2016-03-15T15:09:08+08:00 ] ::1 /shop/Public/js/base.js
ERR: 无法加载模块:Public

[ 2016-03-15T15:10:43+08:00 ] ::1 /shop/Public/js/base.js
ERR: 无法加载模块:Public

[ 2016-03-15T15:10:43+08:00 ] ::1 /shop/Public/js/jquery-1.12.0.js
ERR: 无法加载模块:Public

[ 2016-03-15T15:17:49+08:00 ] ::1 /shop/Public/js/jquery-1.12.0.js
ERR: 无法加载模块:Public

[ 2016-03-15T15:17:49+08:00 ] ::1 /shop/Public/js/base.js
ERR: 无法加载模块:Public

[ 2016-03-15T16:11:49+08:00 ] ::1 /shop/item/3
ERR: 无法加载模块:Items

[ 2016-03-15T16:11:50+08:00 ] ::1 /shop/item/3
ERR: 无法加载模块:Items

[ 2016-03-15T16:11:50+08:00 ] ::1 /shop/item/3
ERR: 无法加载模块:Items

[ 2016-03-15T16:11:51+08:00 ] ::1 /shop/item/3
ERR: 无法加载模块:Items

[ 2016-03-15T16:11:51+08:00 ] ::1 /shop/item/3
ERR: 无法加载模块:Items

[ 2016-03-15T16:11:51+08:00 ] ::1 /shop/item/3
ERR: 无法加载模块:Items

[ 2016-03-15T16:11:51+08:00 ] ::1 /shop/item/3
ERR: 无法加载模块:Items

[ 2016-03-15T16:12:18+08:00 ] ::1 /shop/item/3
ERR: 无法加载模块:Items

[ 2016-03-15T16:12:19+08:00 ] ::1 /shop/item/3
ERR: 无法加载模块:Items

[ 2016-03-15T16:12:19+08:00 ] ::1 /shop/item/3
ERR: 无法加载模块:Items

[ 2016-03-15T16:12:20+08:00 ] ::1 /shop/item/3
ERR: 无法加载模块:Items

[ 2016-03-15T16:12:54+08:00 ] ::1 /shop/item/3
ERR: 无法加载模块:Items

[ 2016-03-15T16:12:55+08:00 ] ::1 /shop/item/3
ERR: 无法加载模块:Items

[ 2016-03-15T16:12:56+08:00 ] ::1 /shop/item/3
ERR: 无法加载模块:Items

[ 2016-03-15T16:13:20+08:00 ] ::1 /shop/item/3
ERR: 无法加载模块:Items

[ 2016-03-15T16:13:21+08:00 ] ::1 /shop/item/3
ERR: 无法加载模块:Items

[ 2016-03-15T16:13:22+08:00 ] ::1 /shop/item/3
ERR: 无法加载模块:Items

[ 2016-03-15T16:13:27+08:00 ] ::1 /shop/item/3
ERR: 无法加载模块:Items

[ 2016-03-15T16:13:40+08:00 ] ::1 /shop/item/3
ERR: 无法加载模块:Items

[ 2016-03-15T16:13:41+08:00 ] ::1 /shop/item/3
ERR: 无法加载模块:Items

[ 2016-03-15T16:13:42+08:00 ] ::1 /shop/item/3
ERR: 无法加载模块:Items

[ 2016-03-15T16:13:42+08:00 ] ::1 /shop/item/3
ERR: 无法加载模块:Items

[ 2016-03-15T16:13:42+08:00 ] ::1 /shop/item/3
ERR: 无法加载模块:Items

[ 2016-03-15T16:13:54+08:00 ] ::1 /shop/item
ERR: 无法加载模块:Item

[ 2016-03-15T16:13:59+08:00 ] ::1 /shop/Public/js/jquery-1.12.0.js
ERR: 无法加载模块:Public

[ 2016-03-15T16:13:59+08:00 ] ::1 /shop/Public/js/base.js
ERR: 无法加载模块:Public

[ 2016-03-15T16:14:49+08:00 ] ::1 /shop/item/3
ERR: 无法加载模块:Items

[ 2016-03-15T16:14:49+08:00 ] ::1 /shop/item/3
ERR: 无法加载模块:Items

[ 2016-03-15T16:14:50+08:00 ] ::1 /shop/item/3
ERR: 无法加载模块:Items

[ 2016-03-15T16:14:52+08:00 ] ::1 /shop/Public/js/jquery-1.12.0.js
ERR: 无法加载模块:Public

[ 2016-03-15T16:14:52+08:00 ] ::1 /shop/Public/js/base.js
ERR: 无法加载模块:Public

[ 2016-03-15T16:14:55+08:00 ] ::1 /shop/item
ERR: 无法加载模块:Items

[ 2016-03-15T16:15:44+08:00 ] ::1 /shop/item
ERR: 无法加载模块:Item

[ 2016-03-15T16:15:48+08:00 ] ::1 /shop/item/
ERR: 无法加载模块:Item

[ 2016-03-15T16:16:07+08:00 ] ::1 /shop/item/
ERR: 无法加载模块:Item

[ 2016-03-15T16:18:06+08:00 ] ::1 /shop/item/
ERR: 无法加载模块:Item

[ 2016-03-15T16:59:18+08:00 ] ::1 /shop/Public/Common/items/test/2.jpg
ERR: 无法加载模块:Public

[ 2016-03-15T16:59:18+08:00 ] ::1 /shop/Public/Common/items/test/1.jpg
ERR: 无法加载模块:Public

[ 2016-03-15T16:59:18+08:00 ] ::1 /shop/Public/Common/items/test/3.jpg
ERR: 无法加载模块:Public

