[ 2016-03-14T10:53:21+08:00 ] ::1 /shop/Public/Common/images/1.jpg
ERR: 无法加载模块:Public

[ 2016-03-14T10:53:21+08:00 ] ::1 /shop/Public/Common/images/2.jpg
ERR: 无法加载模块:Public

[ 2016-03-14T10:53:21+08:00 ] ::1 /shop/Public/Common/images/4c.jpg
ERR: 无法加载模块:Public

[ 2016-03-14T10:53:21+08:00 ] ::1 /shop/Public/Common/images/icon-slides.png
ERR: 无法加载模块:Public

[ 2016-03-14T10:54:23+08:00 ] ::1 /shop/Public/Common/images/mi-logo.jpg
ERR: 无法加载模块:Public

[ 2016-03-14T10:54:23+08:00 ] ::1 /shop/Public/Common/images/1.jpg
ERR: 无法加载模块:Public

[ 2016-03-14T10:54:23+08:00 ] ::1 /shop/Public/Common/images/4c.jpg
ERR: 无法加载模块:Public

[ 2016-03-14T10:54:23+08:00 ] ::1 /shop/Public/Common/images/2.jpg
ERR: 无法加载模块:Public

[ 2016-03-14T10:59:26+08:00 ] ::1 /shop/passport/tologin
ERR: 无法加载模块:Passport

[ 2016-03-14T11:00:06+08:00 ] ::1 /shop/Public/css/common.css
ERR: 无法加载模块:Public

[ 2016-03-14T11:00:06+08:00 ] ::1 /shop/Public/css/header.css
ERR: 无法加载模块:Public

[ 2016-03-14T11:00:06+08:00 ] ::1 /shop/Public/css/login.css
ERR: 无法加载模块:Public

[ 2016-03-14T11:00:06+08:00 ] ::1 /shop/Public/images/login/login-logo.jpg
ERR: 无法加载模块:Public

[ 2016-03-14T11:00:06+08:00 ] ::1 /shop/Public/js/jquery-1.12.0.js
ERR: 无法加载模块:Public

[ 2016-03-14T11:00:06+08:00 ] ::1 /shop/Public/js/base.js
ERR: 无法加载模块:Public

[ 2016-03-14T11:00:41+08:00 ] ::1 /shop/Public/js/jquery-1.12.0.js
ERR: 无法加载模块:Public

[ 2016-03-14T11:00:41+08:00 ] ::1 /shop/Public/js/base.js
ERR: 无法加载模块:Public

[ 2016-03-14T11:04:34+08:00 ] ::1 /shop/Public/js/jquery-1.12.0.js
ERR: 无法加载模块:Public

[ 2016-03-14T11:04:34+08:00 ] ::1 /shop/Public/js/base.js
ERR: 无法加载模块:Public

[ 2016-03-14T11:06:45+08:00 ] ::1 /shop/Public/js/base.js
ERR: 无法加载模块:Public

[ 2016-03-14T11:06:45+08:00 ] ::1 /shop/Public/js/jquery-1.12.0.js
ERR: 无法加载模块:Public

[ 2016-03-14T11:08:13+08:00 ] ::1 /shop/Public/js/base.js
ERR: 无法加载模块:Public

[ 2016-03-14T11:08:13+08:00 ] ::1 /shop/Public/js/jquery-1.12.0.js
ERR: 无法加载模块:Public

[ 2016-03-14T11:08:33+08:00 ] ::1 /shop/Public/js/jquery-1.12.0.js
ERR: 无法加载模块:Public

[ 2016-03-14T11:09:04+08:00 ] ::1 /shop/Public/js/jquery-1.12.0.js
ERR: 无法加载模块:Public

[ 2016-03-14T11:09:04+08:00 ] ::1 /shop/Public/js/base.js
ERR: 无法加载模块:Public

[ 2016-03-14T11:09:37+08:00 ] ::1 /shop/Public/js/jquery-1.12.0.js
ERR: 无法加载模块:Public

[ 2016-03-14T11:09:37+08:00 ] ::1 /shop/Public/js/base.js
ERR: 无法加载模块:Public

[ 2016-03-14T11:10:26+08:00 ] ::1 /shop/Public/js/base.js
ERR: 无法加载模块:Public

[ 2016-03-14T11:10:26+08:00 ] ::1 /shop/Public/js/jquery-1.12.0.js
ERR: 无法加载模块:Public

[ 2016-03-14T11:10:54+08:00 ] ::1 /shop/Public/js/jquery-1.12.0.js
ERR: 无法加载模块:Public

[ 2016-03-14T11:10:54+08:00 ] ::1 /shop/Public/js/base.js
ERR: 无法加载模块:Public

[ 2016-03-14T11:11:18+08:00 ] ::1 /shop/Public/js/jquery-1.12.0.js
ERR: 无法加载模块:Public

[ 2016-03-14T11:11:37+08:00 ] ::1 /shop/Public/js/jquery-1.12.0.js
ERR: 无法加载模块:Public

[ 2016-03-14T11:11:37+08:00 ] ::1 /shop/Public/js/base.js
ERR: 无法加载模块:Public

[ 2016-03-14T11:12:05+08:00 ] ::1 /shop/Public/js/jquery-1.12.0.js
ERR: 无法加载模块:Public

[ 2016-03-14T11:12:05+08:00 ] ::1 /shop/Public/js/base.js
ERR: 无法加载模块:Public

[ 2016-03-14T11:12:19+08:00 ] ::1 /shop/Public/js/base.js
ERR: 无法加载模块:Public

ublic

[ 2016-03-14T11:14:42+08:00 ] ::1 /shop/Public/js/jquery-1.12.0.js
ERR: 无法加载模块:Public

[ 2016-03-14T11:14:42+08:00 ] ::1 /shop/Public/js/base.js
ERR: 无法加载模块:Public

[ 2016-03-14T11:22:23+08:00 ] ::1 /shop/Public/js/jquery-1.12.0.js
ERR: 无法加载模块:Public

[ 2016-03-14T11:22:23+08:00 ] ::1 /shop/Public/js/base.js
ERR: 无法加载模块:Public

[ 2016-03-14T11:24:45+08:00 ] ::1 /shop/Public/js/base.js
ERR: 无法加载模块:Public

[ 2016-03-14T11:24:45+08:00 ] ::1 /shop/Public/js/jquery-1.12.0.js
ERR: 无法加载模块:Public

[ 2016-03-14T11:28:19+08:00 ] ::1 /shop/Public/js/jquery-1.12.0.js
ERR: 无法加载模块:Public

[ 2016-03-14T11:28:19+08:00 ] ::1 /shop/Public/js/base.js
ERR: 无法加载模块:Public

[ 2016-03-14T11:31:17+08:00 ] ::1 /shop/Public/js/base.js
ERR: 无法加载模块:Public

[ 2016-03-14T11:31:17+08:00 ] ::1 /shop/Public/js/jquery-1.12.0.js
ERR: 无法加载模块:Public

[ 2016-03-14T11:36:35+08:00 ] ::1 /shop/Public/js/base.js
ERR: 无法加载模块:Public

[ 2016-03-14T11:36:35+08:00 ] ::1 /shop/Public/js/jquery-1.12.0.js
ERR: 无法加载模块:Public

[ 2016-03-14T11:36:36+08:00 ] ::1 /shop/Public/js/jquery-1.12.0.js
ERR: 无法加载模块:Public

[ 2016-03-14T11:36:36+08:00 ] ::1 /shop/Public/js/base.js
ERR: 无法加载模块:Public

[ 2016-03-14T11:36:37+08:00 ] ::1 /shop/Public/js/jquery-1.12.0.js
ERR: 无法加载模块:Public

[ 2016-03-14T11:36:37+08:00 ] ::1 /shop/Public/js/base.js
ERR: 无法加载模块:Public

[ 2016-03-14T11:37:01+08:00 ] ::1 /shop/Public/js/jquery-1.12.0.js
ERR: 无法加载模块:Public

[ 2016-03-14T11:37:01+08:00 ] ::1 /shop/Public/js/base.js
ERR: 无法加载模块:Public

[ 2016-03-14T11:37:02+08:00 ] ::1 /shop/Public/js/jquery-1.12.0.js
ERR: 无法加载模块:Public

[ 2016-03-14T11:37:02+08:00 ] ::1 /shop/Public/js/base.js
ERR: 无法加载模块:Public

[ 2016-03-14T11:37:29+08:00 ] ::1 /shop/Public/js/jquery-1.12.0.js
ERR: 无法加载模块:Public

[ 2016-03-14T11:37:29+08:00 ] ::1 /shop/Public/js/base.js
ERR: 无法加载模块:Public

[ 2016-03-14T11:38:40+08:00 ] ::1 /shop/Public/js/jquery-1.12.0.js
ERR: 无法加载模块:Public

[ 2016-03-14T11:38:40+08:00 ] ::1 /shop/Public/js/base.js
ERR: 无法加载模块:Public

[ 2016-03-14T11:40:01+08:00 ] ::1 /shop/Public/js/jquery-1.12.0.js
ERR: 无法加载模块:Public

[ 2016-03-14T11:40:01+08:00 ] ::1 /shop/Public/js/base.js
ERR: 无法加载模块:Public

[ 2016-03-14T11:40:15+08:00 ] ::1 /shop/Public/js/jquery-1.12.0.js
ERR: 无法加载模块:Public

[ 2016-03-14T11:40:15+08:00 ] ::1 /shop/Public/js/base.js
ERR: 无法加载模块:Public

[ 2016-03-14T11:41:23+08:00 ] ::1 /shop/Public/js/jquery-1.12.0.js
ERR: 无法加载模块:Public

[ 2016-03-14T11:41:23+08:00 ] ::1 /shop/Public/js/base.js
ERR: 无法加载模块:Public

[ 2016-03-14T11:41:40+08:00 ] ::1 /shop/Public/js/jquery-1.12.0.js
ERR: 无法加载模块:Public

[ 2016-03-14T11:41:40+08:00 ] ::1 /shop/Public/js/base.js
ERR: 无法加载模块:Public

[ 2016-03-14T11:43:33+08:00 ] ::1 /shop/Public/js/base.js
ERR: 无法加载模块:Public

[ 2016-03-14T11:43:33+08:00 ] ::1 /shop/Public/js/jquery-1.12.0.js
ERR: 无法加载模块:Public

[ 2016-03-14T11:43:47+08:00 ] ::1 /shop/Public/js/jquery-1.12.0.js
ERR: 无法加载模块:Public

[ 2016-03-14T11:43:47+08:00 ] ::1 /shop/Public/js/base.js
ERR: 无法加载模块:Public

[ 2016-03-14T11:45:37+08:00 ] ::1 /shop/Public/js/base.js
ERR: 无法加载模块:Public

[ 2016-03-14T11:45:37+08:00 ] ::1 /shop/Public/js/jquery-1.12.0.js
ERR: 无法加载模块:Public

[ 2016-03-14T11:45:57+08:00 ] ::1 /shop/Public/js/jquery-1.12.0.js
ERR: 无法加载模块:Public

[ 2016-03-14T11:45:57+08:00 ] ::1 /shop/Public/js/base.js
ERR: 无法加载模块:Public

[ 2016-03-14T11:47:13+08:00 ] ::1 /shop/Public/js/base.js
ERR: 无法加载模块:Public

[ 2016-03-14T11:47:13+08:00 ] ::1 /shop/Public/js/jquery-1.12.0.js
ERR: 无法加载模块:Public

[ 2016-03-14T13:02:36+08:00 ] ::1 /shop/Public/js/jquery-1.12.0.js
ERR: 无法加载模块:Public

[ 2016-03-14T13:14:02+08:00 ] ::1 /shop/Public/js/jquery-1.12.0.js
ERR: 无法加载模块:Public

[ 2016-03-14T13:14:02+08:00 ] ::1 /shop/Public/js/base.js
ERR: 无法加载模块:Public

[ 2016-03-14T13:14:29+08:00 ] ::1 /shop/Public/js/base.js
ERR: 无法加载模块:Public

[ 2016-03-14T13:14:29+08:00 ] ::1 /shop/Public/js/jquery-1.12.0.js
ERR: 无法加载模块:Public

[ 2016-03-14T13:33:19+08:00 ] ::1 /shop/Public/js/base.js
ERR: 无法加载模块:Public

[ 2016-03-14T13:33:19+08:00 ] ::1 /shop/Public/js/jquery-1.12.0.js
ERR: 无法加载模块:Public

[ 2016-03-14T13:34:44+08:00 ] ::1 /shop/Public/js/jquery-1.12.0.js
ERR: 无法加载模块:Public

[ 2016-03-14T13:34:44+08:00 ] ::1 /shop/Public/js/base.js
ERR: 无法加载模块:Public

[ 2016-03-14T13:35:18+08:00 ] ::1 /shop/Public/js/jquery-1.12.0.js
ERR: 无法加载模块:Public

[ 2016-03-14T13:35:18+08:00 ] ::1 /shop/Public/js/base.js
ERR: 无法加载模块:Public

[ 2016-03-14T13:36:01+08:00 ] ::1 /shop/Public/js/jquery-1.12.0.js
ERR: 无法加载模块:Public

[ 2016-03-14T13:36:01+08:00 ] ::1 /shop/Public/js/base.js
ERR: 无法加载模块:Public

[ 2016-03-14T13:36:03+08:00 ] ::1 /shop/Public/css/common.css
ERR: 无法加载模块:Public

[ 2016-03-14T13:36:03+08:00 ] ::1 /shop/Public/css/login.css
ERR: 无法加载模块:Public

[ 2016-03-14T13:36:03+08:00 ] ::1 /shop/Public/css/header.css
ERR: 无法加载模块:Public

[ 2016-03-14T13:36:04+08:00 ] ::1 /shop/Public/images/login/login-logo.jpg
ERR: 无法加载模块:Public

[ 2016-03-14T13:36:04+08:00 ] ::1 /shop/Public/js/jquery-1.12.0.js
ERR: 无法加载模块:Public

[ 2016-03-14T13:36:04+08:00 ] ::1 /shop/Public/js/base.js
ERR: 无法加载模块:Public

[ 2016-03-14T13:36:04+08:00 ] ::1 /shop/Public/js/jquery.validate.js
ERR: 无法加载模块:Public

[ 2016-03-14T13:38:31+08:00 ] ::1 /shop/Public/js/jquery-1.12.0.js
ERR: 无法加载模块:Public

[ 2016-03-14T13:38:31+08:00 ] ::1 /shop/Public/js/jquery.validate.js
ERR: 无法加载模块:Public

[ 2016-03-14T13:38:31+08:00 ] ::1 /shop/Public/js/base.js
ERR: 无法加载模块:Public

[ 2016-03-14T13:38:31+08:00 ] ::1 /shop/Public/images/login/login-logo.jpg
ERR: 无法加载模块:Public

[ 2016-03-14T13:39:03+08:00 ] ::1 /shop/Public/js/jquery-1.12.0.js
ERR: 无法加载模块:Public

[ 2016-03-14T13:39:03+08:00 ] ::1 /shop/Public/js/base.js
ERR: 无法加载模块:Public

[ 2016-03-14T13:39:03+08:00 ] ::1 /shop/Public/js/jquery.validate.js
ERR: 无法加载模块:Public

