[ 2016-02-14T01:04:47+08:00 ] ::1 /tp/Public/images/index/2.jpg
INFO: [ app_init ] --START--
INFO: Run Behavior\BuildLiteBehavior [ RunTime:0.000027s ]
INFO: [ app_init ] --END-- [ RunTime:0.001028s ]
ERR: 无法加载模块:Public

[ 2016-02-14T01:04:47+08:00 ] ::1 /tp/Public/images/index/1.jpg
INFO: [ app_init ] --START--
INFO: Run Behavior\BuildLiteBehavior [ RunTime:0.000023s ]
INFO: [ app_init ] --END-- [ RunTime:0.000810s ]
ERR: 无法加载模块:Public

[ 2016-02-14T01:04:47+08:00 ] ::1 /tp/Public/images/index/4.jpg
INFO: [ app_init ] --START--
INFO: Run Behavior\BuildLiteBehavior [ RunTime:0.000024s ]
INFO: [ app_init ] --END-- [ RunTime:0.000605s ]
ERR: 无法加载模块:Public

[ 2016-02-14T01:04:47+08:00 ] ::1 /tp/Public/images/index/8.jpg
INFO: [ app_init ] --START--
INFO: Run Behavior\BuildLiteBehavior [ RunTime:0.000022s ]
INFO: [ app_init ] --END-- [ RunTime:0.000692s ]
ERR: 无法加载模块:Public

[ 2016-02-14T01:04:47+08:00 ] ::1 /tp/Public/images/index/6.jpg
INFO: [ app_init ] --START--
INFO: Run Behavior\BuildLiteBehavior [ RunTime:0.000084s ]
INFO: [ app_init ] --END-- [ RunTime:0.001535s ]
ERR: 无法加载模块:Public

[ 2016-02-14T01:04:47+08:00 ] ::1 /tp/Public/images/index/7.jpg
INFO: [ app_init ] --START--
INFO: Run Behavior\BuildLiteBehavior [ RunTime:0.000687s ]
INFO: [ app_init ] --END-- [ RunTime:0.001628s ]
ERR: 无法加载模块:Public

