[ 2016-03-20T00:52:51+08:00 ] ::1 /mall/Public/%EF%BF%BD
ERR: 无法加载模块:Public

[ 2016-03-20T00:55:33+08:00 ] ::1 /mall/Public/%EF%BF%BD
ERR: 无法加载模块:Public

[ 2016-03-20T00:57:58+08:00 ] ::1 /mall/Public/2
ERR: 无法加载模块:Public

[ 2016-03-20T00:57:58+08:00 ] ::1 /mall/Public/C
ERR: 无法加载模块:Public

[ 2016-03-20T00:57:58+08:00 ] ::1 /mall/Public/%EF%BF%BD
ERR: 无法加载模块:Public

[ 2016-03-20T00:58:56+08:00 ] ::1 /mall/Public/%EF%BF%BD
ERR: 无法加载模块:Public

[ 2016-03-20T00:58:56+08:00 ] ::1 /mall/Public/C
ERR: 无法加载模块:Public

[ 2016-03-20T00:58:56+08:00 ] ::1 /mall/Public/2
ERR: 无法加载模块:Public

[ 2016-03-20T13:17:59+08:00 ] ::1 /mall/Public/Common/css/simeditor.min.css
ERR: 无法加载模块:Public

[ 2016-03-20T13:17:59+08:00 ] ::1 /mall/Public/Common/js/simeditor/upload.min.js
ERR: 无法加载模块:Public

[ 2016-03-20T13:17:59+08:00 ] ::1 /mall/Public/Common/js/simeditor/simeditor.min.js
ERR: 无法加载模块:Public

[ 2016-03-20T13:18:02+08:00 ] ::1 /mall/Public/Common/css/simeditor.min.css
ERR: 无法加载模块:Public

[ 2016-03-20T13:18:56+08:00 ] ::1 /mall/Public/Common/css/simditor.min.css
ERR: 无法加载模块:Public

[ 2016-03-20T13:18:57+08:00 ] ::1 /mall/Public/Common/js/simeditor/upload.min.js
ERR: 无法加载模块:Public

[ 2016-03-20T18:45:40+08:00 ] ::1 /mall/Public/js/jquery-1.12.0.js
ERR: 无法加载模块:Public

[ 2016-03-20T18:45:40+08:00 ] ::1 /mall/Public/js/base.js
ERR: 无法加载模块:Public

[ 2016-03-20T18:47:43+08:00 ] ::1 /mall/Public/js/jquery-1.12.0.js
ERR: 无法加载模块:Public

[ 2016-03-20T18:47:43+08:00 ] ::1 /mall/Public/js/base.js
ERR: 无法加载模块:Public

[ 2016-03-20T18:51:07+08:00 ] ::1 /mall/Public/js/jquery-1.12.0.js
ERR: 无法加载模块:Public

[ 2016-03-20T18:51:07+08:00 ] ::1 /mall/Public/js/base.js
ERR: 无法加载模块:Public

[ 2016-03-20T21:44:14+08:00 ] ::1 /mall/Public/js/base.js
ERR: 无法加载模块:Public

ublic

[ 2016-03-20T23:16:12+08:00 ] ::1 /mall/item/56ed86405bf7672018000029
ERR: 无法加载模块:Item

