[ 2016-03-18T09:52:54+08:00 ] ::1 /mall/Public/js/jquery-1.12.0.js
ERR: 无法加载模块:Public

[ 2016-03-18T09:52:54+08:00 ] ::1 /mall/Public/js/base.js
ERR: 无法加载模块:Public

[ 2016-03-18T09:54:43+08:00 ] ::1 /mall/Public/js/jquery-1.12.0.js
ERR: 无法加载模块:Public

[ 2016-03-18T09:54:43+08:00 ] ::1 /mall/Public/js/base.js
ERR: 无法加载模块:Public

[ 2016-03-18T09:54:46+08:00 ] ::1 /mall/Public/js/base.js
ERR: 无法加载模块:Public

[ 2016-03-18T09:54:46+08:00 ] ::1 /mall/Public/js/jquery-1.12.0.js
ERR: 无法加载模块:Public

[ 2016-03-18T09:55:28+08:00 ] ::1 /mall/Public/js/base.js
ERR: 无法加载模块:Public

[ 2016-03-18T09:55:28+08:00 ] ::1 /mall/Public/js/jquery-1.12.0.js
ERR: 无法加载模块:Public

[ 2016-03-18T09:56:39+08:00 ] ::1 /mall/Public/Common/js/jquery-1.12.0.js
ERR: 无法加载模块:Public

[ 2016-03-18T09:56:39+08:00 ] ::1 /mall/Public/Common/js/jquery.validate.js
ERR: 无法加载模块:Public

[ 2016-03-18T09:56:39+08:00 ] ::1 /mall/Public/Common/js/base.js
ERR: 无法加载模块:Public

