[ 2016-03-31T00:23:39+08:00 ] ::1 /mall/Public/Admin/sb/js/jquery.min.map
ERR: 无法加载模块:Public

[ 2016-03-31T00:23:39+08:00 ] ::1 /mall/Public/Admin/sb/css/bootstrap.min.css.map
ERR: 无法加载模块:Public

[ 2016-03-31T20:50:35+08:00 ] ::1 /mall/item_add
ERR: 无法加载模块:Item_add

[ 2016-03-31T20:51:10+08:00 ] ::1 /mall/item_add
ERR: 无法加载模块:Item_add

[ 2016-03-31T20:52:22+08:00 ] ::1 /mall/Public/Admin/sb/css/bootstrap.min.css.map
ERR: 无法加载模块:Public

[ 2016-03-31T20:52:22+08:00 ] ::1 /mall/Public/Admin/sb/js/jquery.min.map
ERR: 无法加载模块:Public

[ 2016-03-31T20:53:05+08:00 ] ::1 /mall/Public/Admin/sb/css/bootstrap.min.css.map
ERR: 无法加载模块:Public

[ 2016-03-31T20:53:05+08:00 ] ::1 /mall/Public/Admin/sb/js/jquery.min.map
ERR: 无法加载模块:Public

[ 2016-03-31T20:53:15+08:00 ] ::1 /mall/Public/Admin/sb/css/bootstrap.min.css.map
ERR: 无法加载模块:Public

[ 2016-03-31T20:53:15+08:00 ] ::1 /mall/Public/Admin/sb/js/jquery.min.map
ERR: 无法加载模块:Public

[ 2016-03-31T20:53:18+08:00 ] ::1 /mall/Public/Admin/sb/css/bootstrap.min.css.map
ERR: 无法加载模块:Public

[ 2016-03-31T20:53:19+08:00 ] ::1 /mall/Public/Admin/sb/js/jquery.min.map
ERR: 无法加载模块:Public

[ 2016-03-31T20:53:23+08:00 ] ::1 /mall/Public/Admin/sb/css/bootstrap.min.css.map
ERR: 无法加载模块:Public

[ 2016-03-31T20:53:23+08:00 ] ::1 /mall/Public/Admin/sb/js/jquery.min.map
ERR: 无法加载模块:Public

[ 2016-03-31T20:53:27+08:00 ] ::1 /mall/Public/Admin/sb/css/bootstrap.min.css.map
ERR: 无法加载模块:Public

[ 2016-03-31T20:53:28+08:00 ] ::1 /mall/Public/Admin/sb/js/jquery.min.map
ERR: 无法加载模块:Public

[ 2016-03-31T20:56:52+08:00 ] ::1 /mall/Public/Admin/sb/css/bootstrap.min.css.map
ERR: 无法加载模块:Public

[ 2016-03-31T20:56:52+08:00 ] ::1 /mall/Public/Admin/sb/js/jquery.min.map
ERR: 无法加载模块:Public

[ 2016-03-31T20:58:21+08:00 ] ::1 /mall/Public/Admin/sb/js/jquery.min.map
ERR: 无法加载模块:Public

[ 2016-03-31T20:58:21+08:00 ] ::1 /mall/Public/Admin/sb/css/bootstrap.min.css.map
ERR: 无法加载模块:Public

[ 2016-03-31T21:06:50+08:00 ] ::1 /mall/Public/Admin/sb/css/bootstrap.min.css.map
ERR: 无法加载模块:Public

[ 2016-03-31T21:06:50+08:00 ] ::1 /mall/Public/Admin/sb/js/jquery.min.map
ERR: 无法加载模块:Public

[ 2016-03-31T21:12:33+08:00 ] ::1 /mall/Public/Admin/sb/js/jquery.min.map
ERR: 无法加载模块:Public

[ 2016-03-31T21:12:33+08:00 ] ::1 /mall/Public/Admin/sb/css/bootstrap.min.css.map
ERR: 无法加载模块:Public

[ 2016-03-31T21:15:06+08:00 ] ::1 /mall/Public/Admin/sb/css/bootstrap.min.css.map
ERR: 无法加载模块:Public

[ 2016-03-31T21:15:06+08:00 ] ::1 /mall/Public/Admin/sb/js/jquery.min.map
ERR: 无法加载模块:Public

[ 2016-03-31T21:15:08+08:00 ] ::1 /mall/Public/Admin/sb/css/bootstrap.min.css.map
ERR: 无法加载模块:Public

[ 2016-03-31T21:15:09+08:00 ] ::1 /mall/Public/Admin/sb/js/jquery.min.map
ERR: 无法加载模块:Public

[ 2016-03-31T21:16:01+08:00 ] ::1 /mall/Public/Admin/sb/css/bootstrap.min.css.map
ERR: 无法加载模块:Public

[ 2016-03-31T21:16:01+08:00 ] ::1 /mall/Public/Admin/sb/js/jquery.min.map
ERR: 无法加载模块:Public

