[ 2016-03-24T00:03:06+08:00 ] ::1 /mall/Admin
ERR: 无法加载控制器:Index

[ 2016-03-24T00:05:24+08:00 ] ::1 /mall/Admin/login
ERR: 无法加载控制器:Login

[ 2016-03-24T00:05:40+08:00 ] ::1 /mall/Admin/login
ERR: 无法加载控制器:Passport

[ 2016-03-24T00:15:59+08:00 ] ::1 /mall/Admin/Passport/login
INFO: [ app_begin ] --START--
INFO: Run Behavior\ReadHtmlCacheBehavior [ RunTime:0.000798s ]
INFO: [ app_begin ] --END-- [ RunTime:0.001362s ]
NOTIC: [2048] Declaration of Think\Model\MongoModel::setInc() should be compatible with Think\Model::setInc($field, $step = 1, $lazyTime = 0) D:\xampp\htdocs\mall\ThinkPHP\Library\Think\Model\MongoModel.class.php 第 17 行.
NOTIC: [2048] Declaration of Think\Model\MongoModel::setDec() should be compatible with Think\Model::setDec($field, $step = 1, $lazyTime = 0) D:\xampp\htdocs\mall\ThinkPHP\Library\Think\Model\MongoModel.class.php 第 17 行.
NOTIC: [2048] Declaration of Think\Db\Driver\Mongo::connect() should be compatible with Think\Db\Driver::connect($config = '', $linkNum = 0, $autoConnection = false) D:\xampp\htdocs\mall\ThinkPHP\Library\Think\Db\Driver\Mongo.class.php 第 18 行.
NOTIC: [2048] Declaration of Think\Db\Driver\Mongo::insertAll() should be compatible with Think\Db\Driver::insertAll($dataSet, $options = Array, $replace = false) D:\xampp\htdocs\mall\ThinkPHP\Library\Think\Db\Driver\Mongo.class.php 第 18 行.
SQL: tp_mall.getCollection(user) [ RunTime:0.0001s ]
SQL: tp_mall.user.find({"username":"asdfasdf@45646.com"}).limit(1) [ RunTime:0.0001s ]
NOTIC: [8] Undefined variable: resultSet2 D:\xampp\htdocs\mall\ThinkPHP\Library\Think\Db\Driver\Mongo.class.php 第 420 行.
NOTIC: [2] array_shift() expects parameter 1 to be array, null given D:\xampp\htdocs\mall\ThinkPHP\Library\Think\Db\Driver\Mongo.class.php 第 435 行.
INFO: [ app_end ] --START--
INFO: Run Behavior\ShowPageTraceBehavior [ RunTime:0.002638s ]
INFO: [ app_end ] --END-- [ RunTime:0.002815s ]

[ 2016-03-24T00:16:14+08:00 ] ::1 /mall/Admin/Passport/login
INFO: [ app_begin ] --START--
INFO: Run Behavior\ReadHtmlCacheBehavior [ RunTime:0.000497s ]
INFO: [ app_begin ] --END-- [ RunTime:0.000983s ]
NOTIC: [2048] Declaration of Think\Model\MongoModel::setInc() should be compatible with Think\Model::setInc($field, $step = 1, $lazyTime = 0) D:\xampp\htdocs\mall\ThinkPHP\Library\Think\Model\MongoModel.class.php 第 17 行.
NOTIC: [2048] Declaration of Think\Model\MongoModel::setDec() should be compatible with Think\Model::setDec($field, $step = 1, $lazyTime = 0) D:\xampp\htdocs\mall\ThinkPHP\Library\Think\Model\MongoModel.class.php 第 17 行.
NOTIC: [2048] Declaration of Think\Db\Driver\Mongo::connect() should be compatible with Think\Db\Driver::connect($config = '', $linkNum = 0, $autoConnection = false) D:\xampp\htdocs\mall\ThinkPHP\Library\Think\Db\Driver\Mongo.class.php 第 18 行.
NOTIC: [2048] Declaration of Think\Db\Driver\Mongo::insertAll() should be compatible with Think\Db\Driver::insertAll($dataSet, $options = Array, $replace = false) D:\xampp\htdocs\mall\ThinkPHP\Library\Think\Db\Driver\Mongo.class.php 第 18 行.
SQL: tp_mall.getCollection(user) [ RunTime:0.0001s ]
SQL: tp_mall.user.find({"username":"adlkasdjfklasjdfklj"}).limit(1) [ RunTime:0.0001s ]
NOTIC: [2] Illegal string offset 'usertype' D:\xampp\htdocs\mall\Application\Admin\Controller\PassportController.class.php 第 43 行.
INFO: [ app_end ] --START--
INFO: Run Behavior\ShowPageTraceBehavior [ RunTime:0.002679s ]
INFO: [ app_end ] --END-- [ RunTime:0.002912s ]

[ 2016-03-24T00:16:21+08:00 ] ::1 /mall/Admin/Passport/login
INFO: [ app_begin ] --START--
INFO: Run Behavior\ReadHtmlCacheBehavior [ RunTime:0.000491s ]
INFO: [ app_begin ] --END-- [ RunTime:0.000985s ]
NOTIC: [2048] Declaration of Think\Model\MongoModel::setInc() should be compatible with Think\Model::setInc($field, $step = 1, $lazyTime = 0) D:\xampp\htdocs\mall\ThinkPHP\Library\Think\Model\MongoModel.class.php 第 17 行.
NOTIC: [2048] Declaration of Think\Model\MongoModel::setDec() should be compatible with Think\Model::setDec($field, $step = 1, $lazyTime = 0) D:\xampp\htdocs\mall\ThinkPHP\Library\Think\Model\MongoModel.class.php 第 17 行.
NOTIC: [2048] Declaration of Think\Db\Driver\Mongo::connect() should be compatible with Think\Db\Driver::connect($config = '', $linkNum = 0, $autoConnection = false) D:\xampp\htdocs\mall\ThinkPHP\Library\Think\Db\Driver\Mongo.class.php 第 18 行.
NOTIC: [2048] Declaration of Think\Db\Driver\Mongo::insertAll() should be compatible with Think\Db\Driver::insertAll($dataSet, $options = Array, $replace = false) D:\xampp\htdocs\mall\ThinkPHP\Library\Think\Db\Driver\Mongo.class.php 第 18 行.
SQL: tp_mall.getCollection(user) [ RunTime:0.0001s ]
SQL: tp_mall.user.find({"username":"admin"}).limit(1) [ RunTime:0.0001s ]
NOTIC: [2] Illegal string offset 'usertype' D:\xampp\htdocs\mall\Application\Admin\Controller\PassportController.class.php 第 43 行.
INFO: [ app_end ] --START--
INFO: Run Behavior\ShowPageTraceBehavior [ RunTime:0.002600s ]
INFO: [ app_end ] --END-- [ RunTime:0.002844s ]

[ 2016-03-24T00:16:27+08:00 ] ::1 /mall/Admin/Passport/login
INFO: [ app_begin ] --START--
INFO: Run Behavior\ReadHtmlCacheBehavior [ RunTime:0.000461s ]
INFO: [ app_begin ] --END-- [ RunTime:0.000914s ]
NOTIC: [2048] Declaration of Think\Model\MongoModel::setInc() should be compatible with Think\Model::setInc($field, $step = 1, $lazyTime = 0) D:\xampp\htdocs\mall\ThinkPHP\Library\Think\Model\MongoModel.class.php 第 17 行.
NOTIC: [2048] Declaration of Think\Model\MongoModel::setDec() should be compatible with Think\Model::setDec($field, $step = 1, $lazyTime = 0) D:\xampp\htdocs\mall\ThinkPHP\Library\Think\Model\MongoModel.class.php 第 17 行.
NOTIC: [2048] Declaration of Think\Db\Driver\Mongo::connect() should be compatible with Think\Db\Driver::connect($config = '', $linkNum = 0, $autoConnection = false) D:\xampp\htdocs\mall\ThinkPHP\Library\Think\Db\Driver\Mongo.class.php 第 18 行.
NOTIC: [2048] Declaration of Think\Db\Driver\Mongo::insertAll() should be compatible with Think\Db\Driver::insertAll($dataSet, $options = Array, $replace = false) D:\xampp\htdocs\mall\ThinkPHP\Library\Think\Db\Driver\Mongo.class.php 第 18 行.
SQL: tp_mall.getCollection(user) [ RunTime:0.0001s ]
SQL: tp_mall.user.find({"username":"admin"}).limit(1) [ RunTime:0.0001s ]
NOTIC: [2] Illegal string offset 'usertype' D:\xampp\htdocs\mall\Application\Admin\Controller\PassportController.class.php 第 43 行.
INFO: [ app_end ] --START--
INFO: Run Behavior\ShowPageTraceBehavior [ RunTime:0.001953s ]
INFO: [ app_end ] --END-- [ RunTime:0.002102s ]

[ 2016-03-24T00:17:04+08:00 ] ::1 /mall/Admin/Passport/login
INFO: [ app_begin ] --START--
INFO: Run Behavior\ReadHtmlCacheBehavior [ RunTime:0.000492s ]
INFO: [ app_begin ] --END-- [ RunTime:0.000977s ]
NOTIC: [2048] Declaration of Think\Model\MongoModel::setInc() should be compatible with Think\Model::setInc($field, $step = 1, $lazyTime = 0) D:\xampp\htdocs\mall\ThinkPHP\Library\Think\Model\MongoModel.class.php 第 17 行.
NOTIC: [2048] Declaration of Think\Model\MongoModel::setDec() should be compatible with Think\Model::setDec($field, $step = 1, $lazyTime = 0) D:\xampp\htdocs\mall\ThinkPHP\Library\Think\Model\MongoModel.class.php 第 17 行.
NOTIC: [2048] Declaration of Think\Db\Driver\Mongo::connect() should be compatible with Think\Db\Driver::connect($config = '', $linkNum = 0, $autoConnection = false) D:\xampp\htdocs\mall\ThinkPHP\Library\Think\Db\Driver\Mongo.class.php 第 18 行.
NOTIC: [2048] Declaration of Think\Db\Driver\Mongo::insertAll() should be compatible with Think\Db\Driver::insertAll($dataSet, $options = Array, $replace = false) D:\xampp\htdocs\mall\ThinkPHP\Library\Think\Db\Driver\Mongo.class.php 第 18 行.
SQL: tp_mall.getCollection(user) [ RunTime:0.0001s ]
SQL: tp_mall.user.find({"username":"admin"}).limit(1) [ RunTime:0.0001s ]
INFO: [ app_end ] --START--
INFO: Run Behavior\ShowPageTraceBehavior [ RunTime:0.002021s ]
INFO: [ app_end ] --END-- [ RunTime:0.002231s ]

